Log file open, 12/10/18 19:35:18
LogWindows: Failed to load 'aqProf.dll' (GetLastError=126)
LogWindows: File 'aqProf.dll' does not exist
LogWindows: Failed to load 'VtuneApi.dll' (GetLastError=126)
LogWindows: File 'VtuneApi.dll' does not exist
LogWindows: Failed to load 'VtuneApi32e.dll' (GetLastError=126)
LogWindows: File 'VtuneApi32e.dll' does not exist
LogConsoleResponse: Display: Failed to find resolution value strings in scalability ini. Falling back to default.
LogInit: Display: Running engine for game: BuildingEscape
LogPakFile: Registered encryption key '00000000000000000000000000000000': 0 pak files mounted, 0 remain pending
LogPlatformFile: Not using cached read wrapper
LogTaskGraph: Started task graph with 5 named threads and 20 total threads with 3 sets of task threads.
LogStats: Stats thread started at 0.223864
LogD3D11RHI: Loaded GFSDK_Aftermath_Lib.x64.dll
LogICUInternationalization: ICU TimeZone Detection - Raw Offset: +2:00, Platform Override: ''
LogPluginManager: Mounting plugin Paper2D
LogPluginManager: Mounting plugin AISupport
LogPluginManager: Mounting plugin LightPropagationVolume
LogPluginManager: Mounting plugin ActorLayerUtilities
LogPluginManager: Mounting plugin CLionSourceCodeAccess
LogPluginManager: Mounting plugin CodeLiteSourceCodeAccess
LogPluginManager: Mounting plugin GitSourceControl
LogPluginManager: Mounting plugin KDevelopSourceCodeAccess
LogPluginManager: Mounting plugin NullSourceCodeAccess
LogPluginManager: Mounting plugin PerforceSourceControl
LogPluginManager: Mounting plugin SubversionSourceControl
LogPluginManager: Mounting plugin UObjectPlugin
LogPluginManager: Mounting plugin VisualStudioCodeSourceCodeAccess
LogPluginManager: Mounting plugin VisualStudioSourceCodeAccess
LogPluginManager: Mounting plugin XCodeSourceCodeAccess
LogPluginManager: Mounting plugin AssetManagerEditor
LogPluginManager: Mounting plugin CryptoKeys
LogPluginManager: Mounting plugin DataValidation
LogPluginManager: Mounting plugin FacialAnimation
LogPluginManager: Mounting plugin GameplayTagsEditor
LogPluginManager: Mounting plugin MacGraphicsSwitching
LogPluginManager: Mounting plugin MeshEditor
LogPluginManager: Mounting plugin MobileLauncherProfileWizard
LogPluginManager: Mounting plugin PluginBrowser
LogPluginManager: Mounting plugin SpeedTreeImporter
LogPluginManager: Mounting plugin DatasmithContent
LogPluginManager: Mounting plugin VariantManagerContent
LogPluginManager: Mounting plugin AlembicImporter
LogPluginManager: Mounting plugin AppleImageUtils
LogPluginManager: Mounting plugin AppleVision
LogPluginManager: Mounting plugin BackChannel
LogPluginManager: Mounting plugin CharacterAI
LogPluginManager: Mounting plugin GeometryCache
LogPluginManager: Mounting plugin HTML5Networking
LogPluginManager: Mounting plugin ProxyLODPlugin
LogPluginManager: Mounting plugin MagicLeap
LogPluginManager: Mounting plugin MagicLeapMedia
LogPluginManager: Mounting plugin AndroidMedia
LogPluginManager: Mounting plugin AvfMedia
LogPluginManager: Mounting plugin ImgMedia
LogPluginManager: Mounting plugin LinearTimecode
LogPluginManager: Mounting plugin MediaCompositing
LogPluginManager: Mounting plugin MediaPlayerEditor
LogPluginManager: Mounting plugin WebMMedia
LogPluginManager: Mounting plugin WmfMedia
LogPluginManager: Mounting plugin TcpMessaging
LogPluginManager: Mounting plugin UdpMessaging
LogPluginManager: Mounting plugin ActorSequence
LogPluginManager: Mounting plugin LevelSequenceEditor
LogPluginManager: Mounting plugin MatineeToLevelSequence
LogPluginManager: Mounting plugin NetcodeUnitTest
LogPluginManager: Mounting plugin NUTUnrealEngine4
LogPluginManager: Mounting plugin OnlineSubsystemGooglePlay
LogPluginManager: Mounting plugin OnlineSubsystemIOS
LogPluginManager: Mounting plugin OnlineSubsystem
LogPluginManager: Mounting plugin OnlineSubsystemNull
LogPluginManager: Mounting plugin OnlineSubsystemUtils
LogPluginManager: Mounting plugin LauncherChunkInstaller
LogPluginManager: Mounting plugin AndroidDeviceProfileSelector
LogPluginManager: Mounting plugin AndroidMoviePlayer
LogPluginManager: Mounting plugin AndroidPermission
LogPluginManager: Mounting plugin AppleMoviePlayer
LogPluginManager: Mounting plugin ArchVisCharacter
LogPluginManager: Mounting plugin AudioCapture
LogPluginManager: Mounting plugin CableComponent
LogPluginManager: Mounting plugin CustomMeshComponent
LogPluginManager: Mounting plugin EditableMesh
LogPluginManager: Mounting plugin ExampleDeviceProfileSelector
LogPluginManager: Mounting plugin Firebase
LogPluginManager: Mounting plugin GoogleCloudMessaging
LogPluginManager: Mounting plugin IOSDeviceProfileSelector
LogPluginManager: Mounting plugin LinuxDeviceProfileSelector
LogPluginManager: Mounting plugin LocationServicesBPLibrary
LogPluginManager: Mounting plugin MobilePatchingUtils
LogPluginManager: Mounting plugin OculusVR
LogPluginManager: Mounting plugin PhysXVehicles
LogPluginManager: Mounting plugin ProceduralMeshComponent
LogPluginManager: Mounting plugin RuntimePhysXCooking
LogPluginManager: Mounting plugin SteamVR
LogPluginManager: Mounting plugin WebMMoviePlayer
LogPluginManager: Mounting plugin WindowsMoviePlayer
LogStreaming: Display: Took  0.057s to configure plugins.
LogInit: Using libcurl 7.55.1-DEV
LogInit:  - built for x86_64-pc-win32
LogInit:  - supports SSL with OpenSSL/1.0.2h
LogInit:  - supports HTTP deflate (compression) using libz 1.2.8
LogInit:  - other features:
LogInit:      CURL_VERSION_SSL
LogInit:      CURL_VERSION_LIBZ
LogInit:      CURL_VERSION_IPV6
LogInit:      CURL_VERSION_ASYNCHDNS
LogInit:      CURL_VERSION_LARGEFILE
LogInit:      CURL_VERSION_IDN
LogInit:  CurlRequestOptions (configurable via config and command line):
LogInit:  - bVerifyPeer = true  - Libcurl will verify peer certificate
LogInit:  - bUseHttpProxy = false  - Libcurl will NOT use HTTP proxy
LogInit:  - bDontReuseConnections = false  - Libcurl will reuse connections
LogInit:  - MaxHostConnections = 16  - Libcurl will limit the number of connections to a host
LogInit:  - LocalHostAddr = Default
LogInit:  - BufferSize = 65536
LogInit: WinSock: version 1.1 (2.2), MaxSocks=32767, MaxUdp=65467
LogInit: Build: ++UE4+Release-4.21-CL-4541578
LogInit: Engine Version: 4.21.0-4541578+++UE4+Release-4.21
LogInit: Compatible Engine Version: 4.21.0-4541578+++UE4+Release-4.21
LogInit: Net CL: 4541578
LogInit: OS: Windows 10 (), CPU: Intel(R) Core(TM) i5-8600K CPU @ 3.60GHz, GPU: NVIDIA GeForce GTX 1060 6GB
LogInit: Compiled (64-bit): Nov  6 2018 02:04:24
LogInit: Compiled with Visual C++: 19.13.26129.00
LogInit: Build Configuration: Development
LogInit: Branch Name: ++UE4+Release-4.21
LogInit: Command Line: 
LogInit: Base Directory: H:/UE_4.21/Engine/Binaries/Win64/
LogInit: Installed Engine Build: 1
LogDevObjectVersion: Number of dev versions registered: 22
LogDevObjectVersion:   Dev-Blueprints (B0D832E4-1F89-4F0D-ACCF-7EB736FD4AA2): 10
LogDevObjectVersion:   Dev-Build (E1C64328-A22C-4D53-A36C-8E866417BD8C): 0
LogDevObjectVersion:   Dev-Core (375EC13C-06E4-48FB-B500-84F0262A717E): 2
LogDevObjectVersion:   Dev-Editor (E4B068ED-F494-42E9-A231-DA0B2E46BB41): 26
LogDevObjectVersion:   Dev-Framework (CFFC743F-43B0-4480-9391-14DF171D2073): 34
LogDevObjectVersion:   Dev-Mobile (B02B49B5-BB20-44E9-A304-32B752E40360): 2
LogDevObjectVersion:   Dev-Networking (A4E4105C-59A1-49B5-A7C5-40C4547EDFEE): 0
LogDevObjectVersion:   Dev-Online (39C831C9-5AE6-47DC-9A44-9C173E1C8E7C): 0
LogDevObjectVersion:   Dev-Physics (78F01B33-EBEA-4F98-B9B4-84EACCB95AA2): 0
LogDevObjectVersion:   Dev-Platform (6631380F-2D4D-43E0-8009-CF276956A95A): 0
LogDevObjectVersion:   Dev-Rendering (12F88B9F-8875-4AFC-A67C-D90C383ABD29): 27
LogDevObjectVersion:   Dev-Sequencer (7B5AE74C-D270-4C10-A958-57980B212A5A): 9
LogDevObjectVersion:   Dev-VR (D7296918-1DD6-4BDD-9DE2-64A83CC13884): 2
LogDevObjectVersion:   Dev-LoadTimes (C2A15278-BFE7-4AFE-6C17-90FF531DF755): 1
LogDevObjectVersion:   Private-Geometry (6EACA3D4-40EC-4CC1-B786-8BED09428FC5): 3
LogDevObjectVersion:   Dev-AnimPhys (29E575DD-E0A3-4627-9D10-D276232CDCEA): 17
LogDevObjectVersion:   Dev-Anim (AF43A65D-7FD3-4947-9873-3E8ED9C1BB05): 2
LogDevObjectVersion:   Dev-ReflectionCapture (6B266CEC-1EC7-4B8F-A30B-E4D90942FC07): 1
LogDevObjectVersion:   Dev-Automation (0DF73D61-A23F-47EA-B727-89E90C41499A): 1
LogDevObjectVersion:   FortniteMain (601D1886-AC64-4F84-AA16-D3DE0DEAC7D6): 17
LogDevObjectVersion:   Dev-Enterprise (9DFFBCD6-494F-0158-E221-12823C92A888): 4
LogDevObjectVersion:   Dev-Niagara (F2AED0AC-9AFE-416F-8664-AA7FFA26D6FC): 1
LogStreaming: Display: Took  0.001s to delete old logs.
LogInit: Presizing for max 8388607 objects, including 0 objects not considered by GC, pre-allocating 0 bytes for permanent pool.
LogInit: Object subsystem initialized
LogConfig: Setting CVar [[con.DebugEarlyDefault:1]]
LogConfig: Setting CVar [[r.setres:1280x720]]
[2018.12.10-17.35.18:745][  0]LogConfig: Setting CVar [[r.VSync:0]]
[2018.12.10-17.35.18:745][  0]LogConfig: Setting CVar [[r.RHICmdBypass:0]]
[2018.12.10-17.35.18:745][  0]LogConfig: Applying CVar settings from Section [/Script/Engine.RendererSettings] File [H:/Git/Unreal-CPlusPlus-Journey/BuildingEscape/Saved/Config/Windows/Engine.ini]
[2018.12.10-17.35.18:745][  0]LogConfig: Setting CVar [[r.GPUCrashDebugging:0]]
[2018.12.10-17.35.18:745][  0]LogConfig: Applying CVar settings from Section [/Script/Engine.RendererOverrideSettings] File [H:/Git/Unreal-CPlusPlus-Journey/BuildingEscape/Saved/Config/Windows/Engine.ini]
[2018.12.10-17.35.18:745][  0]LogConfig: Applying CVar settings from Section [/Script/Engine.StreamingSettings] File [H:/Git/Unreal-CPlusPlus-Journey/BuildingEscape/Saved/Config/Windows/Engine.ini]
[2018.12.10-17.35.18:745][  0]LogConfig: Setting CVar [[s.MinBulkDataSizeForAsyncLoading:131072]]
[2018.12.10-17.35.18:745][  0]LogConfig: Setting CVar [[s.AsyncLoadingThreadEnabled:0]]
[2018.12.10-17.35.18:745][  0]LogConfig: Setting CVar [[s.EventDrivenLoaderEnabled:1]]
[2018.12.10-17.35.18:745][  0]LogConfig: Setting CVar [[s.WarnIfTimeLimitExceeded:0]]
[2018.12.10-17.35.18:745][  0]LogConfig: Setting CVar [[s.TimeLimitExceededMultiplier:1.5]]
[2018.12.10-17.35.18:745][  0]LogConfig: Setting CVar [[s.TimeLimitExceededMinTime:0.005]]
[2018.12.10-17.35.18:745][  0]LogConfig: Setting CVar [[s.UseBackgroundLevelStreaming:1]]
[2018.12.10-17.35.18:745][  0]LogConfig: Setting CVar [[s.PriorityAsyncLoadingExtraTime:15.0]]
[2018.12.10-17.35.18:745][  0]LogConfig: Setting CVar [[s.LevelStreamingActorsUpdateTimeLimit:5.0]]
[2018.12.10-17.35.18:745][  0]LogConfig: Setting CVar [[s.PriorityLevelStreamingActorsUpdateExtraTime:5.0]]
[2018.12.10-17.35.18:745][  0]LogConfig: Setting CVar [[s.LevelStreamingComponentsRegistrationGranularity:10]]
[2018.12.10-17.35.18:745][  0]LogConfig: Setting CVar [[s.UnregisterComponentsTimeLimit:1.0]]
[2018.12.10-17.35.18:745][  0]LogConfig: Setting CVar [[s.LevelStreamingComponentsUnregistrationGranularity:5]]
[2018.12.10-17.35.18:745][  0]LogConfig: Applying CVar settings from Section [/Script/Engine.GarbageCollectionSettings] File [H:/Git/Unreal-CPlusPlus-Journey/BuildingEscape/Saved/Config/Windows/Engine.ini]
[2018.12.10-17.35.18:745][  0]LogConfig: Setting CVar [[gc.MaxObjectsNotConsideredByGC:1]]
[2018.12.10-17.35.18:745][  0]LogConfig: Setting CVar [[gc.SizeOfPermanentObjectPool:0]]
[2018.12.10-17.35.18:745][  0]LogConfig: Setting CVar [[gc.FlushStreamingOnGC:0]]
[2018.12.10-17.35.18:745][  0]LogConfig: Setting CVar [[gc.NumRetriesBeforeForcingGC:10]]
[2018.12.10-17.35.18:745][  0]LogConfig: Setting CVar [[gc.AllowParallelGC:1]]
[2018.12.10-17.35.18:745][  0]LogConfig: Setting CVar [[gc.TimeBetweenPurgingPendingKillObjects:61.1]]
[2018.12.10-17.35.18:745][  0]LogConfig: Setting CVar [[gc.MaxObjectsInEditor:8388607]]
[2018.12.10-17.35.18:745][  0]LogConfig: Setting CVar [[gc.IncrementalBeginDestroyEnabled:1]]
[2018.12.10-17.35.18:745][  0]LogConfig: Setting CVar [[gc.CreateGCClusters:1]]
[2018.12.10-17.35.18:745][  0]LogConfig: Setting CVar [[gc.MergeGCClusters:0]]
[2018.12.10-17.35.18:745][  0]LogConfig: Setting CVar [[gc.MinGCClusterSize:5]]
[2018.12.10-17.35.18:745][  0]LogConfig: Setting CVar [[gc.ActorClusteringEnabled:0]]
[2018.12.10-17.35.18:745][  0]LogConfig: Setting CVar [[gc.BlueprintClusteringEnabled:0]]
[2018.12.10-17.35.18:745][  0]LogConfig: Setting CVar [[gc.UseDisregardForGCOnDedicatedServers:0]]
[2018.12.10-17.35.18:745][  0]LogConfig: Applying CVar settings from Section [/Script/Engine.NetworkSettings] File [H:/Git/Unreal-CPlusPlus-Journey/BuildingEscape/Saved/Config/Windows/Engine.ini]
[2018.12.10-17.35.18:745][  0]LogConfig: Applying CVar settings from Section [/Script/UnrealEd.CookerSettings] File [H:/Git/Unreal-CPlusPlus-Journey/BuildingEscape/Saved/Config/Windows/Engine.ini]
[2018.12.10-17.35.18:750][  0]LogConfig: Applying CVar settings from Section [ViewDistanceQuality@3] File [H:/Git/Unreal-CPlusPlus-Journey/BuildingEscape/Saved/Config/Windows/Scalability.ini]
[2018.12.10-17.35.18:750][  0]LogConfig: Setting CVar [[r.SkeletalMeshLODBias:0]]
[2018.12.10-17.35.18:750][  0]LogConfig: Setting CVar [[r.ViewDistanceScale:1.0]]
[2018.12.10-17.35.18:750][  0]LogConfig: Applying CVar settings from Section [AntiAliasingQuality@3] File [H:/Git/Unreal-CPlusPlus-Journey/BuildingEscape/Saved/Config/Windows/Scalability.ini]
[2018.12.10-17.35.18:750][  0]LogConfig: Setting CVar [[r.PostProcessAAQuality:4]]
[2018.12.10-17.35.18:750][  0]LogConfig: Applying CVar settings from Section [ShadowQuality@3] File [H:/Git/Unreal-CPlusPlus-Journey/BuildingEscape/Saved/Config/Windows/Scalability.ini]
[2018.12.10-17.35.18:750][  0]LogConfig: Setting CVar [[r.LightFunctionQuality:1]]
[2018.12.10-17.35.18:750][  0]LogConfig: Setting CVar [[r.ShadowQuality:5]]
[2018.12.10-17.35.18:750][  0]LogConfig: Setting CVar [[r.Shadow.CSM.MaxCascades:10]]
[2018.12.10-17.35.18:750][  0]LogConfig: Setting CVar [[r.Shadow.MaxResolution:2048]]
[2018.12.10-17.35.18:750][  0]LogConfig: Setting CVar [[r.Shadow.MaxCSMResolution:2048]]
[2018.12.10-17.35.18:750][  0]LogConfig: Setting CVar [[r.Shadow.RadiusThreshold:0.01]]
[2018.12.10-17.35.18:750][  0]LogConfig: Setting CVar [[r.Shadow.DistanceScale:1.0]]
[2018.12.10-17.35.18:750][  0]LogConfig: Setting CVar [[r.Shadow.CSM.TransitionScale:1.0]]
[2018.12.10-17.35.18:750][  0]LogConfig: Setting CVar [[r.Shadow.PreShadowResolutionFactor:1.0]]
[2018.12.10-17.35.18:750][  0]LogConfig: Setting CVar [[r.DistanceFieldShadowing:1]]
[2018.12.10-17.35.18:750][  0]LogConfig: Setting CVar [[r.DistanceFieldAO:1]]
[2018.12.10-17.35.18:750][  0]LogConfig: Setting CVar [[r.AOQuality:2]]
[2018.12.10-17.35.18:750][  0]LogConfig: Setting CVar [[r.VolumetricFog:1]]
[2018.12.10-17.35.18:750][  0]LogConfig: Setting CVar [[r.VolumetricFog.GridPixelSize:8]]
[2018.12.10-17.35.18:750][  0]LogConfig: Setting CVar [[r.VolumetricFog.GridSizeZ:128]]
[2018.12.10-17.35.18:750][  0]LogConfig: Setting CVar [[r.VolumetricFog.HistoryMissSupersampleCount:4]]
[2018.12.10-17.35.18:750][  0]LogConfig: Setting CVar [[r.LightMaxDrawDistanceScale:1]]
[2018.12.10-17.35.18:750][  0]LogConfig: Setting CVar [[r.CapsuleShadows:1]]
[2018.12.10-17.35.18:750][  0]LogConfig: Applying CVar settings from Section [PostProcessQuality@3] File [H:/Git/Unreal-CPlusPlus-Journey/BuildingEscape/Saved/Config/Windows/Scalability.ini]
[2018.12.10-17.35.18:750][  0]LogConfig: Setting CVar [[r.MotionBlurQuality:4]]
[2018.12.10-17.35.18:750][  0]LogConfig: Setting CVar [[r.AmbientOcclusionMipLevelFactor:0.4]]
[2018.12.10-17.35.18:750][  0]LogConfig: Setting CVar [[r.AmbientOcclusionMaxQuality:100]]
[2018.12.10-17.35.18:750][  0]LogConfig: Setting CVar [[r.AmbientOcclusionLevels:-1]]
[2018.12.10-17.35.18:750][  0]LogConfig: Setting CVar [[r.AmbientOcclusionRadiusScale:1.0]]
[2018.12.10-17.35.18:750][  0]LogConfig: Setting CVar [[r.DepthOfFieldQuality:2]]
[2018.12.10-17.35.18:750][  0]LogConfig: Setting CVar [[r.RenderTargetPoolMin:400]]
[2018.12.10-17.35.18:750][  0]LogConfig: Setting CVar [[r.LensFlareQuality:2]]
[2018.12.10-17.35.18:750][  0]LogConfig: Setting CVar [[r.SceneColorFringeQuality:1]]
[2018.12.10-17.35.18:750][  0]LogConfig: Setting CVar [[r.EyeAdaptationQuality:2]]
[2018.12.10-17.35.18:750][  0]LogConfig: Setting CVar [[r.BloomQuality:5]]
[2018.12.10-17.35.18:750][  0]LogConfig: Setting CVar [[r.FastBlurThreshold:100]]
[2018.12.10-17.35.18:750][  0]LogConfig: Setting CVar [[r.Upscale.Quality:3]]
[2018.12.10-17.35.18:750][  0]LogConfig: Setting CVar [[r.Tonemapper.GrainQuantization:1]]
[2018.12.10-17.35.18:750][  0]LogConfig: Setting CVar [[r.LightShaftQuality:1]]
[2018.12.10-17.35.18:750][  0]LogConfig: Setting CVar [[r.Filter.SizeScale:1]]
[2018.12.10-17.35.18:750][  0]LogConfig: Setting CVar [[r.Tonemapper.Quality:5]]
[2018.12.10-17.35.18:750][  0]LogConfig: Setting CVar [[r.DOF.Gather.AccumulatorQuality:1        ; higher gathering accumulator quality]]
[2018.12.10-17.35.18:750][  0]LogConfig: Setting CVar [[r.DOF.Gather.PostfilterMethod:1          ; Median3x3 postfilering method]]
[2018.12.10-17.35.18:750][  0]LogConfig: Setting CVar [[r.DOF.Gather.EnableBokehSettings:0       ; no bokeh simulation when gathering]]
[2018.12.10-17.35.18:750][  0]LogConfig: Setting CVar [[r.DOF.Gather.RingCount:4                 ; medium number of samples when gathering]]
[2018.12.10-17.35.18:750][  0]LogConfig: Setting CVar [[r.DOF.Scatter.ForegroundCompositing:1    ; additive foreground scattering]]
[2018.12.10-17.35.18:750][  0]LogConfig: Setting CVar [[r.DOF.Scatter.BackgroundCompositing:2    ; additive background scattering]]
[2018.12.10-17.35.18:750][  0]LogConfig: Setting CVar [[r.DOF.Scatter.EnableBokehSettings:1      ; bokeh simulation when scattering]]
[2018.12.10-17.35.18:750][  0]LogConfig: Setting CVar [[r.DOF.Scatter.MaxSpriteRatio:0.1         ; only a maximum of 10% of scattered bokeh]]
[2018.12.10-17.35.18:750][  0]LogConfig: Setting CVar [[r.DOF.Recombine.Quality:1                ; cheap slight out of focus]]
[2018.12.10-17.35.18:750][  0]LogConfig: Setting CVar [[r.DOF.Recombine.EnableBokehSettings:0    ; no bokeh simulation on slight out of focus]]
[2018.12.10-17.35.18:750][  0]LogConfig: Setting CVar [[r.DOF.TemporalAAQuality:1                ; more stable temporal accumulation]]
[2018.12.10-17.35.18:750][  0]LogConfig: Setting CVar [[r.DOF.Kernel.MaxForegroundRadius:0.025]]
[2018.12.10-17.35.18:750][  0]LogConfig: Setting CVar [[r.DOF.Kernel.MaxBackgroundRadius:0.025]]
[2018.12.10-17.35.18:750][  0]LogConfig: Applying CVar settings from Section [TextureQuality@3] File [H:/Git/Unreal-CPlusPlus-Journey/BuildingEscape/Saved/Config/Windows/Scalability.ini]
[2018.12.10-17.35.18:750][  0]LogConfig: Setting CVar [[r.Streaming.MipBias:0]]
[2018.12.10-17.35.18:750][  0]LogConfig: Setting CVar [[r.Streaming.AmortizeCPUToGPUCopy:0]]
[2018.12.10-17.35.18:750][  0]LogConfig: Setting CVar [[r.Streaming.MaxNumTexturesToStreamPerFrame:0]]
[2018.12.10-17.35.18:750][  0]LogConfig: Setting CVar [[r.Streaming.Boost:1]]
[2018.12.10-17.35.18:750][  0]LogConfig: Setting CVar [[r.MaxAnisotropy:8]]
[2018.12.10-17.35.18:750][  0]LogConfig: Setting CVar [[r.Streaming.LimitPoolSizeToVRAM:0]]
[2018.12.10-17.35.18:750][  0]LogConfig: Setting CVar [[r.Streaming.PoolSize:1000]]
[2018.12.10-17.35.18:750][  0]LogConfig: Setting CVar [[r.Streaming.MaxEffectiveScreenSize:0]]
[2018.12.10-17.35.18:750][  0]LogConfig: Applying CVar settings from Section [EffectsQuality@3] File [H:/Git/Unreal-CPlusPlus-Journey/BuildingEscape/Saved/Config/Windows/Scalability.ini]
[2018.12.10-17.35.18:751][  0]LogConfig: Setting CVar [[r.TranslucencyLightingVolumeDim:64]]
[2018.12.10-17.35.18:751][  0]LogConfig: Setting CVar [[r.RefractionQuality:2]]
[2018.12.10-17.35.18:751][  0]LogConfig: Setting CVar [[r.SSR.Quality:3]]
[2018.12.10-17.35.18:751][  0]LogConfig: Setting CVar [[r.SceneColorFormat:4]]
[2018.12.10-17.35.18:751][  0]LogConfig: Setting CVar [[r.DetailMode:2]]
[2018.12.10-17.35.18:751][  0]LogConfig: Setting CVar [[r.TranslucencyVolumeBlur:1]]
[2018.12.10-17.35.18:751][  0]LogConfig: Setting CVar [[r.MaterialQualityLevel:1 ; High quality]]
[2018.12.10-17.35.18:751][  0]LogConfig: Setting CVar [[r.SSS.Scale:1]]
[2018.12.10-17.35.18:751][  0]LogConfig: Setting CVar [[r.SSS.SampleSet:2]]
[2018.12.10-17.35.18:751][  0]LogConfig: Setting CVar [[r.SSS.Quality:1]]
[2018.12.10-17.35.18:751][  0]LogConfig: Setting CVar [[r.SSS.HalfRes:1]]
[2018.12.10-17.35.18:751][  0]LogConfig: Setting CVar [[r.EmitterSpawnRateScale:1.0]]
[2018.12.10-17.35.18:751][  0]LogConfig: Setting CVar [[r.ParticleLightQuality:2]]
[2018.12.10-17.35.18:751][  0]LogConfig: Applying CVar settings from Section [FoliageQuality@3] File [H:/Git/Unreal-CPlusPlus-Journey/BuildingEscape/Saved/Config/Windows/Scalability.ini]
[2018.12.10-17.35.18:751][  0]LogConfig: Setting CVar [[foliage.DensityScale:1.0]]
[2018.12.10-17.35.18:751][  0]LogConfig: Setting CVar [[grass.DensityScale:1.0]]
[2018.12.10-17.35.18:751][  0]LogInit: Selected Device Profile: [Windows]
[2018.12.10-17.35.18:751][  0]LogInit: Applying CVar settings loaded from the selected device profile: [Windows]
[2018.12.10-17.35.18:759][  0]LogHAL: Display: Platform has ~ 16 GB [17100591104 / 17179869184 / 16], which maps to Larger [LargestMinGB=32, LargerMinGB=12, DefaultMinGB=8, SmallerMinGB=6, SmallestMinGB=0)
[2018.12.10-17.35.18:759][  0]LogConfig: Setting CVar [[r.Vulkan.UseRealUBs:1]]
[2018.12.10-17.35.18:760][  0]LogInit: Going up to parent DeviceProfile []
[2018.12.10-17.35.18:760][  0]LogConfig: Applying CVar settings from Section [ViewDistanceQuality@3] File [H:/Git/Unreal-CPlusPlus-Journey/BuildingEscape/Saved/Config/Windows/Scalability.ini]
[2018.12.10-17.35.18:760][  0]LogConfig: Setting CVar [[r.SkeletalMeshLODBias:0]]
[2018.12.10-17.35.18:760][  0]LogConfig: Setting CVar [[r.ViewDistanceScale:1.0]]
[2018.12.10-17.35.18:760][  0]LogConfig: Applying CVar settings from Section [AntiAliasingQuality@3] File [H:/Git/Unreal-CPlusPlus-Journey/BuildingEscape/Saved/Config/Windows/Scalability.ini]
[2018.12.10-17.35.18:760][  0]LogConfig: Setting CVar [[r.PostProcessAAQuality:4]]
[2018.12.10-17.35.18:760][  0]LogConfig: Applying CVar settings from Section [ShadowQuality@3] File [H:/Git/Unreal-CPlusPlus-Journey/BuildingEscape/Saved/Config/Windows/Scalability.ini]
[2018.12.10-17.35.18:760][  0]LogConfig: Setting CVar [[r.LightFunctionQuality:1]]
[2018.12.10-17.35.18:760][  0]LogConfig: Setting CVar [[r.ShadowQuality:5]]
[2018.12.10-17.35.18:760][  0]LogConfig: Setting CVar [[r.Shadow.CSM.MaxCascades:10]]
[2018.12.10-17.35.18:760][  0]LogConfig: Setting CVar [[r.Shadow.MaxResolution:2048]]
[2018.12.10-17.35.18:760][  0]LogConfig: Setting CVar [[r.Shadow.MaxCSMResolution:2048]]
[2018.12.10-17.35.18:760][  0]LogConfig: Setting CVar [[r.Shadow.RadiusThreshold:0.01]]
[2018.12.10-17.35.18:760][  0]LogConfig: Setting CVar [[r.Shadow.DistanceScale:1.0]]
[2018.12.10-17.35.18:760][  0]LogConfig: Setting CVar [[r.Shadow.CSM.TransitionScale:1.0]]
[2018.12.10-17.35.18:760][  0]LogConfig: Setting CVar [[r.Shadow.PreShadowResolutionFactor:1.0]]
[2018.12.10-17.35.18:760][  0]LogConfig: Setting CVar [[r.DistanceFieldShadowing:1]]
[2018.12.10-17.35.18:760][  0]LogConfig: Setting CVar [[r.DistanceFieldAO:1]]
[2018.12.10-17.35.18:760][  0]LogConfig: Setting CVar [[r.AOQuality:2]]
[2018.12.10-17.35.18:760][  0]LogConfig: Setting CVar [[r.VolumetricFog:1]]
[2018.12.10-17.35.18:760][  0]LogConfig: Setting CVar [[r.VolumetricFog.GridPixelSize:8]]
[2018.12.10-17.35.18:760][  0]LogConfig: Setting CVar [[r.VolumetricFog.GridSizeZ:128]]
[2018.12.10-17.35.18:760][  0]LogConfig: Setting CVar [[r.VolumetricFog.HistoryMissSupersampleCount:4]]
[2018.12.10-17.35.18:760][  0]LogConfig: Setting CVar [[r.LightMaxDrawDistanceScale:1]]
[2018.12.10-17.35.18:760][  0]LogConfig: Setting CVar [[r.CapsuleShadows:1]]
[2018.12.10-17.35.18:760][  0]LogConfig: Applying CVar settings from Section [PostProcessQuality@3] File [H:/Git/Unreal-CPlusPlus-Journey/BuildingEscape/Saved/Config/Windows/Scalability.ini]
[2018.12.10-17.35.18:760][  0]LogConfig: Setting CVar [[r.MotionBlurQuality:4]]
[2018.12.10-17.35.18:760][  0]LogConfig: Setting CVar [[r.AmbientOcclusionMipLevelFactor:0.4]]
[2018.12.10-17.35.18:760][  0]LogConfig: Setting CVar [[r.AmbientOcclusionMaxQuality:100]]
[2018.12.10-17.35.18:760][  0]LogConfig: Setting CVar [[r.AmbientOcclusionLevels:-1]]
[2018.12.10-17.35.18:760][  0]LogConfig: Setting CVar [[r.AmbientOcclusionRadiusScale:1.0]]
[2018.12.10-17.35.18:760][  0]LogConfig: Setting CVar [[r.DepthOfFieldQuality:2]]
[2018.12.10-17.35.18:760][  0]LogConfig: Setting CVar [[r.RenderTargetPoolMin:400]]
[2018.12.10-17.35.18:760][  0]LogConfig: Setting CVar [[r.LensFlareQuality:2]]
[2018.12.10-17.35.18:760][  0]LogConfig: Setting CVar [[r.SceneColorFringeQuality:1]]
[2018.12.10-17.35.18:760][  0]LogConfig: Setting CVar [[r.EyeAdaptationQuality:2]]
[2018.12.10-17.35.18:760][  0]LogConfig: Setting CVar [[r.BloomQuality:5]]
[2018.12.10-17.35.18:760][  0]LogConfig: Setting CVar [[r.FastBlurThreshold:100]]
[2018.12.10-17.35.18:760][  0]LogConfig: Setting CVar [[r.Upscale.Quality:3]]
[2018.12.10-17.35.18:760][  0]LogConfig: Setting CVar [[r.Tonemapper.GrainQuantization:1]]
[2018.12.10-17.35.18:760][  0]LogConfig: Setting CVar [[r.LightShaftQuality:1]]
[2018.12.10-17.35.18:760][  0]LogConfig: Setting CVar [[r.Filter.SizeScale:1]]
[2018.12.10-17.35.18:760][  0]LogConfig: Setting CVar [[r.Tonemapper.Quality:5]]
[2018.12.10-17.35.18:760][  0]LogConfig: Setting CVar [[r.DOF.Gather.AccumulatorQuality:1        ; higher gathering accumulator quality]]
[2018.12.10-17.35.18:760][  0]LogConfig: Setting CVar [[r.DOF.Gather.PostfilterMethod:1          ; Median3x3 postfilering method]]
[2018.12.10-17.35.18:760][  0]LogConfig: Setting CVar [[r.DOF.Gather.EnableBokehSettings:0       ; no bokeh simulation when gathering]]
[2018.12.10-17.35.18:760][  0]LogConfig: Setting CVar [[r.DOF.Gather.RingCount:4                 ; medium number of samples when gathering]]
[2018.12.10-17.35.18:760][  0]LogConfig: Setting CVar [[r.DOF.Scatter.ForegroundCompositing:1    ; additive foreground scattering]]
[2018.12.10-17.35.18:760][  0]LogConfig: Setting CVar [[r.DOF.Scatter.BackgroundCompositing:2    ; additive background scattering]]
[2018.12.10-17.35.18:760][  0]LogConfig: Setting CVar [[r.DOF.Scatter.EnableBokehSettings:1      ; bokeh simulation when scattering]]
[2018.12.10-17.35.18:760][  0]LogConfig: Setting CVar [[r.DOF.Scatter.MaxSpriteRatio:0.1         ; only a maximum of 10% of scattered bokeh]]
[2018.12.10-17.35.18:760][  0]LogConfig: Setting CVar [[r.DOF.Recombine.Quality:1                ; cheap slight out of focus]]
[2018.12.10-17.35.18:760][  0]LogConfig: Setting CVar [[r.DOF.Recombine.EnableBokehSettings:0    ; no bokeh simulation on slight out of focus]]
[2018.12.10-17.35.18:760][  0]LogConfig: Setting CVar [[r.DOF.TemporalAAQuality:1                ; more stable temporal accumulation]]
[2018.12.10-17.35.18:760][  0]LogConfig: Setting CVar [[r.DOF.Kernel.MaxForegroundRadius:0.025]]
[2018.12.10-17.35.18:760][  0]LogConfig: Setting CVar [[r.DOF.Kernel.MaxBackgroundRadius:0.025]]
[2018.12.10-17.35.18:760][  0]LogConfig: Applying CVar settings from Section [TextureQuality@3] File [H:/Git/Unreal-CPlusPlus-Journey/BuildingEscape/Saved/Config/Windows/Scalability.ini]
[2018.12.10-17.35.18:760][  0]LogConfig: Setting CVar [[r.Streaming.MipBias:0]]
[2018.12.10-17.35.18:760][  0]LogConfig: Setting CVar [[r.Streaming.AmortizeCPUToGPUCopy:0]]
[2018.12.10-17.35.18:760][  0]LogConfig: Setting CVar [[r.Streaming.MaxNumTexturesToStreamPerFrame:0]]
[2018.12.10-17.35.18:760][  0]LogConfig: Setting CVar [[r.Streaming.Boost:1]]
[2018.12.10-17.35.18:760][  0]LogConfig: Setting CVar [[r.MaxAnisotropy:8]]
[2018.12.10-17.35.18:760][  0]LogConfig: Setting CVar [[r.Streaming.LimitPoolSizeToVRAM:0]]
[2018.12.10-17.35.18:760][  0]LogConfig: Setting CVar [[r.Streaming.PoolSize:1000]]
[2018.12.10-17.35.18:760][  0]LogConfig: Setting CVar [[r.Streaming.MaxEffectiveScreenSize:0]]
[2018.12.10-17.35.18:760][  0]LogConfig: Applying CVar settings from Section [EffectsQuality@3] File [H:/Git/Unreal-CPlusPlus-Journey/BuildingEscape/Saved/Config/Windows/Scalability.ini]
[2018.12.10-17.35.18:760][  0]LogConfig: Setting CVar [[r.TranslucencyLightingVolumeDim:64]]
[2018.12.10-17.35.18:760][  0]LogConfig: Setting CVar [[r.RefractionQuality:2]]
[2018.12.10-17.35.18:760][  0]LogConfig: Setting CVar [[r.SSR.Quality:3]]
[2018.12.10-17.35.18:760][  0]LogConfig: Setting CVar [[r.SceneColorFormat:4]]
[2018.12.10-17.35.18:760][  0]LogConfig: Setting CVar [[r.DetailMode:2]]
[2018.12.10-17.35.18:760][  0]LogConfig: Setting CVar [[r.TranslucencyVolumeBlur:1]]
[2018.12.10-17.35.18:760][  0]LogConfig: Setting CVar [[r.MaterialQualityLevel:1 ; High quality]]
[2018.12.10-17.35.18:760][  0]LogConfig: Setting CVar [[r.SSS.Scale:1]]
[2018.12.10-17.35.18:760][  0]LogConfig: Setting CVar [[r.SSS.SampleSet:2]]
[2018.12.10-17.35.18:760][  0]LogConfig: Setting CVar [[r.SSS.Quality:1]]
[2018.12.10-17.35.18:760][  0]LogConfig: Setting CVar [[r.SSS.HalfRes:1]]
[2018.12.10-17.35.18:760][  0]LogConfig: Setting CVar [[r.EmitterSpawnRateScale:1.0]]
[2018.12.10-17.35.18:760][  0]LogConfig: Setting CVar [[r.ParticleLightQuality:2]]
[2018.12.10-17.35.18:760][  0]LogConfig: Applying CVar settings from Section [FoliageQuality@3] File [H:/Git/Unreal-CPlusPlus-Journey/BuildingEscape/Saved/Config/Windows/Scalability.ini]
[2018.12.10-17.35.18:760][  0]LogConfig: Setting CVar [[foliage.DensityScale:1.0]]
[2018.12.10-17.35.18:760][  0]LogConfig: Setting CVar [[grass.DensityScale:1.0]]
[2018.12.10-17.35.18:760][  0]LogConfig: Applying CVar settings from Section [Startup] File [../../../Engine/Config/ConsoleVariables.ini]
[2018.12.10-17.35.18:761][  0]LogConfig: Setting CVar [[net.UseAdaptiveNetUpdateFrequency:0]]
[2018.12.10-17.35.18:761][  0]LogConfig: Applying CVar settings from Section [ConsoleVariables] File [H:/Git/Unreal-CPlusPlus-Journey/BuildingEscape/Saved/Config/Windows/Engine.ini]
[2018.12.10-17.35.18:761][  0]LogInit: Computer: DESKTOP-ABPA82O
[2018.12.10-17.35.18:761][  0]LogInit: User: ThaneAcheron
[2018.12.10-17.35.18:761][  0]LogInit: CPU Page size=4096, Cores=6
[2018.12.10-17.35.18:761][  0]LogInit: High frequency timer resolution =3.515626 MHz
[2018.12.10-17.35.18:761][  0]LogMemory: Memory total: Physical=15.9GB (16GB approx)
[2018.12.10-17.35.18:761][  0]LogMemory: Platform Memory Stats for Windows
[2018.12.10-17.35.18:761][  0]LogMemory: Process Physical Memory: 102.86 MB used, 102.86 MB peak
[2018.12.10-17.35.18:761][  0]LogMemory: Process Virtual Memory: 85.11 MB used, 85.11 MB peak
[2018.12.10-17.35.18:761][  0]LogMemory: Physical Memory: 5799.86 MB used,  10508.54 MB free, 16308.39 MB total
[2018.12.10-17.35.18:761][  0]LogMemory: Virtual Memory: 4637.56 MB used,  134213088.00 MB free, 134217728.00 MB total
[2018.12.10-17.35.18:773][  0]LogInit: Using OS detected language (en-US).
[2018.12.10-17.35.18:773][  0]LogInit: Using OS detected locale (en-ZA).
[2018.12.10-17.35.18:773][  0]LogTextLocalizationManager: No specific localization for 'en-US' exists, so the 'en' localization will be used.
[2018.12.10-17.35.19:062][  0]LogStreaming: Display: Took  0.290s to InitEngineTextLocalization.
[2018.12.10-17.35.19:062][  0]LogInit: Setting process to per monitor DPI aware
[2018.12.10-17.35.19:084][  0]LogSlate: New Slate User Created.  User Index 0, Is Virtual User: 0
[2018.12.10-17.35.19:084][  0]LogSlate: Slate User Registered.  User Index 0, Is Virtual User: 0
[2018.12.10-17.35.19:212][  0]LogHMD: Failed to initialize OpenVR with code 110
[2018.12.10-17.35.19:212][  0]LogD3D11RHI: D3D11 adapters:
[2018.12.10-17.35.19:267][  0]LogD3D11RHI:    0. 'NVIDIA GeForce GTX 1060 6GB' (Feature Level 11_0)
[2018.12.10-17.35.19:267][  0]LogD3D11RHI:       6052/0/8154 MB DedicatedVideo/DedicatedSystem/SharedSystem, Outputs:2, VendorId:0x10de
[2018.12.10-17.35.19:268][  0]LogD3D11RHI:    1. 'Microsoft Basic Render Driver' (Feature Level 11_0)
[2018.12.10-17.35.19:268][  0]LogD3D11RHI:       0/0/8154 MB DedicatedVideo/DedicatedSystem/SharedSystem, Outputs:0, VendorId:0x1414
[2018.12.10-17.35.19:268][  0]LogD3D11RHI: Chosen D3D11 Adapter: 0
[2018.12.10-17.35.19:273][  0]LogD3D11RHI: Creating new Direct3DDevice
[2018.12.10-17.35.19:273][  0]LogD3D11RHI:     GPU DeviceId: 0x1c03 (for the marketing name, search the web for "GPU Device Id")
[2018.12.10-17.35.19:273][  0]LogWindows: EnumDisplayDevices:
[2018.12.10-17.35.19:273][  0]LogWindows:    0. 'NVIDIA GeForce GTX 1060 6GB' (P:1 D:1)
[2018.12.10-17.35.19:273][  0]LogWindows:    1. 'NVIDIA GeForce GTX 1060 6GB' (P:0 D:1)
[2018.12.10-17.35.19:273][  0]LogWindows:    2. 'NVIDIA GeForce GTX 1060 6GB' (P:0 D:0)
[2018.12.10-17.35.19:274][  0]LogWindows:    3. 'NVIDIA GeForce GTX 1060 6GB' (P:0 D:0)
[2018.12.10-17.35.19:274][  0]LogWindows: DebugString: FoundDriverCount:4 
[2018.12.10-17.35.19:274][  0]LogD3D11RHI:     Adapter Name: NVIDIA GeForce GTX 1060 6GB
[2018.12.10-17.35.19:274][  0]LogD3D11RHI:   Driver Version: 417.22 (internal:25.21.14.1722, unified:417.22)
[2018.12.10-17.35.19:274][  0]LogD3D11RHI:      Driver Date: 11-29-2018
[2018.12.10-17.35.19:274][  0]LogRHI: Texture pool is 4236 MB (70% of 6052 MB)
[2018.12.10-17.35.19:306][  0]LogD3D11RHI: Async texture creation enabled
[2018.12.10-17.35.19:336][  0]LogD3D11RHI: GPU Timing Frequency: 1000.000000 (Debug: 2 2)
[2018.12.10-17.35.19:585][  0]LogTemp: Display: Loaded TP AllDesktopTargetPlatform
[2018.12.10-17.35.19:594][  0]LogTemp: Display: Loaded TP MacClientTargetPlatform
[2018.12.10-17.35.19:602][  0]LogTemp: Display: Loaded TP MacNoEditorTargetPlatform
[2018.12.10-17.35.19:611][  0]LogTemp: Display: Loaded TP MacServerTargetPlatform
[2018.12.10-17.35.19:620][  0]LogTemp: Display: Loaded TP MacTargetPlatform
[2018.12.10-17.35.19:629][  0]LogTemp: Display: Loaded TP WindowsClientTargetPlatform
[2018.12.10-17.35.19:638][  0]LogTemp: Display: Loaded TP WindowsNoEditorTargetPlatform
[2018.12.10-17.35.19:646][  0]LogTemp: Display: Loaded TP WindowsServerTargetPlatform
[2018.12.10-17.35.19:650][  0]LogTemp: Display: Loaded TP WindowsTargetPlatform
[2018.12.10-17.35.19:702][  0]LogTemp: Display: Loaded TP AndroidTargetPlatform
[2018.12.10-17.35.19:702][  0]LogTemp: Display: Loaded TP AndroidTargetPlatform
[2018.12.10-17.35.19:702][  0]LogTemp: Display: Loaded TP AndroidTargetPlatform
[2018.12.10-17.35.19:702][  0]LogTemp: Display: Loaded TP AndroidTargetPlatform
[2018.12.10-17.35.19:702][  0]LogTemp: Display: Loaded TP AndroidTargetPlatform
[2018.12.10-17.35.19:702][  0]LogTemp: Display: Loaded TP AndroidTargetPlatform
[2018.12.10-17.35.19:702][  0]LogTemp: Display: Loaded TP AndroidTargetPlatform
[2018.12.10-17.35.19:702][  0]LogTemp: Display: Loaded TP AndroidTargetPlatform
[2018.12.10-17.35.19:702][  0]LogTemp: Display: Loaded TP AndroidTargetPlatform
[2018.12.10-17.35.19:702][  0]LogTemp: Display: Loaded TP AndroidTargetPlatform
[2018.12.10-17.35.19:702][  0]LogTemp: Display: Loaded TP AndroidTargetPlatform
[2018.12.10-17.35.19:702][  0]LogTemp: Display: Loaded TP AndroidTargetPlatform
[2018.12.10-17.35.19:702][  0]LogTemp: Display: Loaded TP AndroidTargetPlatform
[2018.12.10-17.35.19:702][  0]LogTemp: Display: Loaded TP AndroidTargetPlatform
[2018.12.10-17.35.19:702][  0]LogTemp: Display: Loaded TP AndroidTargetPlatform
[2018.12.10-17.35.19:702][  0]LogTemp: Display: Loaded TP AndroidTargetPlatform
[2018.12.10-17.35.19:702][  0]LogTemp: Display: Loaded TP AndroidTargetPlatform
[2018.12.10-17.35.19:702][  0]LogTemp: Display: Loaded TP AndroidTargetPlatform
[2018.12.10-17.35.19:703][  0]LogTemp: Display: Loaded TP HTML5TargetPlatform
[2018.12.10-17.35.19:754][  0]LogTemp: Display: Loaded TP IOSTargetPlatform
[2018.12.10-17.35.19:754][  0]LogTemp: Display: Loaded TP IOSTargetPlatform
[2018.12.10-17.35.19:770][  0]LogTemp: Display: Loaded TP TVOSTargetPlatform
[2018.12.10-17.35.19:771][  0]LogTemp: Display: Loaded TP TVOSTargetPlatform
[2018.12.10-17.35.19:779][  0]LogTemp: Display: Loaded TP LinuxClientTargetPlatform
[2018.12.10-17.35.19:789][  0]LogTemp: Display: Loaded TP LinuxNoEditorTargetPlatform
[2018.12.10-17.35.19:798][  0]LogTemp: Display: Loaded TP LinuxServerTargetPlatform
[2018.12.10-17.35.19:807][  0]LogTemp: Display: Loaded TP LinuxTargetPlatform
[2018.12.10-17.35.19:839][  0]LogTemp: Display: Loaded TP LuminTargetPlatform
[2018.12.10-17.35.19:839][  0]LogTemp: Display: Loaded TP LuminTargetPlatform
[2018.12.10-17.35.19:839][  0]LogTargetPlatformManager: Display: Building Assets For Windows
[2018.12.10-17.35.19:869][  0]LogShaderCompilers: Guid format shader working directory is -2 characters bigger than the processId version (../../../../Git/Unreal-CPlusPlus-Journey/BuildingEscape/Intermediate/Shaders/WorkingDirectory/4932/).
[2018.12.10-17.35.19:869][  0]LogShaderCompilers: Cleaned the shader compiler working directory 'C:/Users/ThaneAcheron/AppData/Local/Temp/UnrealShaderWorkingDir/87C16A6440F2B0F5A0C0B2971CACF998/'.
[2018.12.10-17.35.19:870][  0]LogXGEController: Cannot use XGE Controller as Incredibuild is not installed on this machine.
[2018.12.10-17.35.19:870][  0]LogShaderCompilers: Cannot use XGE Shader Compiler as Incredibuild is not installed on this machine.
[2018.12.10-17.35.19:870][  0]LogShaderCompilers: Display: Using Local Shader Compiler.
[2018.12.10-17.35.20:287][  0]LogDerivedDataCache: Display: Max Cache Size: 512 MB
[2018.12.10-17.35.20:363][  0]LogDerivedDataCache: Loaded boot cache 0.08s 71MB C:/Users/ThaneAcheron/AppData/Local/UnrealEngine/4.21/DerivedDataCache/Boot.ddc.
[2018.12.10-17.35.20:363][  0]LogDerivedDataCache: Display: Loaded Boot cache: C:/Users/ThaneAcheron/AppData/Local/UnrealEngine/4.21/DerivedDataCache/Boot.ddc
[2018.12.10-17.35.20:363][  0]LogDerivedDataCache: FDerivedDataBackendGraph:  Pak pak cache file ../../../../Git/Unreal-CPlusPlus-Journey/BuildingEscape/DerivedDataCache/DDC.ddp not found, will not use a pak cache.
[2018.12.10-17.35.20:363][  0]LogDerivedDataCache: Unable to find inner node Pak for hierarchical cache Hierarchy.
[2018.12.10-17.35.20:364][  0]LogDerivedDataCache: FDerivedDataBackendGraph:  CompressedPak pak cache file ../../../../Git/Unreal-CPlusPlus-Journey/BuildingEscape/DerivedDataCache/Compressed.ddp not found, will not use a pak cache.
[2018.12.10-17.35.20:364][  0]LogDerivedDataCache: Unable to find inner node CompressedPak for hierarchical cache Hierarchy.
[2018.12.10-17.35.20:376][  0]LogDerivedDataCache: Display: Pak cache opened for reading ../../../Engine/DerivedDataCache/Compressed.ddp.
[2018.12.10-17.35.20:376][  0]LogDerivedDataCache: FDerivedDataBackendGraph:  EnterprisePak pak cache file ../../../Enterprise/DerivedDataCache/Compressed.ddp not found, will not use a pak cache.
[2018.12.10-17.35.20:376][  0]LogDerivedDataCache: Unable to find inner node EnterprisePak for hierarchical cache Hierarchy.
[2018.12.10-17.35.20:388][  0]LogDerivedDataCache: Using Local data cache path C:/Users/ThaneAcheron/AppData/Local/UnrealEngine/Common/DerivedDataCache: Writable
[2018.12.10-17.35.20:388][  0]LogDerivedDataCache: Shared data cache path not found in *engine.ini, will not use an Shared cache.
[2018.12.10-17.35.20:388][  0]LogDerivedDataCache: Unable to find inner node Shared for hierarchical cache Hierarchy.
[2018.12.10-17.35.20:406][  0]LogMaterial: Verifying Global Shaders for PCD3D_SM5
[2018.12.10-17.35.20:407][  0]LogSlate: Using FreeType 2.6.0
[2018.12.10-17.35.20:407][  0]LogSlate: SlateFontServices - WITH_FREETYPE: 1, WITH_HARFBUZZ: 1
[2018.12.10-17.35.20:478][  0]LogAssetRegistry: FAssetRegistry took 0.0307 seconds to start up
[2018.12.10-17.35.20:710][  0]LogInit: Selected Device Profile: [Windows]
[2018.12.10-17.35.20:817][  0]LogSimplygon: Simplygon DLL not present - disabling.
[2018.12.10-17.35.20:819][  0]LogMeshReduction: Using SimplygonSwarm for distributed automatic mesh merging
[2018.12.10-17.35.20:819][  0]LogMeshReduction: Using ProxyLODMeshReduction for automatic mesh merging
[2018.12.10-17.35.20:819][  0]LogMeshReduction: Using QuadricMeshReduction for automatic static mesh reduction
[2018.12.10-17.35.20:819][  0]LogMeshReduction: No automatic skeletal mesh reduction module available
[2018.12.10-17.35.20:828][  0]LogNetVersion: BuildingEscape 1.0.0, NetCL: 4541578, EngineNetVer: 5, GameNetVer: 0 (Checksum: 3852057107)
[2018.12.10-17.35.21:173][  0]LogPackageLocalizationCache: Processed 11 localized package path(s) for 2 prioritized culture(s) in 0.054415 seconds
[2018.12.10-17.35.21:179][  0]LogUObjectArray: 39775 objects as part of root set at end of initial load.
[2018.12.10-17.35.21:179][  0]LogUObjectAllocator: 6914656 out of 0 bytes used by permanent object pool.
[2018.12.10-17.35.21:179][  0]LogUObjectArray: CloseDisregardForGC: 0/0 objects in disregard for GC pool
[2018.12.10-17.35.21:779][  0]LogTcpMessaging: Initializing TcpMessaging bridge
[2018.12.10-17.35.21:791][  0]LogUdpMessaging: Initializing bridge on interface 0.0.0.0:0 to multicast group 230.0.0.1:6666.
[2018.12.10-17.35.22:310][  0]SourceControl: Source control is disabled
[2018.12.10-17.35.22:310][  0]SourceControl: Source control is disabled
[2018.12.10-17.35.22:311][  0]SourceControl: Source control is disabled
[2018.12.10-17.35.22:311][  0]SourceControl: Source control is disabled
[2018.12.10-17.35.22:447][  0]LogAndroidPermission: UAndroidPermissionCallbackProxy::GetInstance
[2018.12.10-17.35.22:496][  0]LogOcInput: OculusInput pre-init called
[2018.12.10-17.35.22:615][  0]LogEngine: Initializing Engine...
[2018.12.10-17.35.22:615][  0]LogHMD: Failed to initialize OpenVR with code 110
[2018.12.10-17.35.22:616][  0]LogStats: UGameplayTagsManager::ConstructGameplayTagTree: ImportINI prefixes -  0.000 s
[2018.12.10-17.35.22:616][  0]LogStats: UGameplayTagsManager::ConstructGameplayTagTree: Construct from data asset -  0.000 s
[2018.12.10-17.35.22:616][  0]LogStats: UGameplayTagsManager::ConstructGameplayTagTree: ImportINI -  0.000 s
[2018.12.10-17.35.22:616][  0]LogStats: UGameplayTagsManager::ConstructGameplayTagTree: GameplayTagTreeChangedEvent.Broadcast -  0.000 s
[2018.12.10-17.35.22:786][  0]LogInit: Initializing FReadOnlyCVARCache
[2018.12.10-17.35.22:792][  0]LogAIModule: Creating AISystem for world Untitled
[2018.12.10-17.35.22:844][  0]LogInit: XAudio2 using 'Speakers (Samson Meteor Mic)' : 2 channels at 48 kHz using 16 bits per sample (channel mask 0x3)
[2018.12.10-17.35.22:860][  0]LogInit: FAudioDevice initialized.
[2018.12.10-17.35.22:860][  0]LogNetVersion: Set ProjectVersion to 1.0.0.0. Version Checksum will be recalculated on next use.
[2018.12.10-17.35.22:896][  0]LogDerivedDataCache: Saved boot cache 0.04s 71MB C:/Users/ThaneAcheron/AppData/Local/UnrealEngine/4.21/DerivedDataCache/Boot.ddc.
[2018.12.10-17.35.22:904][  0]LogInit: Texture streaming: Enabled
[2018.12.10-17.35.22:912][  0]LogEngineSessionManager: EngineSessionManager initialized
[2018.12.10-17.35.22:919][  0]LogInit: Transaction tracking system initialized
[2018.12.10-17.35.22:931][  0]BlueprintLog: New page: Editor Load
[2018.12.10-17.35.22:966][  0]LocalizationService: Localization service is disabled
[2018.12.10-17.35.23:308][  0]LogFileCache: Scanning file cache for directory 'H:/Git/Unreal-CPlusPlus-Journey/BuildingEscape/Content/' took 0.01s
[2018.12.10-17.35.23:308][  0]LogCook: Display: Max memory allowance for cook 16384mb min free memory 0mb
[2018.12.10-17.35.23:308][  0]LogCook: Display: Mobile HDR setting 1
[2018.12.10-17.35.23:308][  0]LogGameplayTags: Display: UGameplayTagsManager::DoneAddingNativeTags. DelegateIsBound: 0
[2018.12.10-17.35.23:308][  0]LogStats: UGameplayTagsManager::ConstructGameplayTagTree: ImportINI prefixes -  0.000 s
[2018.12.10-17.35.23:308][  0]LogStats: UGameplayTagsManager::ConstructGameplayTagTree: Construct from data asset -  0.000 s
[2018.12.10-17.35.23:308][  0]LogStats: UGameplayTagsManager::ConstructGameplayTagTree: ImportINI -  0.000 s
[2018.12.10-17.35.23:308][  0]LogStats: UGameplayTagsManager::ConstructGameplayTagTree: GameplayTagTreeChangedEvent.Broadcast -  0.000 s
[2018.12.10-17.35.23:381][  0]SourceControl: Source control is disabled
[2018.12.10-17.35.23:484][  0]LogWindowsTextInputMethodSystem: Display: IME system now deactivated.
[2018.12.10-17.35.23:486][  0]LogSlate: Took 0.000115 seconds to synchronously load lazily loaded font '../../../Engine/Content/Slate/Fonts/Roboto-Regular.ttf' (155K)
[2018.12.10-17.35.26:299][  0]LogSlate: Window 'Restore Packages' being destroyed
[2018.12.10-17.35.26:299][  0]LogWindowsTextInputMethodSystem: Display: IME system now deactivated.
[2018.12.10-17.35.26:301][  0]LogWindowsTextInputMethodSystem: Display: IME system now deactivated.
[2018.12.10-17.35.26:304][  0]Cmd: MAP LOAD FILE="../../../../Git/Unreal-CPlusPlus-Journey/BuildingEscape/Content/NewMap.umap" TEMPLATE=0 SHOWPROGRESS=1 FEATURELEVEL=3
[2018.12.10-17.35.26:304][  0]LightingResults: New page: Lighting Build
[2018.12.10-17.35.26:306][  0]MapCheck: New page: Map Check
[2018.12.10-17.35.26:306][  0]LightingResults: New page: Lighting Build
[2018.12.10-17.35.26:555][  0]LogTexture: Display: Building textures: HQ_Lightmap0_2 (AutoDXT, 64X64)
[2018.12.10-17.35.26:555][  0]LogTexture: Display: Building textures: HQ_Lightmap0_1 (AutoDXT, 1024X1024)
[2018.12.10-17.35.26:555][  0]LogTexture: Display: Building textures: LQ_Lightmap_0_2 (DXT1, 64X64)
[2018.12.10-17.35.26:555][  0]LogTexture: Display: Building textures: LQ_Lightmap_0_1 (DXT1, 1024X1024)
[2018.12.10-17.35.26:663][  0]LogAIModule: Creating AISystem for world NewMap
[2018.12.10-17.35.26:669][  0]LogEditorServer: Finished looking for orphan Actors (0.000 secs)
[2018.12.10-17.35.26:688][  0]Cmd: MAP CHECKDEP NOCLEARLOG
[2018.12.10-17.35.26:688][  0]MapCheck: Map check complete: 0 Error(s), 0 Warning(s), took 0,08ms to complete.
[2018.12.10-17.35.26:688][  0]LogFileHelpers: Loading map 'NewMap' took 0.384
[2018.12.10-17.35.26:718][  0]LogSlate: Updating window title bar state: overlay mode, drag disabled, window buttons hidden, title bar hidden
[2018.12.10-17.35.26:723][  0]LogSlate: Updating window title bar state: overlay mode, drag disabled, window buttons hidden, title bar hidden
[2018.12.10-17.35.26:728][  0]LogSlate: Updating window title bar state: overlay mode, drag disabled, window buttons hidden, title bar hidden
[2018.12.10-17.35.26:733][  0]LogSlate: Updating window title bar state: overlay mode, drag disabled, window buttons hidden, title bar hidden
[2018.12.10-17.35.26:738][  0]LogCollectionManager: Loaded 0 collections in 0.000612 seconds
[2018.12.10-17.35.26:751][  0]LogFileCache: Scanning file cache for directory 'H:/Git/Unreal-CPlusPlus-Journey/BuildingEscape/Saved/Collections/' took 0.01s
[2018.12.10-17.35.26:751][  0]LogFileCache: Scanning file cache for directory 'H:/Git/Unreal-CPlusPlus-Journey/BuildingEscape/Content/Developers/ThaneAcheron/Collections/' took 0.00s
[2018.12.10-17.35.26:751][  0]LogFileCache: Scanning file cache for directory 'H:/Git/Unreal-CPlusPlus-Journey/BuildingEscape/Content/Collections/' took 0.00s
[2018.12.10-17.35.26:751][  0]LogCollectionManager: Rebuilt the GUID cache for 0 collections in 0.000000 seconds
[2018.12.10-17.35.26:758][  0]LogContentBrowser: Native class hierarchy populated in 0.0066 seconds. Added 2656 classes and 622 folders.
[2018.12.10-17.35.26:761][  0]LogContentBrowser: Native class hierarchy updated for 'WidgetCarousel' in 0.0002 seconds. Added 0 classes and 0 folders.
[2018.12.10-17.35.26:762][  0]LogPakFile: Registered encryption key '00000000000000000000000000000000': 0 pak files mounted, 0 remain pending
[2018.12.10-17.35.26:763][  0]LogPakFile: Registered encryption key '00000000000000000000000000000000': 0 pak files mounted, 0 remain pending
[2018.12.10-17.35.26:763][  0]LogPakFile: Registered encryption key '00000000000000000000000000000000': 0 pak files mounted, 0 remain pending
[2018.12.10-17.35.26:763][  0]LogPakFile: Registered encryption key '00000000000000000000000000000000': 0 pak files mounted, 0 remain pending
[2018.12.10-17.35.26:763][  0]LogPakFile: Registered encryption key '00000000000000000000000000000000': 0 pak files mounted, 0 remain pending
[2018.12.10-17.35.26:764][  0]LogPakFile: Registered encryption key '00000000000000000000000000000000': 0 pak files mounted, 0 remain pending
[2018.12.10-17.35.26:764][  0]LogPakFile: Registered encryption key '00000000000000000000000000000000': 0 pak files mounted, 0 remain pending
[2018.12.10-17.35.26:764][  0]LogPakFile: Registered encryption key '00000000000000000000000000000000': 0 pak files mounted, 0 remain pending
[2018.12.10-17.35.26:765][  0]LogPakFile: Registered encryption key '00000000000000000000000000000000': 0 pak files mounted, 0 remain pending
[2018.12.10-17.35.26:765][  0]LogPakFile: Registered encryption key '00000000000000000000000000000000': 0 pak files mounted, 0 remain pending
[2018.12.10-17.35.26:765][  0]LogPakFile: Registered encryption key '00000000000000000000000000000000': 0 pak files mounted, 0 remain pending
[2018.12.10-17.35.26:766][  0]LogPakFile: Registered encryption key '00000000000000000000000000000000': 0 pak files mounted, 0 remain pending
[2018.12.10-17.35.26:766][  0]LogPakFile: Registered encryption key '00000000000000000000000000000000': 0 pak files mounted, 0 remain pending
[2018.12.10-17.35.26:766][  0]LogPakFile: Registered encryption key '00000000000000000000000000000000': 0 pak files mounted, 0 remain pending
[2018.12.10-17.35.26:767][  0]LogPakFile: Registered encryption key '00000000000000000000000000000000': 0 pak files mounted, 0 remain pending
[2018.12.10-17.35.26:767][  0]LogPakFile: Registered encryption key '00000000000000000000000000000000': 0 pak files mounted, 0 remain pending
[2018.12.10-17.35.26:767][  0]LogPakFile: Registered encryption key '00000000000000000000000000000000': 0 pak files mounted, 0 remain pending
[2018.12.10-17.35.26:767][  0]LogPakFile: Registered encryption key '00000000000000000000000000000000': 0 pak files mounted, 0 remain pending
[2018.12.10-17.35.26:768][  0]LogPakFile: Registered encryption key '00000000000000000000000000000000': 0 pak files mounted, 0 remain pending
[2018.12.10-17.35.26:768][  0]LogPakFile: Registered encryption key '00000000000000000000000000000000': 0 pak files mounted, 0 remain pending
[2018.12.10-17.35.26:768][  0]LogPakFile: Registered encryption key '00000000000000000000000000000000': 0 pak files mounted, 0 remain pending
[2018.12.10-17.35.26:769][  0]LogPakFile: Registered encryption key '00000000000000000000000000000000': 0 pak files mounted, 0 remain pending
[2018.12.10-17.35.26:769][  0]LogPakFile: Registered encryption key '00000000000000000000000000000000': 0 pak files mounted, 0 remain pending
[2018.12.10-17.35.26:769][  0]LogPakFile: Registered encryption key '00000000000000000000000000000000': 0 pak files mounted, 0 remain pending
[2018.12.10-17.35.26:770][  0]LogPakFile: Registered encryption key '00000000000000000000000000000000': 0 pak files mounted, 0 remain pending
[2018.12.10-17.35.26:770][  0]LogPakFile: Registered encryption key '00000000000000000000000000000000': 0 pak files mounted, 0 remain pending
[2018.12.10-17.35.26:788][  0]LogContentBrowser: Native class hierarchy updated for 'AddContentDialog' in 0.0002 seconds. Added 0 classes and 0 folders.
[2018.12.10-17.35.26:791][  0]LogContentBrowser: Native class hierarchy updated for 'SceneOutliner' in 0.0003 seconds. Added 1 classes and 2 folders.
[2018.12.10-17.35.26:801][  0]LogSlate: Took 0.000112 seconds to synchronously load lazily loaded font '../../../Engine/Content/Slate/Fonts/Roboto-Bold.ttf' (160K)
[2018.12.10-17.35.26:805][  0]LogSlate: Took 0.000107 seconds to synchronously load lazily loaded font '../../../Engine/Content/Editor/Slate/Fonts/FontAwesome.ttf' (139K)
[2018.12.10-17.35.26:842][  0]LogRenderer: Reallocating scene render targets to support 1208x624 Format 10 NumSamples 1 (Frame:1).
[2018.12.10-17.35.26:877][  0]LogSlate: Took 0.000120 seconds to synchronously load lazily loaded font '../../../Engine/Content/Slate/Fonts/Roboto-Light.ttf' (167K)
[2018.12.10-17.35.26:926][  0]LogContentBrowser: Native class hierarchy updated for 'HierarchicalLODOutliner' in 0.0002 seconds. Added 0 classes and 0 folders.
[2018.12.10-17.35.26:926][  0]LogLoad: (Engine Initialization) Total time: 9.27 seconds
[2018.12.10-17.35.26:926][  0]LogLoad: (Engine Initialization) Total Blueprint compile time: 0.00 seconds
[2018.12.10-17.35.26:985][  0]LogContentStreaming: Texture pool size now 1000 MB
[2018.12.10-17.35.27:014][  1]LogAssetRegistry: Asset discovery search completed in 6.5584 seconds
[2018.12.10-17.35.27:015][  1]LogCollectionManager: Rebuilt the object cache for 0 collections in 0.000000 seconds (found 0 objects)
[2018.12.10-17.35.27:015][  1]LogCollectionManager: Fixed up redirectors for 0 collections in 0.000045 seconds (updated 0 objects)
[2018.12.10-17.35.28:573][177]LogSlate: FSceneViewport::OnFocusLost() reason 0
[2018.12.10-17.35.28:672][189]LogTemp: Repeating last play command: Selected Viewport
[2018.12.10-17.35.28:682][189]LogBlueprintUserMessages: Early PlayInEditor Detection: Level '/Game/NewMap.NewMap:PersistentLevel' has LevelScriptBlueprint '/Game/NewMap.NewMap:PersistentLevel.NewMap' with GeneratedClass '/Game/NewMap.NewMap_C' with ClassGeneratedBy '/Game/NewMap.NewMap:PersistentLevel.NewMap'
[2018.12.10-17.35.28:682][189]LogPlayLevel: PlayLevel: No blueprints needed recompiling
[2018.12.10-17.35.28:683][189]PIE: New page: PIE session: NewMap (10 Dec 2018, 9:35:28 PM)
[2018.12.10-17.35.28:696][189]LogPlayLevel: Creating play world package: /Game/UEDPIE_0_NewMap
[2018.12.10-17.35.28:699][189]LogPlayLevel: PIE: StaticDuplicateObject took: (0.003795s)
[2018.12.10-17.35.28:699][189]LogAIModule: Creating AISystem for world NewMap
[2018.12.10-17.35.28:699][189]LogPlayLevel: PIE: World Init took: (0.000490s)
[2018.12.10-17.35.28:699][189]LogPlayLevel: PIE: Created PIE world by copying editor world from /Game/NewMap.NewMap to /Game/UEDPIE_0_NewMap.NewMap (0.004528s)
[2018.12.10-17.35.28:730][189]LogInit: XAudio2 using 'Speakers (Samson Meteor Mic)' : 2 channels at 48 kHz using 16 bits per sample (channel mask 0x3)
[2018.12.10-17.35.28:737][189]LogInit: FAudioDevice initialized.
[2018.12.10-17.35.28:784][189]LogLoad: Game class is 'BuildingEscapeGameModeBase_BP_C'
[2018.12.10-17.35.28:786][189]LogWorld: Bringing World /Game/UEDPIE_0_NewMap.NewMap up for play (max tick rate 0) at 2018.12.10-19.35.28
[2018.12.10-17.35.28:787][189]LogWorld: Bringing up level for play took: 0.000986
[2018.12.10-17.35.28:800][189]LogContentBrowser: Native class hierarchy updated for 'MovieSceneCapture' in 0.0003 seconds. Added 20 classes and 0 folders.
[2018.12.10-17.35.28:801][189]LogTemp: Warning: SM_Chair2 is a X=-284.338 Y=290.604 Z=28.290
[2018.12.10-17.35.28:801][189]LogTemp: Warning: SM_TableRound_9 is a X=-220.000 Y=310.000 Z=20.000
[2018.12.10-17.35.28:802][189]PIE: Play in editor start time for /Game/UEDPIE_0_NewMap -0,358
[2018.12.10-17.35.28:802][189]LogBlueprintUserMessages: Late PlayInEditor Detection: Level '/Game/NewMap.NewMap:PersistentLevel' has LevelScriptBlueprint '/Game/NewMap.NewMap:PersistentLevel.NewMap' with GeneratedClass '/Game/NewMap.NewMap_C' with ClassGeneratedBy '/Game/NewMap.NewMap:PersistentLevel.NewMap'
[2018.12.10-17.35.28:802][189]LogTemp: Warning: Location: ViewPoint X=-235.000 Y=0.000 Z=112.001 || Rotation: Rotation P=0.000000 Y=0.000000 R=0.000000
[2018.12.10-17.35.29:656][189]LogWindows: Error: === Critical error: ===
[2018.12.10-17.35.29:656][189]LogWindows: Error: 
[2018.12.10-17.35.29:656][189]LogWindows: Error: Fatal error!
[2018.12.10-17.35.29:656][189]LogWindows: Error: 
[2018.12.10-17.35.29:656][189]LogWindows: Error: Unhandled Exception: EXCEPTION_ACCESS_VIOLATION reading address 0x00000018
[2018.12.10-17.35.29:656][189]LogWindows: Error: 
[2018.12.10-17.35.29:656][189]LogWindows: Error: [Callstack] 0x00007ffb7c4925d9 UE4Editor-BuildingEscape-5450.dll!UGrabber::TickComponent() [h:\git\unreal-cplusplus-journey\buildingescape\source\buildingescape\grabber.cpp:58]
[2018.12.10-17.35.29:656][189]LogWindows: Error: [Callstack] 0x00007ffb8e459af4 UE4Editor-Engine.dll!UnknownFunction []
[2018.12.10-17.35.29:656][189]LogWindows: Error: [Callstack] 0x00007ffb8e47e524 UE4Editor-Engine.dll!UnknownFunction []
[2018.12.10-17.35.29:656][189]LogWindows: Error: [Callstack] 0x00007ffb8f2e3b8d UE4Editor-Engine.dll!UnknownFunction []
[2018.12.10-17.35.29:656][189]LogWindows: Error: [Callstack] 0x00007ffb91391798 UE4Editor-Core.dll!UnknownFunction []
[2018.12.10-17.35.29:656][189]LogWindows: Error: [Callstack] 0x00007ffb913919e0 UE4Editor-Core.dll!UnknownFunction []
[2018.12.10-17.35.29:656][189]LogWindows: Error: [Callstack] 0x00007ffb8f33a889 UE4Editor-Engine.dll!UnknownFunction []
[2018.12.10-17.35.29:656][189]LogWindows: Error: [Callstack] 0x00007ffb8f34a812 UE4Editor-Engine.dll!UnknownFunction []
[2018.12.10-17.35.29:656][189]LogWindows: Error: [Callstack] 0x00007ffb8ea1b8c4 UE4Editor-Engine.dll!UnknownFunction []
[2018.12.10-17.35.29:656][189]LogWindows: Error: [Callstack] 0x00007ffb8ea27b99 UE4Editor-Engine.dll!UnknownFunction []
[2018.12.10-17.35.29:656][189]LogWindows: Error: [Callstack] 0x00007ffb8b941fa5 UE4Editor-UnrealEd.dll!UnknownFunction []
[2018.12.10-17.35.29:656][189]LogWindows: Error: [Callstack] 0x00007ffb8c262256 UE4Editor-UnrealEd.dll!UnknownFunction []
[2018.12.10-17.35.29:656][189]LogWindows: Error: [Callstack] 0x00007ff676db6225 UE4Editor.exe!UnknownFunction []
[2018.12.10-17.35.29:656][189]LogWindows: Error: [Callstack] 0x00007ff676dc596c UE4Editor.exe!UnknownFunction []
[2018.12.10-17.35.29:657][189]LogWindows: Error: [Callstack] 0x00007ff676dc59ea UE4Editor.exe!UnknownFunction []
[2018.12.10-17.35.29:657][189]LogWindows: Error: [Callstack] 0x00007ff676dd48da UE4Editor.exe!UnknownFunction []
[2018.12.10-17.35.29:657][189]LogWindows: Error: [Callstack] 0x00007ff676dd659a UE4Editor.exe!UnknownFunction []
[2018.12.10-17.35.29:657][189]LogWindows: Error: [Callstack] 0x00007ffbeb553034 KERNEL32.DLL!UnknownFunction []
[2018.12.10-17.35.29:657][189]LogWindows: Error: [Callstack] 0x00007ffbeb9d1471 ntdll.dll!UnknownFunction []
[2018.12.10-17.35.29:657][189]LogWindows: Error: 
[2018.12.10-17.35.29:664][189]LogExit: Executing StaticShutdownAfterError
[2018.12.10-17.35.29:665][189]LogWindows: FPlatformMisc::RequestExit(1)
[2018.12.10-17.35.29:670][189]Log file closed, 12/10/18 19:35:29
