Log file open, 12/09/18 00:34:25
LogWindows: Failed to load 'aqProf.dll' (GetLastError=126)
LogWindows: File 'aqProf.dll' does not exist
LogWindows: Failed to load 'VtuneApi.dll' (GetLastError=126)
LogWindows: File 'VtuneApi.dll' does not exist
LogWindows: Failed to load 'VtuneApi32e.dll' (GetLastError=126)
LogWindows: File 'VtuneApi32e.dll' does not exist
LogConsoleResponse: Display: Failed to find resolution value strings in scalability ini. Falling back to default.
LogInit: Display: Running engine for game: BuildingEscape
LogPakFile: Registered encryption key '00000000000000000000000000000000': 0 pak files mounted, 0 remain pending
LogPlatformFile: Not using cached read wrapper
LogTaskGraph: Started task graph with 5 named threads and 20 total threads with 3 sets of task threads.
LogStats: Stats thread started at 0.223541
LogD3D11RHI: Loaded GFSDK_Aftermath_Lib.x64.dll
LogICUInternationalization: ICU TimeZone Detection - Raw Offset: +2:00, Platform Override: ''
LogPluginManager: Mounting plugin Paper2D
LogPluginManager: Mounting plugin AISupport
LogPluginManager: Mounting plugin LightPropagationVolume
LogPluginManager: Mounting plugin ActorLayerUtilities
LogPluginManager: Mounting plugin CLionSourceCodeAccess
LogPluginManager: Mounting plugin CodeLiteSourceCodeAccess
LogPluginManager: Mounting plugin GitSourceControl
LogPluginManager: Mounting plugin KDevelopSourceCodeAccess
LogPluginManager: Mounting plugin NullSourceCodeAccess
LogPluginManager: Mounting plugin PerforceSourceControl
LogPluginManager: Mounting plugin SubversionSourceControl
LogPluginManager: Mounting plugin UObjectPlugin
LogPluginManager: Mounting plugin VisualStudioCodeSourceCodeAccess
LogPluginManager: Mounting plugin VisualStudioSourceCodeAccess
LogPluginManager: Mounting plugin XCodeSourceCodeAccess
LogPluginManager: Mounting plugin AssetManagerEditor
LogPluginManager: Mounting plugin CryptoKeys
LogPluginManager: Mounting plugin DataValidation
LogPluginManager: Mounting plugin FacialAnimation
LogPluginManager: Mounting plugin GameplayTagsEditor
LogPluginManager: Mounting plugin MacGraphicsSwitching
LogPluginManager: Mounting plugin MeshEditor
LogPluginManager: Mounting plugin MobileLauncherProfileWizard
LogPluginManager: Mounting plugin PluginBrowser
LogPluginManager: Mounting plugin SpeedTreeImporter
LogPluginManager: Mounting plugin DatasmithContent
LogPluginManager: Mounting plugin VariantManagerContent
LogPluginManager: Mounting plugin AlembicImporter
LogPluginManager: Mounting plugin AppleImageUtils
LogPluginManager: Mounting plugin AppleVision
LogPluginManager: Mounting plugin BackChannel
LogPluginManager: Mounting plugin CharacterAI
LogPluginManager: Mounting plugin GeometryCache
LogPluginManager: Mounting plugin HTML5Networking
LogPluginManager: Mounting plugin ProxyLODPlugin
LogPluginManager: Mounting plugin MagicLeap
LogPluginManager: Mounting plugin MagicLeapMedia
LogPluginManager: Mounting plugin AndroidMedia
LogPluginManager: Mounting plugin AvfMedia
LogPluginManager: Mounting plugin ImgMedia
LogPluginManager: Mounting plugin LinearTimecode
LogPluginManager: Mounting plugin MediaCompositing
LogPluginManager: Mounting plugin MediaPlayerEditor
LogPluginManager: Mounting plugin WebMMedia
LogPluginManager: Mounting plugin WmfMedia
LogPluginManager: Mounting plugin TcpMessaging
LogPluginManager: Mounting plugin UdpMessaging
LogPluginManager: Mounting plugin ActorSequence
LogPluginManager: Mounting plugin LevelSequenceEditor
LogPluginManager: Mounting plugin MatineeToLevelSequence
LogPluginManager: Mounting plugin NetcodeUnitTest
LogPluginManager: Mounting plugin NUTUnrealEngine4
LogPluginManager: Mounting plugin OnlineSubsystemGooglePlay
LogPluginManager: Mounting plugin OnlineSubsystemIOS
LogPluginManager: Mounting plugin OnlineSubsystem
LogPluginManager: Mounting plugin OnlineSubsystemNull
LogPluginManager: Mounting plugin OnlineSubsystemUtils
LogPluginManager: Mounting plugin LauncherChunkInstaller
LogPluginManager: Mounting plugin AndroidDeviceProfileSelector
LogPluginManager: Mounting plugin AndroidMoviePlayer
LogPluginManager: Mounting plugin AndroidPermission
LogPluginManager: Mounting plugin AppleMoviePlayer
LogPluginManager: Mounting plugin ArchVisCharacter
LogPluginManager: Mounting plugin AudioCapture
LogPluginManager: Mounting plugin CableComponent
LogPluginManager: Mounting plugin CustomMeshComponent
LogPluginManager: Mounting plugin EditableMesh
LogPluginManager: Mounting plugin ExampleDeviceProfileSelector
LogPluginManager: Mounting plugin Firebase
LogPluginManager: Mounting plugin GoogleCloudMessaging
LogPluginManager: Mounting plugin IOSDeviceProfileSelector
LogPluginManager: Mounting plugin LinuxDeviceProfileSelector
LogPluginManager: Mounting plugin LocationServicesBPLibrary
LogPluginManager: Mounting plugin MobilePatchingUtils
LogPluginManager: Mounting plugin OculusVR
LogPluginManager: Mounting plugin PhysXVehicles
LogPluginManager: Mounting plugin ProceduralMeshComponent
LogPluginManager: Mounting plugin RuntimePhysXCooking
LogPluginManager: Mounting plugin SteamVR
LogPluginManager: Mounting plugin WebMMoviePlayer
LogPluginManager: Mounting plugin WindowsMoviePlayer
LogStreaming: Display: Took  0.050s to configure plugins.
LogInit: Using libcurl 7.55.1-DEV
LogInit:  - built for x86_64-pc-win32
LogInit:  - supports SSL with OpenSSL/1.0.2h
LogInit:  - supports HTTP deflate (compression) using libz 1.2.8
LogInit:  - other features:
LogInit:      CURL_VERSION_SSL
LogInit:      CURL_VERSION_LIBZ
LogInit:      CURL_VERSION_IPV6
LogInit:      CURL_VERSION_ASYNCHDNS
LogInit:      CURL_VERSION_LARGEFILE
LogInit:      CURL_VERSION_IDN
LogInit:  CurlRequestOptions (configurable via config and command line):
LogInit:  - bVerifyPeer = true  - Libcurl will verify peer certificate
LogInit:  - bUseHttpProxy = false  - Libcurl will NOT use HTTP proxy
LogInit:  - bDontReuseConnections = false  - Libcurl will reuse connections
LogInit:  - MaxHostConnections = 16  - Libcurl will limit the number of connections to a host
LogInit:  - LocalHostAddr = Default
LogInit:  - BufferSize = 65536
LogInit: WinSock: version 1.1 (2.2), MaxSocks=32767, MaxUdp=65467
LogInit: Build: ++UE4+Release-4.21-CL-4541578
LogInit: Engine Version: 4.21.0-4541578+++UE4+Release-4.21
LogInit: Compatible Engine Version: 4.21.0-4541578+++UE4+Release-4.21
LogInit: Net CL: 4541578
LogInit: OS: Windows 10 (), CPU: Intel(R) Core(TM) i5-8600K CPU @ 3.60GHz, GPU: NVIDIA GeForce GTX 1060 6GB
LogInit: Compiled (64-bit): Nov  6 2018 02:04:24
LogInit: Compiled with Visual C++: 19.13.26129.00
LogInit: Build Configuration: Development
LogInit: Branch Name: ++UE4+Release-4.21
LogInit: Command Line: 
LogInit: Base Directory: H:/UE_4.21/Engine/Binaries/Win64/
LogInit: Installed Engine Build: 1
LogDevObjectVersion: Number of dev versions registered: 22
LogDevObjectVersion:   Dev-Blueprints (B0D832E4-1F89-4F0D-ACCF-7EB736FD4AA2): 10
LogDevObjectVersion:   Dev-Build (E1C64328-A22C-4D53-A36C-8E866417BD8C): 0
LogDevObjectVersion:   Dev-Core (375EC13C-06E4-48FB-B500-84F0262A717E): 2
LogDevObjectVersion:   Dev-Editor (E4B068ED-F494-42E9-A231-DA0B2E46BB41): 26
LogDevObjectVersion:   Dev-Framework (CFFC743F-43B0-4480-9391-14DF171D2073): 34
LogDevObjectVersion:   Dev-Mobile (B02B49B5-BB20-44E9-A304-32B752E40360): 2
LogDevObjectVersion:   Dev-Networking (A4E4105C-59A1-49B5-A7C5-40C4547EDFEE): 0
LogDevObjectVersion:   Dev-Online (39C831C9-5AE6-47DC-9A44-9C173E1C8E7C): 0
LogDevObjectVersion:   Dev-Physics (78F01B33-EBEA-4F98-B9B4-84EACCB95AA2): 0
LogDevObjectVersion:   Dev-Platform (6631380F-2D4D-43E0-8009-CF276956A95A): 0
LogDevObjectVersion:   Dev-Rendering (12F88B9F-8875-4AFC-A67C-D90C383ABD29): 27
LogDevObjectVersion:   Dev-Sequencer (7B5AE74C-D270-4C10-A958-57980B212A5A): 9
LogDevObjectVersion:   Dev-VR (D7296918-1DD6-4BDD-9DE2-64A83CC13884): 2
LogDevObjectVersion:   Dev-LoadTimes (C2A15278-BFE7-4AFE-6C17-90FF531DF755): 1
LogDevObjectVersion:   Private-Geometry (6EACA3D4-40EC-4CC1-B786-8BED09428FC5): 3
LogDevObjectVersion:   Dev-AnimPhys (29E575DD-E0A3-4627-9D10-D276232CDCEA): 17
LogDevObjectVersion:   Dev-Anim (AF43A65D-7FD3-4947-9873-3E8ED9C1BB05): 2
LogDevObjectVersion:   Dev-ReflectionCapture (6B266CEC-1EC7-4B8F-A30B-E4D90942FC07): 1
LogDevObjectVersion:   Dev-Automation (0DF73D61-A23F-47EA-B727-89E90C41499A): 1
LogDevObjectVersion:   FortniteMain (601D1886-AC64-4F84-AA16-D3DE0DEAC7D6): 17
LogDevObjectVersion:   Dev-Enterprise (9DFFBCD6-494F-0158-E221-12823C92A888): 4
LogDevObjectVersion:   Dev-Niagara (F2AED0AC-9AFE-416F-8664-AA7FFA26D6FC): 1
LogStreaming: Display: Took  0.000s to delete old logs.
LogInit: Presizing for max 8388607 objects, including 0 objects not considered by GC, pre-allocating 0 bytes for permanent pool.
LogInit: Object subsystem initialized
LogConfig: Setting CVar [[con.DebugEarlyDefault:1]]
LogConfig: Setting CVar [[r.setres:1280x720]]
[2018.12.08-22.34.25:728][  0]LogConfig: Setting CVar [[r.VSync:0]]
[2018.12.08-22.34.25:728][  0]LogConfig: Setting CVar [[r.RHICmdBypass:0]]
[2018.12.08-22.34.25:728][  0]LogConfig: Applying CVar settings from Section [/Script/Engine.RendererSettings] File [H:/Git/Unreal-CPlusPlus-Journey/BuildingEscape/Saved/Config/Windows/Engine.ini]
[2018.12.08-22.34.25:728][  0]LogConfig: Setting CVar [[r.GPUCrashDebugging:0]]
[2018.12.08-22.34.25:728][  0]LogConfig: Applying CVar settings from Section [/Script/Engine.RendererOverrideSettings] File [H:/Git/Unreal-CPlusPlus-Journey/BuildingEscape/Saved/Config/Windows/Engine.ini]
[2018.12.08-22.34.25:728][  0]LogConfig: Applying CVar settings from Section [/Script/Engine.StreamingSettings] File [H:/Git/Unreal-CPlusPlus-Journey/BuildingEscape/Saved/Config/Windows/Engine.ini]
[2018.12.08-22.34.25:728][  0]LogConfig: Setting CVar [[s.MinBulkDataSizeForAsyncLoading:131072]]
[2018.12.08-22.34.25:728][  0]LogConfig: Setting CVar [[s.AsyncLoadingThreadEnabled:0]]
[2018.12.08-22.34.25:728][  0]LogConfig: Setting CVar [[s.EventDrivenLoaderEnabled:1]]
[2018.12.08-22.34.25:728][  0]LogConfig: Setting CVar [[s.WarnIfTimeLimitExceeded:0]]
[2018.12.08-22.34.25:728][  0]LogConfig: Setting CVar [[s.TimeLimitExceededMultiplier:1.5]]
[2018.12.08-22.34.25:728][  0]LogConfig: Setting CVar [[s.TimeLimitExceededMinTime:0.005]]
[2018.12.08-22.34.25:728][  0]LogConfig: Setting CVar [[s.UseBackgroundLevelStreaming:1]]
[2018.12.08-22.34.25:728][  0]LogConfig: Setting CVar [[s.PriorityAsyncLoadingExtraTime:15.0]]
[2018.12.08-22.34.25:728][  0]LogConfig: Setting CVar [[s.LevelStreamingActorsUpdateTimeLimit:5.0]]
[2018.12.08-22.34.25:728][  0]LogConfig: Setting CVar [[s.PriorityLevelStreamingActorsUpdateExtraTime:5.0]]
[2018.12.08-22.34.25:728][  0]LogConfig: Setting CVar [[s.LevelStreamingComponentsRegistrationGranularity:10]]
[2018.12.08-22.34.25:728][  0]LogConfig: Setting CVar [[s.UnregisterComponentsTimeLimit:1.0]]
[2018.12.08-22.34.25:728][  0]LogConfig: Setting CVar [[s.LevelStreamingComponentsUnregistrationGranularity:5]]
[2018.12.08-22.34.25:728][  0]LogConfig: Applying CVar settings from Section [/Script/Engine.GarbageCollectionSettings] File [H:/Git/Unreal-CPlusPlus-Journey/BuildingEscape/Saved/Config/Windows/Engine.ini]
[2018.12.08-22.34.25:728][  0]LogConfig: Setting CVar [[gc.MaxObjectsNotConsideredByGC:1]]
[2018.12.08-22.34.25:728][  0]LogConfig: Setting CVar [[gc.SizeOfPermanentObjectPool:0]]
[2018.12.08-22.34.25:728][  0]LogConfig: Setting CVar [[gc.FlushStreamingOnGC:0]]
[2018.12.08-22.34.25:728][  0]LogConfig: Setting CVar [[gc.NumRetriesBeforeForcingGC:10]]
[2018.12.08-22.34.25:728][  0]LogConfig: Setting CVar [[gc.AllowParallelGC:1]]
[2018.12.08-22.34.25:728][  0]LogConfig: Setting CVar [[gc.TimeBetweenPurgingPendingKillObjects:61.1]]
[2018.12.08-22.34.25:728][  0]LogConfig: Setting CVar [[gc.MaxObjectsInEditor:8388607]]
[2018.12.08-22.34.25:728][  0]LogConfig: Setting CVar [[gc.IncrementalBeginDestroyEnabled:1]]
[2018.12.08-22.34.25:729][  0]LogConfig: Setting CVar [[gc.CreateGCClusters:1]]
[2018.12.08-22.34.25:729][  0]LogConfig: Setting CVar [[gc.MergeGCClusters:0]]
[2018.12.08-22.34.25:729][  0]LogConfig: Setting CVar [[gc.MinGCClusterSize:5]]
[2018.12.08-22.34.25:729][  0]LogConfig: Setting CVar [[gc.ActorClusteringEnabled:0]]
[2018.12.08-22.34.25:729][  0]LogConfig: Setting CVar [[gc.BlueprintClusteringEnabled:0]]
[2018.12.08-22.34.25:729][  0]LogConfig: Setting CVar [[gc.UseDisregardForGCOnDedicatedServers:0]]
[2018.12.08-22.34.25:729][  0]LogConfig: Applying CVar settings from Section [/Script/Engine.NetworkSettings] File [H:/Git/Unreal-CPlusPlus-Journey/BuildingEscape/Saved/Config/Windows/Engine.ini]
[2018.12.08-22.34.25:729][  0]LogConfig: Applying CVar settings from Section [/Script/UnrealEd.CookerSettings] File [H:/Git/Unreal-CPlusPlus-Journey/BuildingEscape/Saved/Config/Windows/Engine.ini]
[2018.12.08-22.34.25:733][  0]LogConfig: Applying CVar settings from Section [ViewDistanceQuality@3] File [H:/Git/Unreal-CPlusPlus-Journey/BuildingEscape/Saved/Config/Windows/Scalability.ini]
[2018.12.08-22.34.25:733][  0]LogConfig: Setting CVar [[r.SkeletalMeshLODBias:0]]
[2018.12.08-22.34.25:733][  0]LogConfig: Setting CVar [[r.ViewDistanceScale:1.0]]
[2018.12.08-22.34.25:733][  0]LogConfig: Applying CVar settings from Section [AntiAliasingQuality@3] File [H:/Git/Unreal-CPlusPlus-Journey/BuildingEscape/Saved/Config/Windows/Scalability.ini]
[2018.12.08-22.34.25:733][  0]LogConfig: Setting CVar [[r.PostProcessAAQuality:4]]
[2018.12.08-22.34.25:733][  0]LogConfig: Applying CVar settings from Section [ShadowQuality@3] File [H:/Git/Unreal-CPlusPlus-Journey/BuildingEscape/Saved/Config/Windows/Scalability.ini]
[2018.12.08-22.34.25:733][  0]LogConfig: Setting CVar [[r.LightFunctionQuality:1]]
[2018.12.08-22.34.25:733][  0]LogConfig: Setting CVar [[r.ShadowQuality:5]]
[2018.12.08-22.34.25:733][  0]LogConfig: Setting CVar [[r.Shadow.CSM.MaxCascades:10]]
[2018.12.08-22.34.25:733][  0]LogConfig: Setting CVar [[r.Shadow.MaxResolution:2048]]
[2018.12.08-22.34.25:733][  0]LogConfig: Setting CVar [[r.Shadow.MaxCSMResolution:2048]]
[2018.12.08-22.34.25:733][  0]LogConfig: Setting CVar [[r.Shadow.RadiusThreshold:0.01]]
[2018.12.08-22.34.25:733][  0]LogConfig: Setting CVar [[r.Shadow.DistanceScale:1.0]]
[2018.12.08-22.34.25:733][  0]LogConfig: Setting CVar [[r.Shadow.CSM.TransitionScale:1.0]]
[2018.12.08-22.34.25:733][  0]LogConfig: Setting CVar [[r.Shadow.PreShadowResolutionFactor:1.0]]
[2018.12.08-22.34.25:733][  0]LogConfig: Setting CVar [[r.DistanceFieldShadowing:1]]
[2018.12.08-22.34.25:733][  0]LogConfig: Setting CVar [[r.DistanceFieldAO:1]]
[2018.12.08-22.34.25:733][  0]LogConfig: Setting CVar [[r.AOQuality:2]]
[2018.12.08-22.34.25:733][  0]LogConfig: Setting CVar [[r.VolumetricFog:1]]
[2018.12.08-22.34.25:733][  0]LogConfig: Setting CVar [[r.VolumetricFog.GridPixelSize:8]]
[2018.12.08-22.34.25:733][  0]LogConfig: Setting CVar [[r.VolumetricFog.GridSizeZ:128]]
[2018.12.08-22.34.25:733][  0]LogConfig: Setting CVar [[r.VolumetricFog.HistoryMissSupersampleCount:4]]
[2018.12.08-22.34.25:733][  0]LogConfig: Setting CVar [[r.LightMaxDrawDistanceScale:1]]
[2018.12.08-22.34.25:733][  0]LogConfig: Setting CVar [[r.CapsuleShadows:1]]
[2018.12.08-22.34.25:733][  0]LogConfig: Applying CVar settings from Section [PostProcessQuality@3] File [H:/Git/Unreal-CPlusPlus-Journey/BuildingEscape/Saved/Config/Windows/Scalability.ini]
[2018.12.08-22.34.25:733][  0]LogConfig: Setting CVar [[r.MotionBlurQuality:4]]
[2018.12.08-22.34.25:733][  0]LogConfig: Setting CVar [[r.AmbientOcclusionMipLevelFactor:0.4]]
[2018.12.08-22.34.25:733][  0]LogConfig: Setting CVar [[r.AmbientOcclusionMaxQuality:100]]
[2018.12.08-22.34.25:733][  0]LogConfig: Setting CVar [[r.AmbientOcclusionLevels:-1]]
[2018.12.08-22.34.25:733][  0]LogConfig: Setting CVar [[r.AmbientOcclusionRadiusScale:1.0]]
[2018.12.08-22.34.25:733][  0]LogConfig: Setting CVar [[r.DepthOfFieldQuality:2]]
[2018.12.08-22.34.25:733][  0]LogConfig: Setting CVar [[r.RenderTargetPoolMin:400]]
[2018.12.08-22.34.25:733][  0]LogConfig: Setting CVar [[r.LensFlareQuality:2]]
[2018.12.08-22.34.25:733][  0]LogConfig: Setting CVar [[r.SceneColorFringeQuality:1]]
[2018.12.08-22.34.25:733][  0]LogConfig: Setting CVar [[r.EyeAdaptationQuality:2]]
[2018.12.08-22.34.25:733][  0]LogConfig: Setting CVar [[r.BloomQuality:5]]
[2018.12.08-22.34.25:733][  0]LogConfig: Setting CVar [[r.FastBlurThreshold:100]]
[2018.12.08-22.34.25:733][  0]LogConfig: Setting CVar [[r.Upscale.Quality:3]]
[2018.12.08-22.34.25:733][  0]LogConfig: Setting CVar [[r.Tonemapper.GrainQuantization:1]]
[2018.12.08-22.34.25:733][  0]LogConfig: Setting CVar [[r.LightShaftQuality:1]]
[2018.12.08-22.34.25:733][  0]LogConfig: Setting CVar [[r.Filter.SizeScale:1]]
[2018.12.08-22.34.25:733][  0]LogConfig: Setting CVar [[r.Tonemapper.Quality:5]]
[2018.12.08-22.34.25:733][  0]LogConfig: Setting CVar [[r.DOF.Gather.AccumulatorQuality:1        ; higher gathering accumulator quality]]
[2018.12.08-22.34.25:733][  0]LogConfig: Setting CVar [[r.DOF.Gather.PostfilterMethod:1          ; Median3x3 postfilering method]]
[2018.12.08-22.34.25:733][  0]LogConfig: Setting CVar [[r.DOF.Gather.EnableBokehSettings:0       ; no bokeh simulation when gathering]]
[2018.12.08-22.34.25:733][  0]LogConfig: Setting CVar [[r.DOF.Gather.RingCount:4                 ; medium number of samples when gathering]]
[2018.12.08-22.34.25:733][  0]LogConfig: Setting CVar [[r.DOF.Scatter.ForegroundCompositing:1    ; additive foreground scattering]]
[2018.12.08-22.34.25:733][  0]LogConfig: Setting CVar [[r.DOF.Scatter.BackgroundCompositing:2    ; additive background scattering]]
[2018.12.08-22.34.25:733][  0]LogConfig: Setting CVar [[r.DOF.Scatter.EnableBokehSettings:1      ; bokeh simulation when scattering]]
[2018.12.08-22.34.25:733][  0]LogConfig: Setting CVar [[r.DOF.Scatter.MaxSpriteRatio:0.1         ; only a maximum of 10% of scattered bokeh]]
[2018.12.08-22.34.25:733][  0]LogConfig: Setting CVar [[r.DOF.Recombine.Quality:1                ; cheap slight out of focus]]
[2018.12.08-22.34.25:733][  0]LogConfig: Setting CVar [[r.DOF.Recombine.EnableBokehSettings:0    ; no bokeh simulation on slight out of focus]]
[2018.12.08-22.34.25:733][  0]LogConfig: Setting CVar [[r.DOF.TemporalAAQuality:1                ; more stable temporal accumulation]]
[2018.12.08-22.34.25:733][  0]LogConfig: Setting CVar [[r.DOF.Kernel.MaxForegroundRadius:0.025]]
[2018.12.08-22.34.25:733][  0]LogConfig: Setting CVar [[r.DOF.Kernel.MaxBackgroundRadius:0.025]]
[2018.12.08-22.34.25:733][  0]LogConfig: Applying CVar settings from Section [TextureQuality@3] File [H:/Git/Unreal-CPlusPlus-Journey/BuildingEscape/Saved/Config/Windows/Scalability.ini]
[2018.12.08-22.34.25:733][  0]LogConfig: Setting CVar [[r.Streaming.MipBias:0]]
[2018.12.08-22.34.25:733][  0]LogConfig: Setting CVar [[r.Streaming.AmortizeCPUToGPUCopy:0]]
[2018.12.08-22.34.25:734][  0]LogConfig: Setting CVar [[r.Streaming.MaxNumTexturesToStreamPerFrame:0]]
[2018.12.08-22.34.25:734][  0]LogConfig: Setting CVar [[r.Streaming.Boost:1]]
[2018.12.08-22.34.25:734][  0]LogConfig: Setting CVar [[r.MaxAnisotropy:8]]
[2018.12.08-22.34.25:734][  0]LogConfig: Setting CVar [[r.Streaming.LimitPoolSizeToVRAM:0]]
[2018.12.08-22.34.25:734][  0]LogConfig: Setting CVar [[r.Streaming.PoolSize:1000]]
[2018.12.08-22.34.25:734][  0]LogConfig: Setting CVar [[r.Streaming.MaxEffectiveScreenSize:0]]
[2018.12.08-22.34.25:734][  0]LogConfig: Applying CVar settings from Section [EffectsQuality@3] File [H:/Git/Unreal-CPlusPlus-Journey/BuildingEscape/Saved/Config/Windows/Scalability.ini]
[2018.12.08-22.34.25:734][  0]LogConfig: Setting CVar [[r.TranslucencyLightingVolumeDim:64]]
[2018.12.08-22.34.25:734][  0]LogConfig: Setting CVar [[r.RefractionQuality:2]]
[2018.12.08-22.34.25:734][  0]LogConfig: Setting CVar [[r.SSR.Quality:3]]
[2018.12.08-22.34.25:734][  0]LogConfig: Setting CVar [[r.SceneColorFormat:4]]
[2018.12.08-22.34.25:734][  0]LogConfig: Setting CVar [[r.DetailMode:2]]
[2018.12.08-22.34.25:734][  0]LogConfig: Setting CVar [[r.TranslucencyVolumeBlur:1]]
[2018.12.08-22.34.25:734][  0]LogConfig: Setting CVar [[r.MaterialQualityLevel:1 ; High quality]]
[2018.12.08-22.34.25:734][  0]LogConfig: Setting CVar [[r.SSS.Scale:1]]
[2018.12.08-22.34.25:734][  0]LogConfig: Setting CVar [[r.SSS.SampleSet:2]]
[2018.12.08-22.34.25:734][  0]LogConfig: Setting CVar [[r.SSS.Quality:1]]
[2018.12.08-22.34.25:734][  0]LogConfig: Setting CVar [[r.SSS.HalfRes:1]]
[2018.12.08-22.34.25:734][  0]LogConfig: Setting CVar [[r.EmitterSpawnRateScale:1.0]]
[2018.12.08-22.34.25:734][  0]LogConfig: Setting CVar [[r.ParticleLightQuality:2]]
[2018.12.08-22.34.25:734][  0]LogConfig: Applying CVar settings from Section [FoliageQuality@3] File [H:/Git/Unreal-CPlusPlus-Journey/BuildingEscape/Saved/Config/Windows/Scalability.ini]
[2018.12.08-22.34.25:734][  0]LogConfig: Setting CVar [[foliage.DensityScale:1.0]]
[2018.12.08-22.34.25:734][  0]LogConfig: Setting CVar [[grass.DensityScale:1.0]]
[2018.12.08-22.34.25:734][  0]LogInit: Selected Device Profile: [Windows]
[2018.12.08-22.34.25:734][  0]LogInit: Applying CVar settings loaded from the selected device profile: [Windows]
[2018.12.08-22.34.25:743][  0]LogHAL: Display: Platform has ~ 16 GB [17100591104 / 17179869184 / 16], which maps to Larger [LargestMinGB=32, LargerMinGB=12, DefaultMinGB=8, SmallerMinGB=6, SmallestMinGB=0)
[2018.12.08-22.34.25:743][  0]LogConfig: Setting CVar [[r.Vulkan.UseRealUBs:1]]
[2018.12.08-22.34.25:743][  0]LogInit: Going up to parent DeviceProfile []
[2018.12.08-22.34.25:743][  0]LogConfig: Applying CVar settings from Section [ViewDistanceQuality@3] File [H:/Git/Unreal-CPlusPlus-Journey/BuildingEscape/Saved/Config/Windows/Scalability.ini]
[2018.12.08-22.34.25:743][  0]LogConfig: Setting CVar [[r.SkeletalMeshLODBias:0]]
[2018.12.08-22.34.25:743][  0]LogConfig: Setting CVar [[r.ViewDistanceScale:1.0]]
[2018.12.08-22.34.25:743][  0]LogConfig: Applying CVar settings from Section [AntiAliasingQuality@3] File [H:/Git/Unreal-CPlusPlus-Journey/BuildingEscape/Saved/Config/Windows/Scalability.ini]
[2018.12.08-22.34.25:743][  0]LogConfig: Setting CVar [[r.PostProcessAAQuality:4]]
[2018.12.08-22.34.25:743][  0]LogConfig: Applying CVar settings from Section [ShadowQuality@3] File [H:/Git/Unreal-CPlusPlus-Journey/BuildingEscape/Saved/Config/Windows/Scalability.ini]
[2018.12.08-22.34.25:743][  0]LogConfig: Setting CVar [[r.LightFunctionQuality:1]]
[2018.12.08-22.34.25:743][  0]LogConfig: Setting CVar [[r.ShadowQuality:5]]
[2018.12.08-22.34.25:743][  0]LogConfig: Setting CVar [[r.Shadow.CSM.MaxCascades:10]]
[2018.12.08-22.34.25:743][  0]LogConfig: Setting CVar [[r.Shadow.MaxResolution:2048]]
[2018.12.08-22.34.25:743][  0]LogConfig: Setting CVar [[r.Shadow.MaxCSMResolution:2048]]
[2018.12.08-22.34.25:743][  0]LogConfig: Setting CVar [[r.Shadow.RadiusThreshold:0.01]]
[2018.12.08-22.34.25:743][  0]LogConfig: Setting CVar [[r.Shadow.DistanceScale:1.0]]
[2018.12.08-22.34.25:743][  0]LogConfig: Setting CVar [[r.Shadow.CSM.TransitionScale:1.0]]
[2018.12.08-22.34.25:743][  0]LogConfig: Setting CVar [[r.Shadow.PreShadowResolutionFactor:1.0]]
[2018.12.08-22.34.25:743][  0]LogConfig: Setting CVar [[r.DistanceFieldShadowing:1]]
[2018.12.08-22.34.25:743][  0]LogConfig: Setting CVar [[r.DistanceFieldAO:1]]
[2018.12.08-22.34.25:743][  0]LogConfig: Setting CVar [[r.AOQuality:2]]
[2018.12.08-22.34.25:743][  0]LogConfig: Setting CVar [[r.VolumetricFog:1]]
[2018.12.08-22.34.25:743][  0]LogConfig: Setting CVar [[r.VolumetricFog.GridPixelSize:8]]
[2018.12.08-22.34.25:743][  0]LogConfig: Setting CVar [[r.VolumetricFog.GridSizeZ:128]]
[2018.12.08-22.34.25:743][  0]LogConfig: Setting CVar [[r.VolumetricFog.HistoryMissSupersampleCount:4]]
[2018.12.08-22.34.25:743][  0]LogConfig: Setting CVar [[r.LightMaxDrawDistanceScale:1]]
[2018.12.08-22.34.25:743][  0]LogConfig: Setting CVar [[r.CapsuleShadows:1]]
[2018.12.08-22.34.25:743][  0]LogConfig: Applying CVar settings from Section [PostProcessQuality@3] File [H:/Git/Unreal-CPlusPlus-Journey/BuildingEscape/Saved/Config/Windows/Scalability.ini]
[2018.12.08-22.34.25:743][  0]LogConfig: Setting CVar [[r.MotionBlurQuality:4]]
[2018.12.08-22.34.25:743][  0]LogConfig: Setting CVar [[r.AmbientOcclusionMipLevelFactor:0.4]]
[2018.12.08-22.34.25:743][  0]LogConfig: Setting CVar [[r.AmbientOcclusionMaxQuality:100]]
[2018.12.08-22.34.25:743][  0]LogConfig: Setting CVar [[r.AmbientOcclusionLevels:-1]]
[2018.12.08-22.34.25:743][  0]LogConfig: Setting CVar [[r.AmbientOcclusionRadiusScale:1.0]]
[2018.12.08-22.34.25:743][  0]LogConfig: Setting CVar [[r.DepthOfFieldQuality:2]]
[2018.12.08-22.34.25:743][  0]LogConfig: Setting CVar [[r.RenderTargetPoolMin:400]]
[2018.12.08-22.34.25:743][  0]LogConfig: Setting CVar [[r.LensFlareQuality:2]]
[2018.12.08-22.34.25:743][  0]LogConfig: Setting CVar [[r.SceneColorFringeQuality:1]]
[2018.12.08-22.34.25:743][  0]LogConfig: Setting CVar [[r.EyeAdaptationQuality:2]]
[2018.12.08-22.34.25:743][  0]LogConfig: Setting CVar [[r.BloomQuality:5]]
[2018.12.08-22.34.25:743][  0]LogConfig: Setting CVar [[r.FastBlurThreshold:100]]
[2018.12.08-22.34.25:743][  0]LogConfig: Setting CVar [[r.Upscale.Quality:3]]
[2018.12.08-22.34.25:743][  0]LogConfig: Setting CVar [[r.Tonemapper.GrainQuantization:1]]
[2018.12.08-22.34.25:743][  0]LogConfig: Setting CVar [[r.LightShaftQuality:1]]
[2018.12.08-22.34.25:743][  0]LogConfig: Setting CVar [[r.Filter.SizeScale:1]]
[2018.12.08-22.34.25:743][  0]LogConfig: Setting CVar [[r.Tonemapper.Quality:5]]
[2018.12.08-22.34.25:743][  0]LogConfig: Setting CVar [[r.DOF.Gather.AccumulatorQuality:1        ; higher gathering accumulator quality]]
[2018.12.08-22.34.25:743][  0]LogConfig: Setting CVar [[r.DOF.Gather.PostfilterMethod:1          ; Median3x3 postfilering method]]
[2018.12.08-22.34.25:743][  0]LogConfig: Setting CVar [[r.DOF.Gather.EnableBokehSettings:0       ; no bokeh simulation when gathering]]
[2018.12.08-22.34.25:743][  0]LogConfig: Setting CVar [[r.DOF.Gather.RingCount:4                 ; medium number of samples when gathering]]
[2018.12.08-22.34.25:743][  0]LogConfig: Setting CVar [[r.DOF.Scatter.ForegroundCompositing:1    ; additive foreground scattering]]
[2018.12.08-22.34.25:743][  0]LogConfig: Setting CVar [[r.DOF.Scatter.BackgroundCompositing:2    ; additive background scattering]]
[2018.12.08-22.34.25:743][  0]LogConfig: Setting CVar [[r.DOF.Scatter.EnableBokehSettings:1      ; bokeh simulation when scattering]]
[2018.12.08-22.34.25:743][  0]LogConfig: Setting CVar [[r.DOF.Scatter.MaxSpriteRatio:0.1         ; only a maximum of 10% of scattered bokeh]]
[2018.12.08-22.34.25:743][  0]LogConfig: Setting CVar [[r.DOF.Recombine.Quality:1                ; cheap slight out of focus]]
[2018.12.08-22.34.25:743][  0]LogConfig: Setting CVar [[r.DOF.Recombine.EnableBokehSettings:0    ; no bokeh simulation on slight out of focus]]
[2018.12.08-22.34.25:743][  0]LogConfig: Setting CVar [[r.DOF.TemporalAAQuality:1                ; more stable temporal accumulation]]
[2018.12.08-22.34.25:743][  0]LogConfig: Setting CVar [[r.DOF.Kernel.MaxForegroundRadius:0.025]]
[2018.12.08-22.34.25:743][  0]LogConfig: Setting CVar [[r.DOF.Kernel.MaxBackgroundRadius:0.025]]
[2018.12.08-22.34.25:743][  0]LogConfig: Applying CVar settings from Section [TextureQuality@3] File [H:/Git/Unreal-CPlusPlus-Journey/BuildingEscape/Saved/Config/Windows/Scalability.ini]
[2018.12.08-22.34.25:743][  0]LogConfig: Setting CVar [[r.Streaming.MipBias:0]]
[2018.12.08-22.34.25:743][  0]LogConfig: Setting CVar [[r.Streaming.AmortizeCPUToGPUCopy:0]]
[2018.12.08-22.34.25:743][  0]LogConfig: Setting CVar [[r.Streaming.MaxNumTexturesToStreamPerFrame:0]]
[2018.12.08-22.34.25:743][  0]LogConfig: Setting CVar [[r.Streaming.Boost:1]]
[2018.12.08-22.34.25:743][  0]LogConfig: Setting CVar [[r.MaxAnisotropy:8]]
[2018.12.08-22.34.25:743][  0]LogConfig: Setting CVar [[r.Streaming.LimitPoolSizeToVRAM:0]]
[2018.12.08-22.34.25:743][  0]LogConfig: Setting CVar [[r.Streaming.PoolSize:1000]]
[2018.12.08-22.34.25:743][  0]LogConfig: Setting CVar [[r.Streaming.MaxEffectiveScreenSize:0]]
[2018.12.08-22.34.25:743][  0]LogConfig: Applying CVar settings from Section [EffectsQuality@3] File [H:/Git/Unreal-CPlusPlus-Journey/BuildingEscape/Saved/Config/Windows/Scalability.ini]
[2018.12.08-22.34.25:744][  0]LogConfig: Setting CVar [[r.TranslucencyLightingVolumeDim:64]]
[2018.12.08-22.34.25:744][  0]LogConfig: Setting CVar [[r.RefractionQuality:2]]
[2018.12.08-22.34.25:744][  0]LogConfig: Setting CVar [[r.SSR.Quality:3]]
[2018.12.08-22.34.25:744][  0]LogConfig: Setting CVar [[r.SceneColorFormat:4]]
[2018.12.08-22.34.25:744][  0]LogConfig: Setting CVar [[r.DetailMode:2]]
[2018.12.08-22.34.25:744][  0]LogConfig: Setting CVar [[r.TranslucencyVolumeBlur:1]]
[2018.12.08-22.34.25:744][  0]LogConfig: Setting CVar [[r.MaterialQualityLevel:1 ; High quality]]
[2018.12.08-22.34.25:744][  0]LogConfig: Setting CVar [[r.SSS.Scale:1]]
[2018.12.08-22.34.25:744][  0]LogConfig: Setting CVar [[r.SSS.SampleSet:2]]
[2018.12.08-22.34.25:744][  0]LogConfig: Setting CVar [[r.SSS.Quality:1]]
[2018.12.08-22.34.25:744][  0]LogConfig: Setting CVar [[r.SSS.HalfRes:1]]
[2018.12.08-22.34.25:744][  0]LogConfig: Setting CVar [[r.EmitterSpawnRateScale:1.0]]
[2018.12.08-22.34.25:744][  0]LogConfig: Setting CVar [[r.ParticleLightQuality:2]]
[2018.12.08-22.34.25:744][  0]LogConfig: Applying CVar settings from Section [FoliageQuality@3] File [H:/Git/Unreal-CPlusPlus-Journey/BuildingEscape/Saved/Config/Windows/Scalability.ini]
[2018.12.08-22.34.25:744][  0]LogConfig: Setting CVar [[foliage.DensityScale:1.0]]
[2018.12.08-22.34.25:744][  0]LogConfig: Setting CVar [[grass.DensityScale:1.0]]
[2018.12.08-22.34.25:744][  0]LogConfig: Applying CVar settings from Section [Startup] File [../../../Engine/Config/ConsoleVariables.ini]
[2018.12.08-22.34.25:744][  0]LogConfig: Setting CVar [[net.UseAdaptiveNetUpdateFrequency:0]]
[2018.12.08-22.34.25:744][  0]LogConfig: Applying CVar settings from Section [ConsoleVariables] File [H:/Git/Unreal-CPlusPlus-Journey/BuildingEscape/Saved/Config/Windows/Engine.ini]
[2018.12.08-22.34.25:744][  0]LogInit: Computer: DESKTOP-ABPA82O
[2018.12.08-22.34.25:744][  0]LogInit: User: ThaneAcheron
[2018.12.08-22.34.25:744][  0]LogInit: CPU Page size=4096, Cores=6
[2018.12.08-22.34.25:744][  0]LogInit: High frequency timer resolution =3.515626 MHz
[2018.12.08-22.34.25:744][  0]LogMemory: Memory total: Physical=15.9GB (16GB approx)
[2018.12.08-22.34.25:744][  0]LogMemory: Platform Memory Stats for Windows
[2018.12.08-22.34.25:744][  0]LogMemory: Process Physical Memory: 102.18 MB used, 102.18 MB peak
[2018.12.08-22.34.25:744][  0]LogMemory: Process Virtual Memory: 84.98 MB used, 84.98 MB peak
[2018.12.08-22.34.25:744][  0]LogMemory: Physical Memory: 7005.77 MB used,  9302.62 MB free, 16308.39 MB total
[2018.12.08-22.34.25:744][  0]LogMemory: Virtual Memory: 4637.56 MB used,  134213088.00 MB free, 134217728.00 MB total
[2018.12.08-22.34.25:755][  0]LogInit: Using OS detected language (en-US).
[2018.12.08-22.34.25:755][  0]LogInit: Using OS detected locale (en-ZA).
[2018.12.08-22.34.25:756][  0]LogTextLocalizationManager: No specific localization for 'en-US' exists, so the 'en' localization will be used.
[2018.12.08-22.34.26:054][  0]LogStreaming: Display: Took  0.298s to InitEngineTextLocalization.
[2018.12.08-22.34.26:054][  0]LogInit: Setting process to per monitor DPI aware
[2018.12.08-22.34.26:079][  0]LogSlate: New Slate User Created.  User Index 0, Is Virtual User: 0
[2018.12.08-22.34.26:079][  0]LogSlate: Slate User Registered.  User Index 0, Is Virtual User: 0
[2018.12.08-22.34.26:209][  0]LogHMD: Failed to initialize OpenVR with code 110
[2018.12.08-22.34.26:209][  0]LogD3D11RHI: D3D11 adapters:
[2018.12.08-22.34.26:261][  0]LogD3D11RHI:    0. 'NVIDIA GeForce GTX 1060 6GB' (Feature Level 11_0)
[2018.12.08-22.34.26:261][  0]LogD3D11RHI:       6052/0/8154 MB DedicatedVideo/DedicatedSystem/SharedSystem, Outputs:2, VendorId:0x10de
[2018.12.08-22.34.26:262][  0]LogD3D11RHI:    1. 'Microsoft Basic Render Driver' (Feature Level 11_0)
[2018.12.08-22.34.26:262][  0]LogD3D11RHI:       0/0/8154 MB DedicatedVideo/DedicatedSystem/SharedSystem, Outputs:0, VendorId:0x1414
[2018.12.08-22.34.26:262][  0]LogD3D11RHI: Chosen D3D11 Adapter: 0
[2018.12.08-22.34.26:268][  0]LogD3D11RHI: Creating new Direct3DDevice
[2018.12.08-22.34.26:268][  0]LogD3D11RHI:     GPU DeviceId: 0x1c03 (for the marketing name, search the web for "GPU Device Id")
[2018.12.08-22.34.26:268][  0]LogWindows: EnumDisplayDevices:
[2018.12.08-22.34.26:268][  0]LogWindows:    0. 'NVIDIA GeForce GTX 1060 6GB' (P:1 D:1)
[2018.12.08-22.34.26:268][  0]LogWindows:    1. 'NVIDIA GeForce GTX 1060 6GB' (P:0 D:1)
[2018.12.08-22.34.26:268][  0]LogWindows:    2. 'NVIDIA GeForce GTX 1060 6GB' (P:0 D:0)
[2018.12.08-22.34.26:268][  0]LogWindows:    3. 'NVIDIA GeForce GTX 1060 6GB' (P:0 D:0)
[2018.12.08-22.34.26:268][  0]LogWindows: DebugString: FoundDriverCount:4 
[2018.12.08-22.34.26:268][  0]LogD3D11RHI:     Adapter Name: NVIDIA GeForce GTX 1060 6GB
[2018.12.08-22.34.26:268][  0]LogD3D11RHI:   Driver Version: 417.22 (internal:25.21.14.1722, unified:417.22)
[2018.12.08-22.34.26:268][  0]LogD3D11RHI:      Driver Date: 11-29-2018
[2018.12.08-22.34.26:268][  0]LogRHI: Texture pool is 4236 MB (70% of 6052 MB)
[2018.12.08-22.34.26:300][  0]LogD3D11RHI: Async texture creation enabled
[2018.12.08-22.34.26:330][  0]LogD3D11RHI: GPU Timing Frequency: 1000.000000 (Debug: 2 2)
[2018.12.08-22.34.26:578][  0]LogTemp: Display: Loaded TP AllDesktopTargetPlatform
[2018.12.08-22.34.26:587][  0]LogTemp: Display: Loaded TP MacClientTargetPlatform
[2018.12.08-22.34.26:596][  0]LogTemp: Display: Loaded TP MacNoEditorTargetPlatform
[2018.12.08-22.34.26:605][  0]LogTemp: Display: Loaded TP MacServerTargetPlatform
[2018.12.08-22.34.26:614][  0]LogTemp: Display: Loaded TP MacTargetPlatform
[2018.12.08-22.34.26:623][  0]LogTemp: Display: Loaded TP WindowsClientTargetPlatform
[2018.12.08-22.34.26:633][  0]LogTemp: Display: Loaded TP WindowsNoEditorTargetPlatform
[2018.12.08-22.34.26:642][  0]LogTemp: Display: Loaded TP WindowsServerTargetPlatform
[2018.12.08-22.34.26:646][  0]LogTemp: Display: Loaded TP WindowsTargetPlatform
[2018.12.08-22.34.26:700][  0]LogTemp: Display: Loaded TP AndroidTargetPlatform
[2018.12.08-22.34.26:700][  0]LogTemp: Display: Loaded TP AndroidTargetPlatform
[2018.12.08-22.34.26:700][  0]LogTemp: Display: Loaded TP AndroidTargetPlatform
[2018.12.08-22.34.26:700][  0]LogTemp: Display: Loaded TP AndroidTargetPlatform
[2018.12.08-22.34.26:700][  0]LogTemp: Display: Loaded TP AndroidTargetPlatform
[2018.12.08-22.34.26:700][  0]LogTemp: Display: Loaded TP AndroidTargetPlatform
[2018.12.08-22.34.26:700][  0]LogTemp: Display: Loaded TP AndroidTargetPlatform
[2018.12.08-22.34.26:700][  0]LogTemp: Display: Loaded TP AndroidTargetPlatform
[2018.12.08-22.34.26:700][  0]LogTemp: Display: Loaded TP AndroidTargetPlatform
[2018.12.08-22.34.26:700][  0]LogTemp: Display: Loaded TP AndroidTargetPlatform
[2018.12.08-22.34.26:700][  0]LogTemp: Display: Loaded TP AndroidTargetPlatform
[2018.12.08-22.34.26:700][  0]LogTemp: Display: Loaded TP AndroidTargetPlatform
[2018.12.08-22.34.26:700][  0]LogTemp: Display: Loaded TP AndroidTargetPlatform
[2018.12.08-22.34.26:700][  0]LogTemp: Display: Loaded TP AndroidTargetPlatform
[2018.12.08-22.34.26:700][  0]LogTemp: Display: Loaded TP AndroidTargetPlatform
[2018.12.08-22.34.26:700][  0]LogTemp: Display: Loaded TP AndroidTargetPlatform
[2018.12.08-22.34.26:700][  0]LogTemp: Display: Loaded TP AndroidTargetPlatform
[2018.12.08-22.34.26:700][  0]LogTemp: Display: Loaded TP AndroidTargetPlatform
[2018.12.08-22.34.26:701][  0]LogTemp: Display: Loaded TP HTML5TargetPlatform
[2018.12.08-22.34.26:752][  0]LogTemp: Display: Loaded TP IOSTargetPlatform
[2018.12.08-22.34.26:752][  0]LogTemp: Display: Loaded TP IOSTargetPlatform
[2018.12.08-22.34.26:769][  0]LogTemp: Display: Loaded TP TVOSTargetPlatform
[2018.12.08-22.34.26:769][  0]LogTemp: Display: Loaded TP TVOSTargetPlatform
[2018.12.08-22.34.26:778][  0]LogTemp: Display: Loaded TP LinuxClientTargetPlatform
[2018.12.08-22.34.26:786][  0]LogTemp: Display: Loaded TP LinuxNoEditorTargetPlatform
[2018.12.08-22.34.26:795][  0]LogTemp: Display: Loaded TP LinuxServerTargetPlatform
[2018.12.08-22.34.26:805][  0]LogTemp: Display: Loaded TP LinuxTargetPlatform
[2018.12.08-22.34.26:837][  0]LogTemp: Display: Loaded TP LuminTargetPlatform
[2018.12.08-22.34.26:837][  0]LogTemp: Display: Loaded TP LuminTargetPlatform
[2018.12.08-22.34.26:837][  0]LogTargetPlatformManager: Display: Building Assets For Windows
[2018.12.08-22.34.26:867][  0]LogShaderCompilers: Guid format shader working directory is -3 characters bigger than the processId version (../../../../Git/Unreal-CPlusPlus-Journey/BuildingEscape/Intermediate/Shaders/WorkingDirectory/13904/).
[2018.12.08-22.34.26:867][  0]LogShaderCompilers: Cleaned the shader compiler working directory 'C:/Users/ThaneAcheron/AppData/Local/Temp/UnrealShaderWorkingDir/7CD7F8454AA31AA622CB8BB77A8909B7/'.
[2018.12.08-22.34.26:868][  0]LogXGEController: Cannot use XGE Controller as Incredibuild is not installed on this machine.
[2018.12.08-22.34.26:868][  0]LogShaderCompilers: Cannot use XGE Shader Compiler as Incredibuild is not installed on this machine.
[2018.12.08-22.34.26:868][  0]LogShaderCompilers: Display: Using Local Shader Compiler.
[2018.12.08-22.34.27:280][  0]LogDerivedDataCache: Display: Max Cache Size: 512 MB
[2018.12.08-22.34.27:331][  0]LogDerivedDataCache: Loaded boot cache 0.05s 71MB C:/Users/ThaneAcheron/AppData/Local/UnrealEngine/4.21/DerivedDataCache/Boot.ddc.
[2018.12.08-22.34.27:331][  0]LogDerivedDataCache: Display: Loaded Boot cache: C:/Users/ThaneAcheron/AppData/Local/UnrealEngine/4.21/DerivedDataCache/Boot.ddc
[2018.12.08-22.34.27:331][  0]LogDerivedDataCache: FDerivedDataBackendGraph:  Pak pak cache file ../../../../Git/Unreal-CPlusPlus-Journey/BuildingEscape/DerivedDataCache/DDC.ddp not found, will not use a pak cache.
[2018.12.08-22.34.27:331][  0]LogDerivedDataCache: Unable to find inner node Pak for hierarchical cache Hierarchy.
[2018.12.08-22.34.27:331][  0]LogDerivedDataCache: FDerivedDataBackendGraph:  CompressedPak pak cache file ../../../../Git/Unreal-CPlusPlus-Journey/BuildingEscape/DerivedDataCache/Compressed.ddp not found, will not use a pak cache.
[2018.12.08-22.34.27:331][  0]LogDerivedDataCache: Unable to find inner node CompressedPak for hierarchical cache Hierarchy.
[2018.12.08-22.34.27:342][  0]LogDerivedDataCache: Display: Pak cache opened for reading ../../../Engine/DerivedDataCache/Compressed.ddp.
[2018.12.08-22.34.27:342][  0]LogDerivedDataCache: FDerivedDataBackendGraph:  EnterprisePak pak cache file ../../../Enterprise/DerivedDataCache/Compressed.ddp not found, will not use a pak cache.
[2018.12.08-22.34.27:342][  0]LogDerivedDataCache: Unable to find inner node EnterprisePak for hierarchical cache Hierarchy.
[2018.12.08-22.34.27:354][  0]LogDerivedDataCache: Using Local data cache path C:/Users/ThaneAcheron/AppData/Local/UnrealEngine/Common/DerivedDataCache: Writable
[2018.12.08-22.34.27:354][  0]LogDerivedDataCache: Shared data cache path not found in *engine.ini, will not use an Shared cache.
[2018.12.08-22.34.27:354][  0]LogDerivedDataCache: Unable to find inner node Shared for hierarchical cache Hierarchy.
[2018.12.08-22.34.27:372][  0]LogMaterial: Verifying Global Shaders for PCD3D_SM5
[2018.12.08-22.34.27:373][  0]LogSlate: Using FreeType 2.6.0
[2018.12.08-22.34.27:373][  0]LogSlate: SlateFontServices - WITH_FREETYPE: 1, WITH_HARFBUZZ: 1
[2018.12.08-22.34.27:443][  0]LogAssetRegistry: FAssetRegistry took 0.0295 seconds to start up
[2018.12.08-22.34.27:672][  0]LogInit: Selected Device Profile: [Windows]
[2018.12.08-22.34.27:784][  0]LogSimplygon: Simplygon DLL not present - disabling.
[2018.12.08-22.34.27:786][  0]LogMeshReduction: Using SimplygonSwarm for distributed automatic mesh merging
[2018.12.08-22.34.27:786][  0]LogMeshReduction: Using ProxyLODMeshReduction for automatic mesh merging
[2018.12.08-22.34.27:786][  0]LogMeshReduction: Using QuadricMeshReduction for automatic static mesh reduction
[2018.12.08-22.34.27:786][  0]LogMeshReduction: No automatic skeletal mesh reduction module available
[2018.12.08-22.34.27:795][  0]LogNetVersion: BuildingEscape 1.0.0, NetCL: 4541578, EngineNetVer: 5, GameNetVer: 0 (Checksum: 3852057107)
[2018.12.08-22.34.28:171][  0]LogPackageLocalizationCache: Processed 11 localized package path(s) for 2 prioritized culture(s) in 0.064393 seconds
[2018.12.08-22.34.28:177][  0]LogUObjectArray: 39775 objects as part of root set at end of initial load.
[2018.12.08-22.34.28:177][  0]LogUObjectAllocator: 6914664 out of 0 bytes used by permanent object pool.
[2018.12.08-22.34.28:177][  0]LogUObjectArray: CloseDisregardForGC: 0/0 objects in disregard for GC pool
[2018.12.08-22.34.28:796][  0]LogTcpMessaging: Initializing TcpMessaging bridge
[2018.12.08-22.34.28:808][  0]LogUdpMessaging: Initializing bridge on interface 0.0.0.0:0 to multicast group 230.0.0.1:6666.
[2018.12.08-22.34.29:337][  0]SourceControl: Source control is disabled
[2018.12.08-22.34.29:337][  0]SourceControl: Source control is disabled
[2018.12.08-22.34.29:338][  0]SourceControl: Source control is disabled
[2018.12.08-22.34.29:339][  0]SourceControl: Source control is disabled
[2018.12.08-22.34.29:474][  0]LogAndroidPermission: UAndroidPermissionCallbackProxy::GetInstance
[2018.12.08-22.34.29:524][  0]LogOcInput: OculusInput pre-init called
[2018.12.08-22.34.29:639][  0]LogEngine: Initializing Engine...
[2018.12.08-22.34.29:640][  0]LogHMD: Failed to initialize OpenVR with code 110
[2018.12.08-22.34.29:641][  0]LogStats: UGameplayTagsManager::ConstructGameplayTagTree: ImportINI prefixes -  0.000 s
[2018.12.08-22.34.29:641][  0]LogStats: UGameplayTagsManager::ConstructGameplayTagTree: Construct from data asset -  0.000 s
[2018.12.08-22.34.29:641][  0]LogStats: UGameplayTagsManager::ConstructGameplayTagTree: ImportINI -  0.000 s
[2018.12.08-22.34.29:641][  0]LogStats: UGameplayTagsManager::ConstructGameplayTagTree: GameplayTagTreeChangedEvent.Broadcast -  0.000 s
[2018.12.08-22.34.29:822][  0]LogInit: Initializing FReadOnlyCVARCache
[2018.12.08-22.34.29:828][  0]LogAIModule: Creating AISystem for world Untitled
[2018.12.08-22.34.29:889][  0]LogInit: XAudio2 using 'Speakers (Samson Meteor Mic)' : 2 channels at 48 kHz using 16 bits per sample (channel mask 0x3)
[2018.12.08-22.34.29:900][  0]LogInit: FAudioDevice initialized.
[2018.12.08-22.34.29:901][  0]LogNetVersion: Set ProjectVersion to 1.0.0.0. Version Checksum will be recalculated on next use.
[2018.12.08-22.34.29:937][  0]LogDerivedDataCache: Saved boot cache 0.04s 71MB C:/Users/ThaneAcheron/AppData/Local/UnrealEngine/4.21/DerivedDataCache/Boot.ddc.
[2018.12.08-22.34.29:953][  0]LogInit: Texture streaming: Enabled
[2018.12.08-22.34.29:962][  0]LogEngineSessionManager: EngineSessionManager initialized
[2018.12.08-22.34.29:970][  0]LogInit: Transaction tracking system initialized
[2018.12.08-22.34.29:983][  0]BlueprintLog: New page: Editor Load
[2018.12.08-22.34.30:028][  0]LocalizationService: Localization service is disabled
[2018.12.08-22.34.30:352][  0]LogFileCache: Scanning file cache for directory 'H:/Git/Unreal-CPlusPlus-Journey/BuildingEscape/Content/' took 0.01s
[2018.12.08-22.34.30:352][  0]LogCook: Display: Max memory allowance for cook 16384mb min free memory 0mb
[2018.12.08-22.34.30:352][  0]LogCook: Display: Mobile HDR setting 1
[2018.12.08-22.34.30:352][  0]LogGameplayTags: Display: UGameplayTagsManager::DoneAddingNativeTags. DelegateIsBound: 0
[2018.12.08-22.34.30:352][  0]LogStats: UGameplayTagsManager::ConstructGameplayTagTree: ImportINI prefixes -  0.000 s
[2018.12.08-22.34.30:352][  0]LogStats: UGameplayTagsManager::ConstructGameplayTagTree: Construct from data asset -  0.000 s
[2018.12.08-22.34.30:352][  0]LogStats: UGameplayTagsManager::ConstructGameplayTagTree: ImportINI -  0.000 s
[2018.12.08-22.34.30:352][  0]LogStats: UGameplayTagsManager::ConstructGameplayTagTree: GameplayTagTreeChangedEvent.Broadcast -  0.000 s
[2018.12.08-22.34.30:429][  0]SourceControl: Source control is disabled
[2018.12.08-22.34.30:429][  0]Cmd: MAP LOAD FILE="../../../../Git/Unreal-CPlusPlus-Journey/BuildingEscape/Content/NewMap.umap" TEMPLATE=0 SHOWPROGRESS=1 FEATURELEVEL=3
[2018.12.08-22.34.30:430][  0]LightingResults: New page: Lighting Build
[2018.12.08-22.34.30:431][  0]MapCheck: New page: Map Check
[2018.12.08-22.34.30:431][  0]LightingResults: New page: Lighting Build
[2018.12.08-22.34.30:623][  0]LogAIModule: Creating AISystem for world NewMap
[2018.12.08-22.34.30:626][  0]LogEditorServer: Finished looking for orphan Actors (0.000 secs)
[2018.12.08-22.34.30:644][  0]Cmd: MAP CHECKDEP NOCLEARLOG
[2018.12.08-22.34.30:644][  0]MapCheck: Map check complete: 0 Error(s), 0 Warning(s), took 0,084ms to complete.
[2018.12.08-22.34.30:644][  0]LogFileHelpers: Loading map 'NewMap' took 0.215
[2018.12.08-22.34.30:734][  0]LogSlate: Updating window title bar state: overlay mode, drag disabled, window buttons hidden, title bar hidden
[2018.12.08-22.34.30:739][  0]LogSlate: Updating window title bar state: overlay mode, drag disabled, window buttons hidden, title bar hidden
[2018.12.08-22.34.30:745][  0]LogSlate: Updating window title bar state: overlay mode, drag disabled, window buttons hidden, title bar hidden
[2018.12.08-22.34.30:750][  0]LogSlate: Updating window title bar state: overlay mode, drag disabled, window buttons hidden, title bar hidden
[2018.12.08-22.34.30:754][  0]LogCollectionManager: Loaded 0 collections in 0.000614 seconds
[2018.12.08-22.34.30:767][  0]LogFileCache: Scanning file cache for directory 'H:/Git/Unreal-CPlusPlus-Journey/BuildingEscape/Saved/Collections/' took 0.01s
[2018.12.08-22.34.30:767][  0]LogFileCache: Scanning file cache for directory 'H:/Git/Unreal-CPlusPlus-Journey/BuildingEscape/Content/Developers/ThaneAcheron/Collections/' took 0.00s
[2018.12.08-22.34.30:767][  0]LogFileCache: Scanning file cache for directory 'H:/Git/Unreal-CPlusPlus-Journey/BuildingEscape/Content/Collections/' took 0.00s
[2018.12.08-22.34.30:767][  0]LogCollectionManager: Rebuilt the GUID cache for 0 collections in 0.000000 seconds
[2018.12.08-22.34.30:774][  0]LogContentBrowser: Native class hierarchy populated in 0.0067 seconds. Added 2654 classes and 622 folders.
[2018.12.08-22.34.30:778][  0]LogContentBrowser: Native class hierarchy updated for 'WidgetCarousel' in 0.0003 seconds. Added 0 classes and 0 folders.
[2018.12.08-22.34.30:779][  0]LogPakFile: Registered encryption key '00000000000000000000000000000000': 0 pak files mounted, 0 remain pending
[2018.12.08-22.34.30:779][  0]LogPakFile: Registered encryption key '00000000000000000000000000000000': 0 pak files mounted, 0 remain pending
[2018.12.08-22.34.30:780][  0]LogPakFile: Registered encryption key '00000000000000000000000000000000': 0 pak files mounted, 0 remain pending
[2018.12.08-22.34.30:780][  0]LogPakFile: Registered encryption key '00000000000000000000000000000000': 0 pak files mounted, 0 remain pending
[2018.12.08-22.34.30:780][  0]LogPakFile: Registered encryption key '00000000000000000000000000000000': 0 pak files mounted, 0 remain pending
[2018.12.08-22.34.30:781][  0]LogPakFile: Registered encryption key '00000000000000000000000000000000': 0 pak files mounted, 0 remain pending
[2018.12.08-22.34.30:781][  0]LogPakFile: Registered encryption key '00000000000000000000000000000000': 0 pak files mounted, 0 remain pending
[2018.12.08-22.34.30:781][  0]LogPakFile: Registered encryption key '00000000000000000000000000000000': 0 pak files mounted, 0 remain pending
[2018.12.08-22.34.30:781][  0]LogPakFile: Registered encryption key '00000000000000000000000000000000': 0 pak files mounted, 0 remain pending
[2018.12.08-22.34.30:782][  0]LogPakFile: Registered encryption key '00000000000000000000000000000000': 0 pak files mounted, 0 remain pending
[2018.12.08-22.34.30:782][  0]LogPakFile: Registered encryption key '00000000000000000000000000000000': 0 pak files mounted, 0 remain pending
[2018.12.08-22.34.30:782][  0]LogPakFile: Registered encryption key '00000000000000000000000000000000': 0 pak files mounted, 0 remain pending
[2018.12.08-22.34.30:783][  0]LogPakFile: Registered encryption key '00000000000000000000000000000000': 0 pak files mounted, 0 remain pending
[2018.12.08-22.34.30:783][  0]LogPakFile: Registered encryption key '00000000000000000000000000000000': 0 pak files mounted, 0 remain pending
[2018.12.08-22.34.30:783][  0]LogPakFile: Registered encryption key '00000000000000000000000000000000': 0 pak files mounted, 0 remain pending
[2018.12.08-22.34.30:783][  0]LogPakFile: Registered encryption key '00000000000000000000000000000000': 0 pak files mounted, 0 remain pending
[2018.12.08-22.34.30:784][  0]LogPakFile: Registered encryption key '00000000000000000000000000000000': 0 pak files mounted, 0 remain pending
[2018.12.08-22.34.30:784][  0]LogPakFile: Registered encryption key '00000000000000000000000000000000': 0 pak files mounted, 0 remain pending
[2018.12.08-22.34.30:784][  0]LogPakFile: Registered encryption key '00000000000000000000000000000000': 0 pak files mounted, 0 remain pending
[2018.12.08-22.34.30:785][  0]LogPakFile: Registered encryption key '00000000000000000000000000000000': 0 pak files mounted, 0 remain pending
[2018.12.08-22.34.30:785][  0]LogPakFile: Registered encryption key '00000000000000000000000000000000': 0 pak files mounted, 0 remain pending
[2018.12.08-22.34.30:785][  0]LogPakFile: Registered encryption key '00000000000000000000000000000000': 0 pak files mounted, 0 remain pending
[2018.12.08-22.34.30:786][  0]LogPakFile: Registered encryption key '00000000000000000000000000000000': 0 pak files mounted, 0 remain pending
[2018.12.08-22.34.30:786][  0]LogPakFile: Registered encryption key '00000000000000000000000000000000': 0 pak files mounted, 0 remain pending
[2018.12.08-22.34.30:786][  0]LogPakFile: Registered encryption key '00000000000000000000000000000000': 0 pak files mounted, 0 remain pending
[2018.12.08-22.34.30:787][  0]LogPakFile: Registered encryption key '00000000000000000000000000000000': 0 pak files mounted, 0 remain pending
[2018.12.08-22.34.30:805][  0]LogContentBrowser: Native class hierarchy updated for 'AddContentDialog' in 0.0002 seconds. Added 0 classes and 0 folders.
[2018.12.08-22.34.30:810][  0]LogContentBrowser: Native class hierarchy updated for 'SceneOutliner' in 0.0003 seconds. Added 1 classes and 2 folders.
[2018.12.08-22.34.30:821][  0]LogSlate: Took 0.000150 seconds to synchronously load lazily loaded font '../../../Engine/Content/Slate/Fonts/Roboto-Regular.ttf' (155K)
[2018.12.08-22.34.30:822][  0]LogSlate: Took 0.000117 seconds to synchronously load lazily loaded font '../../../Engine/Content/Slate/Fonts/Roboto-Bold.ttf' (160K)
[2018.12.08-22.34.30:826][  0]LogSlate: Took 0.000125 seconds to synchronously load lazily loaded font '../../../Engine/Content/Editor/Slate/Fonts/FontAwesome.ttf' (139K)
[2018.12.08-22.34.30:883][  0]LogRenderer: Reallocating scene render targets to support 1208x624 Format 10 NumSamples 1 (Frame:1).
[2018.12.08-22.34.30:918][  0]LogSlate: Took 0.000122 seconds to synchronously load lazily loaded font '../../../Engine/Content/Slate/Fonts/Roboto-Light.ttf' (167K)
[2018.12.08-22.34.30:982][  0]LogContentBrowser: Native class hierarchy updated for 'HierarchicalLODOutliner' in 0.0003 seconds. Added 0 classes and 0 folders.
[2018.12.08-22.34.30:982][  0]LogLoad: (Engine Initialization) Total time: 6.36 seconds
[2018.12.08-22.34.30:982][  0]LogLoad: (Engine Initialization) Total Blueprint compile time: 0.00 seconds
[2018.12.08-22.34.30:991][  0]LogWindowsTextInputMethodSystem: Display: IME system now deactivated.
[2018.12.08-22.34.31:038][  0]LogContentStreaming: Texture pool size now 1000 MB
[2018.12.08-22.34.31:069][  1]LogAssetRegistry: Asset discovery search completed in 3.6486 seconds
[2018.12.08-22.34.31:070][  1]LogCollectionManager: Rebuilt the object cache for 0 collections in 0.000000 seconds (found 0 objects)
[2018.12.08-22.34.31:070][  1]LogCollectionManager: Fixed up redirectors for 0 collections in 0.000049 seconds (updated 0 objects)
[2018.12.08-22.34.40:051][672]LogSlate: FSceneViewport::OnFocusLost() reason 0
[2018.12.08-22.34.40:109][679]LogTemp: Repeating last play command: Selected Viewport
[2018.12.08-22.34.40:120][679]LogBlueprintUserMessages: Early PlayInEditor Detection: Level '/Game/NewMap.NewMap:PersistentLevel' has LevelScriptBlueprint '/Game/NewMap.NewMap:PersistentLevel.NewMap' with GeneratedClass '/Game/NewMap.NewMap_C' with ClassGeneratedBy '/Game/NewMap.NewMap:PersistentLevel.NewMap'
[2018.12.08-22.34.40:120][679]LogPlayLevel: PlayLevel: No blueprints needed recompiling
[2018.12.08-22.34.40:120][679]PIE: New page: PIE session: NewMap (09 Dec 2018, 2:34:40 AM)
[2018.12.08-22.34.40:132][679]LogPlayLevel: Creating play world package: /Game/UEDPIE_0_NewMap
[2018.12.08-22.34.40:134][679]LogPlayLevel: PIE: StaticDuplicateObject took: (0.002386s)
[2018.12.08-22.34.40:135][679]LogAIModule: Creating AISystem for world NewMap
[2018.12.08-22.34.40:135][679]LogPlayLevel: PIE: World Init took: (0.000539s)
[2018.12.08-22.34.40:135][679]LogPlayLevel: PIE: Created PIE world by copying editor world from /Game/NewMap.NewMap to /Game/UEDPIE_0_NewMap.NewMap (0.003153s)
[2018.12.08-22.34.40:165][679]LogInit: XAudio2 using 'Speakers (Samson Meteor Mic)' : 2 channels at 48 kHz using 16 bits per sample (channel mask 0x3)
[2018.12.08-22.34.40:173][679]LogInit: FAudioDevice initialized.
[2018.12.08-22.34.40:215][679]LogUObjectGlobals: Warning: Failed to find object 'Class /Script/BuildingEscape.BuildingEscapeGameMode'
[2018.12.08-22.34.40:215][679]LogLoad: Game class is 'GameModeBase'
[2018.12.08-22.34.40:216][679]LogWorld: Bringing World /Game/UEDPIE_0_NewMap.NewMap up for play (max tick rate 0) at 2018.12.09-00.34.40
[2018.12.08-22.34.40:217][679]LogWorld: Bringing up level for play took: 0.000663
[2018.12.08-22.34.40:231][679]LogContentBrowser: Native class hierarchy updated for 'MovieSceneCapture' in 0.0003 seconds. Added 20 classes and 0 folders.
[2018.12.08-22.34.40:231][679]LogTemp: Warning: SM_Chair2 is a X=-284.338 Y=290.604 Z=28.290
[2018.12.08-22.34.40:231][679]LogTemp: Warning: SM_TableRound_9 is a X=-220.000 Y=310.000 Z=20.000
[2018.12.08-22.34.40:232][679]PIE: Play in editor start time for /Game/UEDPIE_0_NewMap -0,744
[2018.12.08-22.34.40:232][679]LogBlueprintUserMessages: Late PlayInEditor Detection: Level '/Game/NewMap.NewMap:PersistentLevel' has LevelScriptBlueprint '/Game/NewMap.NewMap:PersistentLevel.NewMap' with GeneratedClass '/Game/NewMap.NewMap_C' with ClassGeneratedBy '/Game/NewMap.NewMap:PersistentLevel.NewMap'
[2018.12.08-22.34.43:264][ 40]LogBlueprintUserMessages: Early EndPlayMap Detection: Level '/Game/NewMap.NewMap:PersistentLevel' has LevelScriptBlueprint '/Game/NewMap.NewMap:PersistentLevel.NewMap' with GeneratedClass '/Game/NewMap.NewMap_C' with ClassGeneratedBy '/Game/NewMap.NewMap:PersistentLevel.NewMap'
[2018.12.08-22.34.43:264][ 40]LogSlate: Updating window title bar state: overlay mode, drag disabled, window buttons hidden, title bar hidden
[2018.12.08-22.34.43:297][ 40]LogPlayLevel: Display: Shutting down PIE online subsystems
[2018.12.08-22.34.43:297][ 40]LogBlueprintUserMessages: Late EndPlayMap Detection: Level '/Game/NewMap.NewMap:PersistentLevel' has LevelScriptBlueprint '/Game/NewMap.NewMap:PersistentLevel.NewMap' with GeneratedClass '/Game/NewMap.NewMap_C' with ClassGeneratedBy '/Game/NewMap.NewMap:PersistentLevel.NewMap'
[2018.12.08-22.34.43:318][ 40]LogSlate: Updating window title bar state: overlay mode, drag disabled, window buttons hidden, title bar hidden
[2018.12.08-22.34.43:369][ 45]LogPlayLevel: Display: Destroying online subsystem :Context_1
[2018.12.08-22.34.45:901][192]LogEditorViewport: Clicking on Actor (LMB): StaticMeshActor (SM_Door)
[2018.12.08-22.34.49:416][566]LogSlate: FSceneViewport::OnFocusLost() reason 0
[2018.12.08-22.35.02:158][103]Candidate modules for hot reload:
[2018.12.08-22.35.02:159][103]  BuildingEscape
[2018.12.08-22.35.02:159][103]Launching UnrealBuildTool... [H:/UE_4.21/Engine/Binaries/DotNET/UnrealBuildTool.exe  -ModuleWithSuffix=BuildingEscape,2345 Win64 Development -TargetType=Editor -Project="../../../../Git/Unreal-CPlusPlus-Journey/BuildingEscape/BuildingEscape.uproject" -canskiplink "H:/Git/Unreal-CPlusPlus-Journey/BuildingEscape/BuildingEscape.uproject" ]
[2018.12.08-22.35.02:161][103]Warning: Starting HotReload took  0.0s.
[2018.12.08-22.35.02:235][112]CompilerResultsLog: New page: Compilation - 09 Dec 2018, 2:35:02 AM
[2018.12.08-22.35.02:235][112]CompilerResultsLog: ERROR: UnrealBuildTool Exception: A conflicting instance of UnrealBuildTool is already running at this location: H:\UE_4.21\Engine\Binaries\DotNET\UnrealBuildTool.exe. A process manager may be used to determine the conflicting process and what tool may have launched it.
[2018.12.08-22.35.02:235][112]LogMainFrame: MainFrame: Module compiling took 0.079 seconds
[2018.12.08-22.35.02:235][112]Warning: HotReload failed, recompile failed
[2018.12.08-22.35.03:761][294]Candidate modules for hot reload:
[2018.12.08-22.35.03:761][294]  BuildingEscape
[2018.12.08-22.35.03:761][294]Launching UnrealBuildTool... [H:/UE_4.21/Engine/Binaries/DotNET/UnrealBuildTool.exe  -ModuleWithSuffix=BuildingEscape,7249 Win64 Development -TargetType=Editor -Project="../../../../Git/Unreal-CPlusPlus-Journey/BuildingEscape/BuildingEscape.uproject" -canskiplink "H:/Git/Unreal-CPlusPlus-Journey/BuildingEscape/BuildingEscape.uproject" ]
[2018.12.08-22.35.03:764][294]Warning: Starting HotReload took  0.0s.
[2018.12.08-22.35.07:463][737]CompilerResultsLog: New page: Compilation - 09 Dec 2018, 2:35:07 AM
[2018.12.08-22.35.07:463][737]CompilerResultsLog: Using 'git status' to determine working set for adaptive non-unity build (H:\Git\Unreal-CPlusPlus-Journey).
[2018.12.08-22.35.07:463][737]CompilerResultsLog: Creating makefile for hot reloading BuildingEscapeEditor (modules to compile have changed)
[2018.12.08-22.35.07:463][737]CompilerResultsLog: Compiling game modules for hot reload
[2018.12.08-22.35.07:463][737]CompilerResultsLog: Using Visual Studio 2017 14.16.27023 toolchain (C:\Program Files (x86)\Microsoft Visual Studio\2017\Professional\VC\Tools\MSVC\14.16.27023) and Windows 10.0.17763.0 SDK (C:\Program Files (x86)\Windows Kits\10).
[2018.12.08-22.35.07:463][737]CompilerResultsLog: Target is up to date
[2018.12.08-22.35.07:463][737]CompilerResultsLog: Total build time: 3,50 seconds (NoActionsToExecute executor: 0,00 seconds)
[2018.12.08-22.35.07:463][737]LogMainFrame: MainFrame: Module compiling took 3.704 seconds
[2018.12.08-22.35.07:493][737]LogContentBrowser: Native class hierarchy populated in 0.0065 seconds. Added 2655 classes and 624 folders.
[2018.12.08-22.35.07:493][737]Display: HotReload took  3.7s.
[2018.12.08-22.35.09:863][ 20]LogSlate: FSceneViewport::OnFocusLost() reason 0
[2018.12.08-22.35.09:922][ 27]LogTemp: Repeating last play command: Selected Viewport
[2018.12.08-22.35.09:933][ 27]LogBlueprintUserMessages: Early PlayInEditor Detection: Level '/Game/NewMap.NewMap:PersistentLevel' has LevelScriptBlueprint '/Game/NewMap.NewMap:PersistentLevel.NewMap' with GeneratedClass '/Game/NewMap.NewMap_C' with ClassGeneratedBy '/Game/NewMap.NewMap:PersistentLevel.NewMap'
[2018.12.08-22.35.09:933][ 27]LogPlayLevel: PlayLevel: No blueprints needed recompiling
[2018.12.08-22.35.09:933][ 27]PIE: New page: PIE session: NewMap (09 Dec 2018, 2:35:09 AM)
[2018.12.08-22.35.09:933][ 27]LogPlayLevel: Creating play world package: /Game/UEDPIE_0_NewMap
[2018.12.08-22.35.09:935][ 27]LogPlayLevel: PIE: StaticDuplicateObject took: (0.001882s)
[2018.12.08-22.35.09:935][ 27]LogAIModule: Creating AISystem for world NewMap
[2018.12.08-22.35.09:935][ 27]LogPlayLevel: PIE: World Init took: (0.000450s)
[2018.12.08-22.35.09:935][ 27]LogPlayLevel: PIE: Created PIE world by copying editor world from /Game/NewMap.NewMap to /Game/UEDPIE_0_NewMap.NewMap (0.002435s)
[2018.12.08-22.35.09:965][ 27]LogInit: XAudio2 using 'Speakers (Samson Meteor Mic)' : 2 channels at 48 kHz using 16 bits per sample (channel mask 0x3)
[2018.12.08-22.35.09:973][ 27]LogInit: FAudioDevice initialized.
[2018.12.08-22.35.10:004][ 27]LogLoad: Game class is 'GameModeBase'
[2018.12.08-22.35.10:005][ 27]LogWorld: Bringing World /Game/UEDPIE_0_NewMap.NewMap up for play (max tick rate 0) at 2018.12.09-00.35.10
[2018.12.08-22.35.10:006][ 27]LogWorld: Bringing up level for play took: 0.000539
[2018.12.08-22.35.10:017][ 27]LogTemp: Warning: SM_Chair2 is a X=-284.338 Y=290.604 Z=28.290
[2018.12.08-22.35.10:017][ 27]LogTemp: Warning: SM_TableRound_9 is a X=-220.000 Y=310.000 Z=20.000
[2018.12.08-22.35.10:018][ 27]PIE: Play in editor start time for /Game/UEDPIE_0_NewMap 1,042
[2018.12.08-22.35.10:018][ 27]LogBlueprintUserMessages: Late PlayInEditor Detection: Level '/Game/NewMap.NewMap:PersistentLevel' has LevelScriptBlueprint '/Game/NewMap.NewMap:PersistentLevel.NewMap' with GeneratedClass '/Game/NewMap.NewMap_C' with ClassGeneratedBy '/Game/NewMap.NewMap:PersistentLevel.NewMap'
[2018.12.08-22.35.12:416][313]LogBlueprintUserMessages: Early EndPlayMap Detection: Level '/Game/NewMap.NewMap:PersistentLevel' has LevelScriptBlueprint '/Game/NewMap.NewMap:PersistentLevel.NewMap' with GeneratedClass '/Game/NewMap.NewMap_C' with ClassGeneratedBy '/Game/NewMap.NewMap:PersistentLevel.NewMap'
[2018.12.08-22.35.12:417][313]LogSlate: Updating window title bar state: overlay mode, drag disabled, window buttons hidden, title bar hidden
[2018.12.08-22.35.12:449][313]LogPlayLevel: Display: Shutting down PIE online subsystems
[2018.12.08-22.35.12:449][313]LogBlueprintUserMessages: Late EndPlayMap Detection: Level '/Game/NewMap.NewMap:PersistentLevel' has LevelScriptBlueprint '/Game/NewMap.NewMap:PersistentLevel.NewMap' with GeneratedClass '/Game/NewMap.NewMap_C' with ClassGeneratedBy '/Game/NewMap.NewMap:PersistentLevel.NewMap'
[2018.12.08-22.35.12:470][313]LogSlate: Updating window title bar state: overlay mode, drag disabled, window buttons hidden, title bar hidden
[2018.12.08-22.35.12:518][318]LogPlayLevel: Display: Destroying online subsystem :Context_4
[2018.12.08-22.35.14:152][514]LogSlate: FSceneViewport::OnFocusLost() reason 0
[2018.12.08-22.35.15:806][525]LogSlate: Window 'Save Content' being destroyed
[2018.12.08-22.35.15:813][525]LogSlate: Took 0.000120 seconds to synchronously load lazily loaded font '../../../Engine/Content/Slate/Fonts/Roboto-Light.ttf' (167K)
[2018.12.08-22.35.15:820][525]Cmd: OBJ SAVEPACKAGE PACKAGE="/Game/NewMap" FILE="../../../../Git/Unreal-CPlusPlus-Journey/BuildingEscape/Content/NewMap.umap" SILENT=true AUTOSAVING=false KEEPDIRTY=false
[2018.12.08-22.35.15:912][525]LogSavePackage: Moving '../../../../Git/Unreal-CPlusPlus-Journey/BuildingEscape/Saved/NewMap680CDDBC4CE671FB46DABF81408090BC.tmp' to '../../../../Git/Unreal-CPlusPlus-Journey/BuildingEscape/Content/NewMap.umap'
[2018.12.08-22.35.15:932][525]LogFileHelpers: Saving map 'NewMap' took 0.112
[2018.12.08-22.35.15:981][525]LogSlate: Window 'BuildingEscape - Unreal Editor' being destroyed
[2018.12.08-22.35.15:981][525]LogWindowsTextInputMethodSystem: Display: IME system now deactivated.
[2018.12.08-22.35.16:139][526]Cmd: QUIT_EDITOR
[2018.12.08-22.35.16:722][526]LogExit: Preparing to exit.
[2018.12.08-22.35.16:866][526]LogDirectoryWatcher: A directory notification failed for 'H:/Git/Unreal-CPlusPlus-Journey/BuildingEscape/Content/', and we were unable to create a new request.
[2018.12.08-22.35.16:898][526]LogExit: Editor shut down
[2018.12.08-22.35.16:898][526]LogExit: Transaction tracking system shut down
[2018.12.08-22.35.17:061][526]LogExit: Object subsystem successfully closed.
[2018.12.08-22.35.17:138][526]LogShaderCompilers: Display: Shaders left to compile 0
[2018.12.08-22.35.17:140][526]LogD3D11RHI: Shutdown
[2018.12.08-22.35.17:140][526]LogD3D11RHI: CleanupD3DDevice
[2018.12.08-22.35.17:172][526]LogD3D11RHI: ~FD3D11DynamicRHI
[2018.12.08-22.35.17:180][526]LogModuleManager: Shutting down and abandoning module MovieSceneCapture (628)
[2018.12.08-22.35.17:180][526]LogModuleManager: Shutting down and abandoning module Voice (626)
[2018.12.08-22.35.17:180][526]LogModuleManager: Shutting down and abandoning module HierarchicalLODOutliner (624)
[2018.12.08-22.35.17:180][526]LogModuleManager: Shutting down and abandoning module SceneOutliner (622)
[2018.12.08-22.35.17:180][526]LogModuleManager: Shutting down and abandoning module AddContentDialog (620)
[2018.12.08-22.35.17:180][526]LogModuleManager: Shutting down and abandoning module WidgetCarousel (619)
[2018.12.08-22.35.17:180][526]LogModuleManager: Shutting down and abandoning module EditorWidgets (616)
[2018.12.08-22.35.17:180][526]LogModuleManager: Shutting down and abandoning module CollectionManager (614)
[2018.12.08-22.35.17:180][526]LogModuleManager: Shutting down and abandoning module StatsViewer (612)
[2018.12.08-22.35.17:180][526]LogModuleManager: Shutting down and abandoning module FoliageEdit (610)
[2018.12.08-22.35.17:180][526]LogModuleManager: Shutting down and abandoning module LandscapeEditor (608)
[2018.12.08-22.35.17:180][526]LogModuleManager: Shutting down and abandoning module MeshPaintMode (606)
[2018.12.08-22.35.17:180][526]LogModuleManager: Shutting down and abandoning module SceneDepthPickerMode (604)
[2018.12.08-22.35.17:180][526]LogModuleManager: Shutting down and abandoning module ActorPickerMode (602)
[2018.12.08-22.35.17:180][526]LogModuleManager: Shutting down and abandoning module GeometryMode (600)
[2018.12.08-22.35.17:181][526]LogModuleManager: Shutting down and abandoning module TextureAlignMode (598)
[2018.12.08-22.35.17:181][526]LogModuleManager: Shutting down and abandoning module BspMode (596)
[2018.12.08-22.35.17:181][526]LogModuleManager: Shutting down and abandoning module PIEPreviewDeviceProfileSelector (594)
[2018.12.08-22.35.17:181][526]LogModuleManager: Shutting down and abandoning module SequenceRecorderSections (592)
[2018.12.08-22.35.17:181][526]LogModuleManager: Shutting down and abandoning module AutomationWorker (590)
[2018.12.08-22.35.17:181][526]LogModuleManager: Shutting down and abandoning module AudioCaptureEditor (588)
[2018.12.08-22.35.17:181][526]LogModuleManager: Shutting down and abandoning module MatineeToLevelSequence (586)
[2018.12.08-22.35.17:181][526]LogModuleManager: Shutting down and abandoning module LevelSequenceEditor (584)
[2018.12.08-22.35.17:181][526]LogModuleManager: Shutting down and abandoning module PlacementMode (583)
[2018.12.08-22.35.17:181][526]LogModuleManager: Shutting down and abandoning module MaterialEditor (582)
[2018.12.08-22.35.17:181][526]LogModuleManager: Shutting down and abandoning module WmfMediaFactory (578)
[2018.12.08-22.35.17:181][526]LogModuleManager: Shutting down and abandoning module WmfMediaEditor (576)
[2018.12.08-22.35.17:181][526]LogModuleManager: Shutting down and abandoning module WebMMediaFactory (574)
[2018.12.08-22.35.17:181][526]LogModuleManager: Shutting down and abandoning module WebMMediaEditor (572)
[2018.12.08-22.35.17:181][526]LogModuleManager: Shutting down and abandoning module WebMMedia (570)
[2018.12.08-22.35.17:181][526]LogModuleManager: Shutting down and abandoning module MediaPlayerEditor (568)
[2018.12.08-22.35.17:181][526]LogModuleManager: Shutting down and abandoning module MediaCompositingEditor (566)
[2018.12.08-22.35.17:181][526]LogModuleManager: Shutting down and abandoning module SequenceRecorder (565)
[2018.12.08-22.35.17:181][526]LogModuleManager: Shutting down and abandoning module OpenExrWrapper (562)
[2018.12.08-22.35.17:181][526]LogModuleManager: Shutting down and abandoning module ImgMediaFactory (560)
[2018.12.08-22.35.17:181][526]LogModuleManager: Shutting down and abandoning module ImgMediaEditor (558)
[2018.12.08-22.35.17:181][526]LogModuleManager: Shutting down and abandoning module AvfMediaFactory (556)
[2018.12.08-22.35.17:181][526]LogModuleManager: Shutting down and abandoning module AvfMediaEditor (554)
[2018.12.08-22.35.17:181][526]LogModuleManager: Shutting down and abandoning module AndroidMediaFactory (552)
[2018.12.08-22.35.17:181][526]LogModuleManager: Shutting down and abandoning module AndroidMediaEditor (550)
[2018.12.08-22.35.17:181][526]LogModuleManager: Shutting down and abandoning module MagicLeapCameraPreviewFactory (548)
[2018.12.08-22.35.17:181][526]LogModuleManager: Shutting down and abandoning module MagicLeapMediaFactory (546)
[2018.12.08-22.35.17:181][526]LogModuleManager: Shutting down and abandoning module MagicLeapMediaEditor (544)
[2018.12.08-22.35.17:181][526]LogModuleManager: Shutting down and abandoning module CharacterAI (542)
[2018.12.08-22.35.17:181][526]LogModuleManager: Shutting down and abandoning module SmartSnapping (540)
[2018.12.08-22.35.17:181][526]LogModuleManager: Shutting down and abandoning module SessionServices (538)
[2018.12.08-22.35.17:181][526]LogModuleManager: Shutting down and abandoning module ViewportSnapping (536)
[2018.12.08-22.35.17:181][526]LogModuleManager: Shutting down and abandoning module ViewportInteraction (534)
[2018.12.08-22.35.17:181][526]LogModuleManager: Shutting down and abandoning module ClothPainter (532)
[2018.12.08-22.35.17:181][526]LogModuleManager: Shutting down and abandoning module SkeletalMeshEditor (531)
[2018.12.08-22.35.17:181][526]LogModuleManager: Shutting down and abandoning module LogVisualizer (528)
[2018.12.08-22.35.17:181][526]LogModuleManager: Shutting down and abandoning module IntroTutorials (526)
[2018.12.08-22.35.17:181][526]LogModuleManager: Shutting down and abandoning module GameProjectGeneration (525)
[2018.12.08-22.35.17:181][526]LogModuleManager: Shutting down and abandoning module LuminPlatformEditor (522)
[2018.12.08-22.35.17:181][526]LogModuleManager: Shutting down and abandoning module IOSPlatformEditor (520)
[2018.12.08-22.35.17:181][526]LogModuleManager: Shutting down and abandoning module HTML5PlatformEditor (518)
[2018.12.08-22.35.17:181][526]LogModuleManager: Shutting down and abandoning module AndroidPlatformEditor (516)
[2018.12.08-22.35.17:181][526]LogModuleManager: Shutting down and abandoning module AndroidDeviceDetection (515)
[2018.12.08-22.35.17:209][526]LogModuleManager: Shutting down and abandoning module WindowsPlatformEditor (512)
[2018.12.08-22.35.17:209][526]LogModuleManager: Shutting down and abandoning module LuminRuntimeSettings (510)
[2018.12.08-22.35.17:209][526]LogModuleManager: Shutting down and abandoning module IOSRuntimeSettings (508)
[2018.12.08-22.35.17:209][526]LogModuleManager: Shutting down and abandoning module AndroidRuntimeSettings (506)
[2018.12.08-22.35.17:210][526]LogModuleManager: Shutting down and abandoning module TimeManagementEditor (504)
[2018.12.08-22.35.17:210][526]LogModuleManager: Shutting down and abandoning module InputBindingEditor (502)
[2018.12.08-22.35.17:210][526]LogModuleManager: Shutting down and abandoning module MergeActors (500)
[2018.12.08-22.35.17:210][526]LogModuleManager: Shutting down and abandoning module LocalizationDashboard (498)
[2018.12.08-22.35.17:210][526]LogModuleManager: Shutting down and abandoning module LocalizationService (497)
[2018.12.08-22.35.17:210][526]LogModuleManager: Shutting down and abandoning module HardwareTargeting (494)
[2018.12.08-22.35.17:210][526]LogModuleManager: Shutting down and abandoning module DeviceProfileEditor (492)
[2018.12.08-22.35.17:210][526]LogModuleManager: Shutting down and abandoning module UndoHistory (490)
[2018.12.08-22.35.17:210][526]LogModuleManager: Shutting down and abandoning module XmlParser (488)
[2018.12.08-22.35.17:210][526]LogModuleManager: Shutting down and abandoning module Blutility (486)
[2018.12.08-22.35.17:210][526]LogModuleManager: Shutting down and abandoning module ProjectSettingsViewer (484)
[2018.12.08-22.35.17:210][526]LogModuleManager: Shutting down and abandoning module ProjectTargetPlatformEditor (483)
[2018.12.08-22.35.17:210][526]LogModuleManager: Shutting down and abandoning module EditorSettingsViewer (480)
[2018.12.08-22.35.17:210][526]LogModuleManager: Shutting down and abandoning module SettingsEditor (478)
[2018.12.08-22.35.17:210][526]LogModuleManager: Shutting down and abandoning module ProjectLauncher (476)
[2018.12.08-22.35.17:210][526]LogModuleManager: Shutting down and abandoning module SessionFrontend (474)
[2018.12.08-22.35.17:210][526]LogModuleManager: Shutting down and abandoning module ProfilerClient (472)
[2018.12.08-22.35.17:210][526]LogModuleManager: Shutting down and abandoning module DeviceManager (470)
[2018.12.08-22.35.17:210][526]LogModuleManager: Shutting down and abandoning module TargetDeviceServices (469)
[2018.12.08-22.35.17:265][526]LogModuleManager: Shutting down and abandoning module AutomationController (466)
[2018.12.08-22.35.17:265][526]LogModuleManager: Shutting down and abandoning module AutomationWindow (464)
[2018.12.08-22.35.17:265][526]LogModuleManager: Shutting down and abandoning module Layers (462)
[2018.12.08-22.35.17:265][526]LogModuleManager: Shutting down and abandoning module ComponentVisualizers (460)
[2018.12.08-22.35.17:265][526]LogModuleManager: Shutting down and abandoning module DetailCustomizations (458)
[2018.12.08-22.35.17:265][526]LogModuleManager: Shutting down and abandoning module PackagesDialog (456)
[2018.12.08-22.35.17:265][526]LogModuleManager: Shutting down and abandoning module Persona (454)
[2018.12.08-22.35.17:265][526]LogModuleManager: Shutting down and abandoning module AdvancedPreviewScene (453)
[2018.12.08-22.35.17:265][526]LogModuleManager: Shutting down and abandoning module AnimGraph (451)
[2018.12.08-22.35.17:265][526]LogModuleManager: Shutting down and abandoning module Kismet (448)
[2018.12.08-22.35.17:265][526]LogModuleManager: Shutting down and abandoning module GraphEditor (446)
[2018.12.08-22.35.17:265][526]LogModuleManager: Shutting down and abandoning module ClassViewer (444)
[2018.12.08-22.35.17:265][526]LogModuleManager: Shutting down and abandoning module Toolbox (442)
[2018.12.08-22.35.17:265][526]LogModuleManager: Shutting down and abandoning module DesktopPlatform (441)
[2018.12.08-22.35.17:265][526]LogModuleManager: Shutting down and abandoning module ModuleUI (438)
[2018.12.08-22.35.17:265][526]LogModuleManager: Shutting down and abandoning module MovieSceneTools (436)
[2018.12.08-22.35.17:265][526]LogModuleManager: Shutting down and abandoning module OutputLog (434)
[2018.12.08-22.35.17:265][526]LogModuleManager: Shutting down and abandoning module GammaUI (432)
[2018.12.08-22.35.17:265][526]LogModuleManager: Shutting down and abandoning module Documentation (430)
[2018.12.08-22.35.17:265][526]LogModuleManager: Shutting down and abandoning module MovieSceneTracks (428)
[2018.12.08-22.35.17:265][526]LogModuleManager: Shutting down and abandoning module MovieScene (426)
[2018.12.08-22.35.17:265][526]LogModuleManager: Shutting down and abandoning module StreamingPauseRendering (424)
[2018.12.08-22.35.17:265][526]LogModuleManager: Shutting down and abandoning module LauncherPlatform (422)
[2018.12.08-22.35.17:265][526]LogModuleManager: Shutting down and abandoning module AnalyticsET (420)
[2018.12.08-22.35.17:265][526]LogModuleManager: Shutting down and abandoning module PortalServices (418)
[2018.12.08-22.35.17:265][526]LogModuleManager: Shutting down and abandoning module PortalRpc (416)
[2018.12.08-22.35.17:265][526]LogModuleManager: Shutting down and abandoning module MessagingRpc (414)
[2018.12.08-22.35.17:265][526]LogModuleManager: Shutting down and abandoning module AIModule (412)
[2018.12.08-22.35.17:265][526]LogModuleManager: Shutting down and abandoning module GameplayDebugger (411)
[2018.12.08-22.35.17:266][526]LogModuleManager: Shutting down and abandoning module AITestSuite (409)
[2018.12.08-22.35.17:266][526]LogModuleManager: Shutting down and abandoning module NavigationSystem (407)
[2018.12.08-22.35.17:266][526]LogModuleManager: Shutting down and abandoning module ImageWriteQueue (404)
[2018.12.08-22.35.17:268][526]LogModuleManager: Shutting down and abandoning module ProfilerService (402)
[2018.12.08-22.35.17:364][526]LogModuleManager: Shutting down and abandoning module TaskGraph (400)
[2018.12.08-22.35.17:364][526]LogModuleManager: Shutting down and abandoning module SteamVRController (398)
[2018.12.08-22.35.17:364][526]LogModuleManager: Shutting down and abandoning module ProceduralMeshComponentEditor (396)
[2018.12.08-22.35.17:364][526]LogModuleManager: Shutting down and abandoning module ProceduralMeshComponent (394)
[2018.12.08-22.35.17:364][526]LogModuleManager: Shutting down and abandoning module OculusInput (392)
[2018.12.08-22.35.17:364][526]LogModuleManager: Shutting down and abandoning module MobilePatchingUtils (390)
[2018.12.08-22.35.17:364][526]LogModuleManager: Shutting down and abandoning module EditableMesh (388)
[2018.12.08-22.35.17:364][526]LogModuleManager: Shutting down and abandoning module CustomMeshComponent (386)
[2018.12.08-22.35.17:364][526]LogModuleManager: Shutting down and abandoning module CableComponent (384)
[2018.12.08-22.35.17:364][526]LogModuleManager: Shutting down and abandoning module AudioCapture (382)
[2018.12.08-22.35.17:364][526]LogModuleManager: Shutting down and abandoning module ArchVisCharacter (380)
[2018.12.08-22.35.17:364][526]LogModuleManager: Shutting down and abandoning module AndroidPermission (378)
[2018.12.08-22.35.17:364][526]LogModuleManager: Shutting down and abandoning module NUTUnrealEngine4 (376)
[2018.12.08-22.35.17:364][526]LogModuleManager: Shutting down and abandoning module NetcodeUnitTest (374)
[2018.12.08-22.35.17:364][526]LogModuleManager: Shutting down and abandoning module MediaCompositing (372)
[2018.12.08-22.35.17:364][526]LogModuleManager: Shutting down and abandoning module LinearTimecode (370)
[2018.12.08-22.35.17:364][526]LogModuleManager: Shutting down and abandoning module ImgMedia (368)
[2018.12.08-22.35.17:374][526]LogModuleManager: Shutting down and abandoning module HTML5Networking (366)
[2018.12.08-22.35.17:374][526]LogModuleManager: Shutting down and abandoning module GeometryCacheTracks (364)
[2018.12.08-22.35.17:374][526]LogModuleManager: Shutting down and abandoning module GeometryCacheSequencer (362)
[2018.12.08-22.35.17:374][526]LogModuleManager: Shutting down and abandoning module BackChannel (360)
[2018.12.08-22.35.17:374][526]LogModuleManager: Shutting down and abandoning module AppleVision (358)
[2018.12.08-22.35.17:374][526]LogModuleManager: Shutting down and abandoning module AppleImageUtilsBlueprintSupport (356)
[2018.12.08-22.35.17:374][526]LogModuleManager: Shutting down and abandoning module AppleImageUtils (354)
[2018.12.08-22.35.17:374][526]LogModuleManager: Shutting down and abandoning module AlembicImporter (352)
[2018.12.08-22.35.17:374][526]LogModuleManager: Shutting down and abandoning module AlembicLibrary (351)
[2018.12.08-22.35.17:374][526]LogModuleManager: Shutting down and abandoning module GeometryCache (350)
[2018.12.08-22.35.17:374][526]LogModuleManager: Shutting down and abandoning module GeometryCacheEd (349)
[2018.12.08-22.35.17:374][526]LogModuleManager: Shutting down and abandoning module VariantManagerContent (344)
[2018.12.08-22.35.17:374][526]LogModuleManager: Shutting down and abandoning module DatasmithContentEditor (342)
[2018.12.08-22.35.17:374][526]LogModuleManager: Shutting down and abandoning module SpeedTreeImporter (340)
[2018.12.08-22.35.17:374][526]LogModuleManager: Shutting down and abandoning module PluginBrowser (338)
[2018.12.08-22.35.17:374][526]LogModuleManager: Shutting down and abandoning module MobileLauncherProfileWizard (336)
[2018.12.08-22.35.17:374][526]LogModuleManager: Shutting down and abandoning module PolygonModeling (334)
[2018.12.08-22.35.17:374][526]LogModuleManager: Shutting down and abandoning module MeshEditor (332)
[2018.12.08-22.35.17:374][526]LogModuleManager: Shutting down and abandoning module CryptoKeysOpenSSL (330)
[2018.12.08-22.35.17:374][526]LogModuleManager: Shutting down and abandoning module CryptoKeys (328)
[2018.12.08-22.35.17:374][526]LogModuleManager: Shutting down and abandoning module VisualStudioSourceCodeAccess (326)
[2018.12.08-22.35.17:374][526]LogModuleManager: Shutting down and abandoning module VisualStudioCodeSourceCodeAccess (324)
[2018.12.08-22.35.17:374][526]LogModuleManager: Shutting down and abandoning module UObjectPlugin (322)
[2018.12.08-22.35.17:374][526]LogModuleManager: Shutting down and abandoning module SubversionSourceControl (320)
[2018.12.08-22.35.17:374][526]LogModuleManager: Shutting down and abandoning module PerforceSourceControl (318)
[2018.12.08-22.35.17:374][526]LogModuleManager: Shutting down and abandoning module GitSourceControl (316)
[2018.12.08-22.35.17:374][526]LogModuleManager: Shutting down and abandoning module SourceControl (315)
[2018.12.08-22.35.17:374][526]LogModuleManager: Shutting down and abandoning module CLionSourceCodeAccess (312)
[2018.12.08-22.35.17:374][526]LogModuleManager: Shutting down and abandoning module ActorLayerUtilitiesEditor (310)
[2018.12.08-22.35.17:374][526]LogModuleManager: Shutting down and abandoning module ActorLayerUtilities (308)
[2018.12.08-22.35.17:374][526]LogModuleManager: Shutting down and abandoning module LightPropagationVolumeEditor (306)
[2018.12.08-22.35.17:374][526]LogModuleManager: Shutting down and abandoning module PaperTiledImporter (304)
[2018.12.08-22.35.17:374][526]LogModuleManager: Shutting down and abandoning module PaperSpriteSheetImporter (302)
[2018.12.08-22.35.17:374][526]LogModuleManager: Shutting down and abandoning module Paper2DEditor (300)
[2018.12.08-22.35.17:374][526]LogModuleManager: Shutting down and abandoning module MeshPaint (299)
[2018.12.08-22.35.17:374][526]LogModuleManager: Shutting down and abandoning module BuildingEscape (296)
[2018.12.08-22.35.17:374][526]LogModuleManager: Shutting down and abandoning module RuntimePhysXCooking (294)
[2018.12.08-22.35.17:374][526]LogModuleManager: Shutting down and abandoning module PhysXVehiclesEditor (292)
[2018.12.08-22.35.17:374][526]LogModuleManager: Shutting down and abandoning module PhysXVehicles (290)
[2018.12.08-22.35.17:374][526]LogModuleManager: Shutting down and abandoning module OculusEditor (288)
[2018.12.08-22.35.17:374][526]LogModuleManager: Shutting down and abandoning module LocationServicesBPLibrary (286)
[2018.12.08-22.35.17:374][526]LogModuleManager: Shutting down and abandoning module ActorSequence (284)
[2018.12.08-22.35.17:374][526]LogModuleManager: Shutting down and abandoning module UdpMessaging (282)
[2018.12.08-22.35.17:475][526]LogModuleManager: Shutting down and abandoning module TcpMessaging (280)
[2018.12.08-22.35.17:822][526]LogModuleManager: Shutting down and abandoning module MagicLeapAudio (278)
[2018.12.08-22.35.17:822][526]LogModuleManager: Shutting down and abandoning module GameplayTagsEditor (276)
[2018.12.08-22.35.17:822][526]LogModuleManager: Shutting down and abandoning module FacialAnimationEditor (274)
[2018.12.08-22.35.17:822][526]LogModuleManager: Shutting down and abandoning module FacialAnimation (272)
[2018.12.08-22.35.17:822][526]LogModuleManager: Shutting down and abandoning module DataValidation (270)
[2018.12.08-22.35.17:822][526]LogModuleManager: Shutting down and abandoning module AssetManagerEditor (268)
[2018.12.08-22.35.17:822][526]LogModuleManager: Shutting down and abandoning module LevelEditor (267)
[2018.12.08-22.35.17:823][526]LogModuleManager: Shutting down and abandoning module PixelInspectorModule (266)
[2018.12.08-22.35.17:823][526]LogModuleManager: Shutting down and abandoning module CommonMenuExtensions (264)
[2018.12.08-22.35.17:823][526]LogModuleManager: Shutting down and abandoning module MainFrame (262)
[2018.12.08-22.35.17:823][526]LogModuleManager: Shutting down and abandoning module HotReload (261)
[2018.12.08-22.35.17:823][526]LogModuleManager: Shutting down and abandoning module ContentBrowser (257)
[2018.12.08-22.35.17:824][526]LogModuleManager: Shutting down and abandoning module TreeMap (255)
[2018.12.08-22.35.17:824][526]LogModuleManager: Shutting down and abandoning module LightPropagationVolumeRuntime (252)
[2018.12.08-22.35.17:824][526]LogModuleManager: Shutting down and abandoning module AISupportModule (250)
[2018.12.08-22.35.17:824][526]LogModuleManager: Shutting down and abandoning module Paper2D (248)
[2018.12.08-22.35.17:824][526]LogModuleManager: Shutting down and abandoning module WindowsMoviePlayer (246)
[2018.12.08-22.35.17:824][526]LogModuleManager: Shutting down and abandoning module WebMMoviePlayer (244)
[2018.12.08-22.35.17:824][526]LogModuleManager: Shutting down and abandoning module WmfMedia (242)
[2018.12.08-22.35.17:825][526]LogModuleManager: Shutting down and abandoning module Media (241)
[2018.12.08-22.35.17:831][526]LogModuleManager: Shutting down and abandoning module PacketHandler (238)
[2018.12.08-22.35.17:831][526]LogModuleManager: Shutting down and abandoning module ClothingSystemEditor (236)
[2018.12.08-22.35.17:831][526]LogModuleManager: Shutting down and abandoning module ClothingSystemRuntime (234)
[2018.12.08-22.35.17:831][526]LogModuleManager: Shutting down and abandoning module MediaAssets (232)
[2018.12.08-22.35.17:831][526]LogModuleManager: Shutting down and abandoning module Overlay (230)
[2018.12.08-22.35.17:831][526]LogModuleManager: Shutting down and abandoning module OverlayEditor (229)
[2018.12.08-22.35.17:831][526]LogModuleManager: Shutting down and abandoning module VREditor (226)
[2018.12.08-22.35.17:831][526]LogModuleManager: Shutting down and abandoning module StringTableEditor (224)
[2018.12.08-22.35.17:831][526]LogModuleManager: Shutting down and abandoning module GameplayTasksEditor (222)
[2018.12.08-22.35.17:831][526]LogModuleManager: Shutting down and abandoning module BehaviorTreeEditor (220)
[2018.12.08-22.35.17:831][526]LogModuleManager: Shutting down and abandoning module FunctionalTesting (218)
[2018.12.08-22.35.17:831][526]LogModuleManager: Shutting down and abandoning module CollisionAnalyzer (216)
[2018.12.08-22.35.17:831][526]LogModuleManager: Shutting down and abandoning module WorkspaceMenuStructure (215)
[2018.12.08-22.35.17:831][526]LogModuleManager: Shutting down and abandoning module UMG (212)
[2018.12.08-22.35.17:831][526]LogModuleManager: Shutting down and abandoning module UMGEditor (211)
[2018.12.08-22.35.17:831][526]LogModuleManager: Shutting down and abandoning module Sequencer (210)
[2018.12.08-22.35.17:831][526]LogModuleManager: Shutting down and abandoning module MessageLog (207)
[2018.12.08-22.35.17:831][526]LogModuleManager: Shutting down and abandoning module SlateReflector (202)
[2018.12.08-22.35.17:832][526]LogModuleManager: Shutting down and abandoning module Slate (200)
[2018.12.08-22.35.17:832][526]LogModuleManager: Shutting down and abandoning module EditorStyle (198)
[2018.12.08-22.35.17:832][526]LogModuleManager: Shutting down and abandoning module MRMesh (196)
[2018.12.08-22.35.17:832][526]LogModuleManager: Shutting down and abandoning module SourceCodeAccess (194)
[2018.12.08-22.35.17:833][526]LogModuleManager: Shutting down and abandoning module HeadMountedDisplay (192)
[2018.12.08-22.35.17:833][526]LogModuleManager: Shutting down and abandoning module XAudio2 (190)
[2018.12.08-22.35.17:833][526]LogModuleManager: Shutting down and abandoning module Networking (188)
[2018.12.08-22.35.17:833][526]LogModuleManager: Shutting down and abandoning module Core (186)
[2018.12.08-22.35.17:833][526]LogModuleManager: Shutting down and abandoning module LevelSequence (184)
[2018.12.08-22.35.17:833][526]LogModuleManager: Shutting down and abandoning module KismetCompiler (182)
[2018.12.08-22.35.17:833][526]LogModuleManager: Shutting down and abandoning module MeshUtilities (180)
[2018.12.08-22.35.17:833][526]LogModuleManager: Shutting down and abandoning module MeshMergeUtilities (179)
[2018.12.08-22.35.17:833][526]LogModuleManager: Shutting down and abandoning module MeshReductionInterface (178)
[2018.12.08-22.35.17:833][526]LogModuleManager: Shutting down and abandoning module SimplygonSwarm (177)
[2018.12.08-22.35.17:833][526]LogModuleManager: Shutting down and abandoning module ProxyLODMeshReduction (175)
[2018.12.08-22.35.17:833][526]LogModuleManager: Shutting down and abandoning module SimplygonMeshReduction (173)
[2018.12.08-22.35.17:833][526]LogModuleManager: Shutting down and abandoning module QuadricMeshReduction (171)
[2018.12.08-22.35.17:833][526]LogModuleManager: Shutting down and abandoning module MaterialBaking (167)
[2018.12.08-22.35.17:833][526]LogModuleManager: Shutting down and abandoning module DirectoryWatcher (163)
[2018.12.08-22.35.17:833][526]LogModuleManager: Shutting down and abandoning module DerivedDataCache (160)
[2018.12.08-22.35.17:898][526]LogDerivedDataCache: Shutdown
[2018.12.08-22.35.17:898][526]LogModuleManager: Shutting down and abandoning module XGEController (158)
[2018.12.08-22.35.17:898][526]LogModuleManager: Shutting down and abandoning module TargetPlatform (156)
[2018.12.08-22.35.17:898][526]LogModuleManager: Shutting down and abandoning module VulkanShaderFormat (155)
[2018.12.08-22.35.17:898][526]LogModuleManager: Shutting down and abandoning module ShaderFormatVectorVM (153)
[2018.12.08-22.35.17:898][526]LogModuleManager: Shutting down and abandoning module ShaderFormatOpenGL (151)
[2018.12.08-22.35.17:898][526]LogModuleManager: Shutting down and abandoning module ShaderFormatD3D (149)
[2018.12.08-22.35.17:898][526]LogModuleManager: Shutting down and abandoning module MetalShaderFormat (147)
[2018.12.08-22.35.17:898][526]LogModuleManager: Shutting down and abandoning module TextureFormatUncompressed (145)
[2018.12.08-22.35.17:898][526]LogModuleManager: Shutting down and abandoning module TextureFormatPVR (143)
[2018.12.08-22.35.17:898][526]LogModuleManager: Shutting down and abandoning module TextureFormatDXT (141)
[2018.12.08-22.35.17:898][526]LogModuleManager: Shutting down and abandoning module TextureFormatIntelISPCTexComp (139)
[2018.12.08-22.35.17:898][526]LogModuleManager: Shutting down and abandoning module TextureFormatASTC (137)
[2018.12.08-22.35.17:898][526]LogModuleManager: Shutting down and abandoning module ImageWrapper (136)
[2018.12.08-22.35.17:898][526]LogModuleManager: Shutting down and abandoning module TextureFormatAndroid (133)
[2018.12.08-22.35.17:898][526]LogModuleManager: Shutting down and abandoning module AudioFormatOpus (131)
[2018.12.08-22.35.17:898][526]LogModuleManager: Shutting down and abandoning module AudioFormatOgg (129)
[2018.12.08-22.35.17:899][526]LogModuleManager: Shutting down and abandoning module AudioFormatADPCM (127)
[2018.12.08-22.35.17:899][526]LogModuleManager: Shutting down and abandoning module LuminTargetPlatform (125)
[2018.12.08-22.35.17:899][526]LogModuleManager: Shutting down and abandoning module LinuxTargetPlatform (123)
[2018.12.08-22.35.17:899][526]LogModuleManager: Shutting down and abandoning module LinuxServerTargetPlatform (121)
[2018.12.08-22.35.17:899][526]LogModuleManager: Shutting down and abandoning module LinuxNoEditorTargetPlatform (119)
[2018.12.08-22.35.17:899][526]LogModuleManager: Shutting down and abandoning module LinuxClientTargetPlatform (117)
[2018.12.08-22.35.17:899][526]LogModuleManager: Shutting down and abandoning module TVOSTargetPlatform (115)
[2018.12.08-22.35.17:899][526]LogModuleManager: Shutting down and abandoning module Messaging (113)
[2018.12.08-22.35.17:899][526]LogModuleManager: Shutting down and abandoning module IOSTargetPlatform (111)
[2018.12.08-22.35.17:900][526]LogModuleManager: Shutting down and abandoning module HTML5TargetPlatform (109)
[2018.12.08-22.35.17:900][526]LogModuleManager: Shutting down and abandoning module AndroidTargetPlatform (107)
[2018.12.08-22.35.17:904][526]LogModuleManager: Shutting down and abandoning module WindowsTargetPlatform (105)
[2018.12.08-22.35.17:904][526]LogModuleManager: Shutting down and abandoning module WindowsServerTargetPlatform (103)
[2018.12.08-22.35.17:904][526]LogModuleManager: Shutting down and abandoning module WindowsNoEditorTargetPlatform (101)
[2018.12.08-22.35.17:904][526]LogModuleManager: Shutting down and abandoning module WindowsClientTargetPlatform (99)
[2018.12.08-22.35.17:904][526]LogModuleManager: Shutting down and abandoning module MacTargetPlatform (97)
[2018.12.08-22.35.17:904][526]LogModuleManager: Shutting down and abandoning module MacServerTargetPlatform (95)
[2018.12.08-22.35.17:904][526]LogModuleManager: Shutting down and abandoning module MacNoEditorTargetPlatform (93)
[2018.12.08-22.35.17:904][526]LogModuleManager: Shutting down and abandoning module MacClientTargetPlatform (91)
[2018.12.08-22.35.17:904][526]LogModuleManager: Shutting down and abandoning module AllDesktopTargetPlatform (89)
[2018.12.08-22.35.17:904][526]LogModuleManager: Shutting down and abandoning module InputCore (86)
[2018.12.08-22.35.17:904][526]LogModuleManager: Shutting down and abandoning module Settings (84)
[2018.12.08-22.35.17:904][526]LogModuleManager: Shutting down and abandoning module PhysXCooking (82)
[2018.12.08-22.35.17:904][526]LogModuleManager: Shutting down and abandoning module SteamVR (80)
[2018.12.08-22.35.17:904][526]LogHMD: Freeing OpenVRDLLHandle.
[2018.12.08-22.35.17:904][526]LogModuleManager: Shutting down and abandoning module OculusHMD (78)
[2018.12.08-22.35.17:904][526]LogModuleManager: Shutting down and abandoning module ExampleDeviceProfileSelector (76)
[2018.12.08-22.35.17:904][526]LogModuleManager: Shutting down and abandoning module LauncherChunkInstaller (74)
[2018.12.08-22.35.17:904][526]LogModuleManager: Shutting down and abandoning module OnlineBlueprintSupport (72)
[2018.12.08-22.35.17:904][526]LogModuleManager: Shutting down and abandoning module OnlineSubsystem (68)
[2018.12.08-22.35.17:904][526]LogModuleManager: Shutting down and abandoning module XMPP (63)
[2018.12.08-22.35.17:904][526]LogModuleManager: Shutting down and abandoning module WebSockets (62)
[2018.12.08-22.35.17:936][526]LogModuleManager: Shutting down and abandoning module HTTP (59)
[2018.12.08-22.35.17:936][526]LogHttp: Display: Http module shutting down, but needs to wait on 1 outstanding Http requests:
[2018.12.08-22.35.17:936][526]LogHttp: Display: 	verb=[POST] url=[https://datarouter.ol.epicgames.com/datarouter/api/v1/public/data?SessionID=%7B3692D7D9-4B0C-AC01-2D53-118DDBB2909F%7D&AppID=UEEditor.Rocket.Release&AppVersion=4.21.0-4541578%2B%2B%2BUE4%2BRelease-4.21&UserID=6e77051649eb84e4effe66bb3302f572%7C3c7b2da6b655411a934b5194e8028df2%7C47aaa09f-cdc5-4370-a668-c2b5b2468652&AppEnvironment=datacollector-binary&UploadType=eteventstream] status=Processing
[2018.12.08-22.35.17:936][526]LogHttp: Display: Sleeping 0.5s to wait for 1 outstanding Http requests.
[2018.12.08-22.35.18:446][526]LogModuleManager: Shutting down and abandoning module SSL (58)
[2018.12.08-22.35.18:447][526]LogModuleManager: Shutting down and abandoning module MagicLeapIdentity (54)
[2018.12.08-22.35.18:447][526]LogModuleManager: Shutting down and abandoning module MagicLeapHelperVulkan (52)
[2018.12.08-22.35.18:447][526]LogModuleManager: Shutting down and abandoning module MagicLeapHelperOpenGL (50)
[2018.12.08-22.35.18:447][526]LogModuleManager: Shutting down and abandoning module MagicLeapSecureStorage (48)
[2018.12.08-22.35.18:447][526]LogModuleManager: Shutting down and abandoning module MagicLeapHandTracking (46)
[2018.12.08-22.35.18:447][526]LogModuleManager: Shutting down and abandoning module MagicLeapEyeTracker (44)
[2018.12.08-22.35.18:447][526]LogModuleManager: Shutting down and abandoning module MagicLeapController (42)
[2018.12.08-22.35.18:447][526]LogSlate: Slate User Destroyed.  User Index 0, Is Virtual User: 0
[2018.12.08-22.35.18:447][526]LogModuleManager: Shutting down and abandoning module MagicLeap (40)
[2018.12.08-22.35.18:447][526]LogModuleManager: Shutting down and abandoning module DatasmithContent (38)
[2018.12.08-22.35.18:448][526]LogModuleManager: Shutting down and abandoning module AnimationModifiers (36)
[2018.12.08-22.35.18:448][526]LogModuleManager: Shutting down and abandoning module PropertyEditor (35)
[2018.12.08-22.35.18:448][526]LogModuleManager: Shutting down and abandoning module AudioEditor (32)
[2018.12.08-22.35.18:448][526]LogModuleManager: Shutting down and abandoning module TextureCompressor (30)
[2018.12.08-22.35.18:448][526]LogModuleManager: Shutting down and abandoning module ShaderCore (28)
[2018.12.08-22.35.18:448][526]LogModuleManager: Shutting down and abandoning module Landscape (26)
[2018.12.08-22.35.18:448][526]LogModuleManager: Shutting down and abandoning module SlateRHIRenderer (24)
[2018.12.08-22.35.18:448][526]LogModuleManager: Shutting down and abandoning module OpenGLDrv (22)
[2018.12.08-22.35.18:448][526]LogModuleManager: Shutting down and abandoning module D3D11RHI (20)
[2018.12.08-22.35.18:448][526]LogModuleManager: Shutting down and abandoning module AnimGraphRuntime (18)
[2018.12.08-22.35.18:448][526]LogModuleManager: Shutting down and abandoning module Renderer (16)
[2018.12.08-22.35.18:448][526]LogModuleManager: Shutting down and abandoning module Engine (14)
[2018.12.08-22.35.18:448][526]LogModuleManager: Shutting down and abandoning module CoreUObject (12)
[2018.12.08-22.35.18:448][526]LogModuleManager: Shutting down and abandoning module NetworkFile (10)
[2018.12.08-22.35.18:448][526]LogModuleManager: Shutting down and abandoning module CookedIterativeFile (8)
[2018.12.08-22.35.18:448][526]LogModuleManager: Shutting down and abandoning module StreamingFile (6)
[2018.12.08-22.35.18:448][526]LogModuleManager: Shutting down and abandoning module SandboxFile (4)
[2018.12.08-22.35.18:448][526]LogModuleManager: Shutting down and abandoning module PakFile (2)
[2018.12.08-22.35.18:453][526]LogExit: Exiting.
[2018.12.08-22.35.18:457][526]Log file closed, 12/09/18 00:35:18
