Log file open, 12/08/18 10:35:39
LogWindows: Failed to load 'aqProf.dll' (GetLastError=126)
LogWindows: File 'aqProf.dll' does not exist
LogWindows: Failed to load 'VtuneApi.dll' (GetLastError=126)
LogWindows: File 'VtuneApi.dll' does not exist
LogWindows: Failed to load 'VtuneApi32e.dll' (GetLastError=126)
LogWindows: File 'VtuneApi32e.dll' does not exist
LogConsoleResponse: Display: Failed to find resolution value strings in scalability ini. Falling back to default.
LogInit: Display: Running engine for game: BuildingEscape
LogPakFile: Registered encryption key '00000000000000000000000000000000': 0 pak files mounted, 0 remain pending
LogPlatformFile: Not using cached read wrapper
LogTaskGraph: Started task graph with 5 named threads and 20 total threads with 3 sets of task threads.
LogStats: Stats thread started at 0.226543
LogD3D11RHI: Loaded GFSDK_Aftermath_Lib.x64.dll
LogICUInternationalization: ICU TimeZone Detection - Raw Offset: +2:00, Platform Override: ''
LogPluginManager: Mounting plugin Paper2D
LogPluginManager: Mounting plugin AISupport
LogPluginManager: Mounting plugin LightPropagationVolume
LogPluginManager: Mounting plugin ActorLayerUtilities
LogPluginManager: Mounting plugin CLionSourceCodeAccess
LogPluginManager: Mounting plugin CodeLiteSourceCodeAccess
LogPluginManager: Mounting plugin GitSourceControl
LogPluginManager: Mounting plugin KDevelopSourceCodeAccess
LogPluginManager: Mounting plugin NullSourceCodeAccess
LogPluginManager: Mounting plugin PerforceSourceControl
LogPluginManager: Mounting plugin SubversionSourceControl
LogPluginManager: Mounting plugin UObjectPlugin
LogPluginManager: Mounting plugin VisualStudioCodeSourceCodeAccess
LogPluginManager: Mounting plugin VisualStudioSourceCodeAccess
LogPluginManager: Mounting plugin XCodeSourceCodeAccess
LogPluginManager: Mounting plugin AssetManagerEditor
LogPluginManager: Mounting plugin CryptoKeys
LogPluginManager: Mounting plugin DataValidation
LogPluginManager: Mounting plugin FacialAnimation
LogPluginManager: Mounting plugin GameplayTagsEditor
LogPluginManager: Mounting plugin MacGraphicsSwitching
LogPluginManager: Mounting plugin MeshEditor
LogPluginManager: Mounting plugin MobileLauncherProfileWizard
LogPluginManager: Mounting plugin PluginBrowser
LogPluginManager: Mounting plugin SpeedTreeImporter
LogPluginManager: Mounting plugin DatasmithContent
LogPluginManager: Mounting plugin VariantManagerContent
LogPluginManager: Mounting plugin AlembicImporter
LogPluginManager: Mounting plugin AppleImageUtils
LogPluginManager: Mounting plugin AppleVision
LogPluginManager: Mounting plugin BackChannel
LogPluginManager: Mounting plugin CharacterAI
LogPluginManager: Mounting plugin GeometryCache
LogPluginManager: Mounting plugin HTML5Networking
LogPluginManager: Mounting plugin ProxyLODPlugin
LogPluginManager: Mounting plugin MagicLeap
LogPluginManager: Mounting plugin MagicLeapMedia
LogPluginManager: Mounting plugin AndroidMedia
LogPluginManager: Mounting plugin AvfMedia
LogPluginManager: Mounting plugin ImgMedia
LogPluginManager: Mounting plugin LinearTimecode
LogPluginManager: Mounting plugin MediaCompositing
LogPluginManager: Mounting plugin MediaPlayerEditor
LogPluginManager: Mounting plugin WebMMedia
LogPluginManager: Mounting plugin WmfMedia
LogPluginManager: Mounting plugin TcpMessaging
LogPluginManager: Mounting plugin UdpMessaging
LogPluginManager: Mounting plugin ActorSequence
LogPluginManager: Mounting plugin LevelSequenceEditor
LogPluginManager: Mounting plugin MatineeToLevelSequence
LogPluginManager: Mounting plugin NetcodeUnitTest
LogPluginManager: Mounting plugin NUTUnrealEngine4
LogPluginManager: Mounting plugin OnlineSubsystemGooglePlay
LogPluginManager: Mounting plugin OnlineSubsystemIOS
LogPluginManager: Mounting plugin OnlineSubsystem
LogPluginManager: Mounting plugin OnlineSubsystemNull
LogPluginManager: Mounting plugin OnlineSubsystemUtils
LogPluginManager: Mounting plugin LauncherChunkInstaller
LogPluginManager: Mounting plugin AndroidDeviceProfileSelector
LogPluginManager: Mounting plugin AndroidMoviePlayer
LogPluginManager: Mounting plugin AndroidPermission
LogPluginManager: Mounting plugin AppleMoviePlayer
LogPluginManager: Mounting plugin ArchVisCharacter
LogPluginManager: Mounting plugin AudioCapture
LogPluginManager: Mounting plugin CableComponent
LogPluginManager: Mounting plugin CustomMeshComponent
LogPluginManager: Mounting plugin EditableMesh
LogPluginManager: Mounting plugin ExampleDeviceProfileSelector
LogPluginManager: Mounting plugin Firebase
LogPluginManager: Mounting plugin GoogleCloudMessaging
LogPluginManager: Mounting plugin IOSDeviceProfileSelector
LogPluginManager: Mounting plugin LinuxDeviceProfileSelector
LogPluginManager: Mounting plugin LocationServicesBPLibrary
LogPluginManager: Mounting plugin MobilePatchingUtils
LogPluginManager: Mounting plugin OculusVR
LogPluginManager: Mounting plugin PhysXVehicles
LogPluginManager: Mounting plugin ProceduralMeshComponent
LogPluginManager: Mounting plugin RuntimePhysXCooking
LogPluginManager: Mounting plugin SteamVR
LogPluginManager: Mounting plugin WebMMoviePlayer
LogPluginManager: Mounting plugin WindowsMoviePlayer
LogStreaming: Display: Took  0.058s to configure plugins.
LogInit: Using libcurl 7.55.1-DEV
LogInit:  - built for x86_64-pc-win32
LogInit:  - supports SSL with OpenSSL/1.0.2h
LogInit:  - supports HTTP deflate (compression) using libz 1.2.8
LogInit:  - other features:
LogInit:      CURL_VERSION_SSL
LogInit:      CURL_VERSION_LIBZ
LogInit:      CURL_VERSION_IPV6
LogInit:      CURL_VERSION_ASYNCHDNS
LogInit:      CURL_VERSION_LARGEFILE
LogInit:      CURL_VERSION_IDN
LogInit:  CurlRequestOptions (configurable via config and command line):
LogInit:  - bVerifyPeer = true  - Libcurl will verify peer certificate
LogInit:  - bUseHttpProxy = false  - Libcurl will NOT use HTTP proxy
LogInit:  - bDontReuseConnections = false  - Libcurl will reuse connections
LogInit:  - MaxHostConnections = 16  - Libcurl will limit the number of connections to a host
LogInit:  - LocalHostAddr = Default
LogInit:  - BufferSize = 65536
LogInit: WinSock: version 1.1 (2.2), MaxSocks=32767, MaxUdp=65467
LogInit: Build: ++UE4+Release-4.21-CL-4541578
LogInit: Engine Version: 4.21.0-4541578+++UE4+Release-4.21
LogInit: Compatible Engine Version: 4.21.0-4541578+++UE4+Release-4.21
LogInit: Net CL: 4541578
LogInit: OS: Windows 10 (), CPU: Intel(R) Core(TM) i5-8600K CPU @ 3.60GHz, GPU: NVIDIA GeForce GTX 1060 6GB
LogInit: Compiled (64-bit): Nov  6 2018 02:04:24
LogInit: Compiled with Visual C++: 19.13.26129.00
LogInit: Build Configuration: Development
LogInit: Branch Name: ++UE4+Release-4.21
LogInit: Command Line: 
LogInit: Base Directory: H:/UE_4.21/Engine/Binaries/Win64/
LogInit: Installed Engine Build: 1
LogDevObjectVersion: Number of dev versions registered: 22
LogDevObjectVersion:   Dev-Blueprints (B0D832E4-1F89-4F0D-ACCF-7EB736FD4AA2): 10
LogDevObjectVersion:   Dev-Build (E1C64328-A22C-4D53-A36C-8E866417BD8C): 0
LogDevObjectVersion:   Dev-Core (375EC13C-06E4-48FB-B500-84F0262A717E): 2
LogDevObjectVersion:   Dev-Editor (E4B068ED-F494-42E9-A231-DA0B2E46BB41): 26
LogDevObjectVersion:   Dev-Framework (CFFC743F-43B0-4480-9391-14DF171D2073): 34
LogDevObjectVersion:   Dev-Mobile (B02B49B5-BB20-44E9-A304-32B752E40360): 2
LogDevObjectVersion:   Dev-Networking (A4E4105C-59A1-49B5-A7C5-40C4547EDFEE): 0
LogDevObjectVersion:   Dev-Online (39C831C9-5AE6-47DC-9A44-9C173E1C8E7C): 0
LogDevObjectVersion:   Dev-Physics (78F01B33-EBEA-4F98-B9B4-84EACCB95AA2): 0
LogDevObjectVersion:   Dev-Platform (6631380F-2D4D-43E0-8009-CF276956A95A): 0
LogDevObjectVersion:   Dev-Rendering (12F88B9F-8875-4AFC-A67C-D90C383ABD29): 27
LogDevObjectVersion:   Dev-Sequencer (7B5AE74C-D270-4C10-A958-57980B212A5A): 9
LogDevObjectVersion:   Dev-VR (D7296918-1DD6-4BDD-9DE2-64A83CC13884): 2
LogDevObjectVersion:   Dev-LoadTimes (C2A15278-BFE7-4AFE-6C17-90FF531DF755): 1
LogDevObjectVersion:   Private-Geometry (6EACA3D4-40EC-4CC1-B786-8BED09428FC5): 3
LogDevObjectVersion:   Dev-AnimPhys (29E575DD-E0A3-4627-9D10-D276232CDCEA): 17
LogDevObjectVersion:   Dev-Anim (AF43A65D-7FD3-4947-9873-3E8ED9C1BB05): 2
LogDevObjectVersion:   Dev-ReflectionCapture (6B266CEC-1EC7-4B8F-A30B-E4D90942FC07): 1
LogDevObjectVersion:   Dev-Automation (0DF73D61-A23F-47EA-B727-89E90C41499A): 1
LogDevObjectVersion:   FortniteMain (601D1886-AC64-4F84-AA16-D3DE0DEAC7D6): 17
LogDevObjectVersion:   Dev-Enterprise (9DFFBCD6-494F-0158-E221-12823C92A888): 4
LogDevObjectVersion:   Dev-Niagara (F2AED0AC-9AFE-416F-8664-AA7FFA26D6FC): 1
LogStreaming: Display: Took  0.000s to delete old logs.
LogInit: Presizing for max 8388607 objects, including 0 objects not considered by GC, pre-allocating 0 bytes for permanent pool.
LogInit: Object subsystem initialized
LogConfig: Setting CVar [[con.DebugEarlyDefault:1]]
LogConfig: Setting CVar [[r.setres:1280x720]]
[2018.12.08-08.35.39:584][  0]LogConfig: Setting CVar [[r.VSync:0]]
[2018.12.08-08.35.39:584][  0]LogConfig: Setting CVar [[r.RHICmdBypass:0]]
[2018.12.08-08.35.39:584][  0]LogConfig: Applying CVar settings from Section [/Script/Engine.RendererSettings] File [H:/Git/Unreal-CPlusPlus-Journey/BuildingEscape/Saved/Config/Windows/Engine.ini]
[2018.12.08-08.35.39:584][  0]LogConfig: Setting CVar [[r.GPUCrashDebugging:0]]
[2018.12.08-08.35.39:584][  0]LogConfig: Applying CVar settings from Section [/Script/Engine.RendererOverrideSettings] File [H:/Git/Unreal-CPlusPlus-Journey/BuildingEscape/Saved/Config/Windows/Engine.ini]
[2018.12.08-08.35.39:584][  0]LogConfig: Applying CVar settings from Section [/Script/Engine.StreamingSettings] File [H:/Git/Unreal-CPlusPlus-Journey/BuildingEscape/Saved/Config/Windows/Engine.ini]
[2018.12.08-08.35.39:584][  0]LogConfig: Setting CVar [[s.MinBulkDataSizeForAsyncLoading:131072]]
[2018.12.08-08.35.39:584][  0]LogConfig: Setting CVar [[s.AsyncLoadingThreadEnabled:0]]
[2018.12.08-08.35.39:584][  0]LogConfig: Setting CVar [[s.EventDrivenLoaderEnabled:1]]
[2018.12.08-08.35.39:584][  0]LogConfig: Setting CVar [[s.WarnIfTimeLimitExceeded:0]]
[2018.12.08-08.35.39:584][  0]LogConfig: Setting CVar [[s.TimeLimitExceededMultiplier:1.5]]
[2018.12.08-08.35.39:584][  0]LogConfig: Setting CVar [[s.TimeLimitExceededMinTime:0.005]]
[2018.12.08-08.35.39:584][  0]LogConfig: Setting CVar [[s.UseBackgroundLevelStreaming:1]]
[2018.12.08-08.35.39:584][  0]LogConfig: Setting CVar [[s.PriorityAsyncLoadingExtraTime:15.0]]
[2018.12.08-08.35.39:584][  0]LogConfig: Setting CVar [[s.LevelStreamingActorsUpdateTimeLimit:5.0]]
[2018.12.08-08.35.39:584][  0]LogConfig: Setting CVar [[s.PriorityLevelStreamingActorsUpdateExtraTime:5.0]]
[2018.12.08-08.35.39:584][  0]LogConfig: Setting CVar [[s.LevelStreamingComponentsRegistrationGranularity:10]]
[2018.12.08-08.35.39:584][  0]LogConfig: Setting CVar [[s.UnregisterComponentsTimeLimit:1.0]]
[2018.12.08-08.35.39:584][  0]LogConfig: Setting CVar [[s.LevelStreamingComponentsUnregistrationGranularity:5]]
[2018.12.08-08.35.39:584][  0]LogConfig: Applying CVar settings from Section [/Script/Engine.GarbageCollectionSettings] File [H:/Git/Unreal-CPlusPlus-Journey/BuildingEscape/Saved/Config/Windows/Engine.ini]
[2018.12.08-08.35.39:584][  0]LogConfig: Setting CVar [[gc.MaxObjectsNotConsideredByGC:1]]
[2018.12.08-08.35.39:584][  0]LogConfig: Setting CVar [[gc.SizeOfPermanentObjectPool:0]]
[2018.12.08-08.35.39:584][  0]LogConfig: Setting CVar [[gc.FlushStreamingOnGC:0]]
[2018.12.08-08.35.39:584][  0]LogConfig: Setting CVar [[gc.NumRetriesBeforeForcingGC:10]]
[2018.12.08-08.35.39:584][  0]LogConfig: Setting CVar [[gc.AllowParallelGC:1]]
[2018.12.08-08.35.39:584][  0]LogConfig: Setting CVar [[gc.TimeBetweenPurgingPendingKillObjects:61.1]]
[2018.12.08-08.35.39:584][  0]LogConfig: Setting CVar [[gc.MaxObjectsInEditor:8388607]]
[2018.12.08-08.35.39:584][  0]LogConfig: Setting CVar [[gc.IncrementalBeginDestroyEnabled:1]]
[2018.12.08-08.35.39:584][  0]LogConfig: Setting CVar [[gc.CreateGCClusters:1]]
[2018.12.08-08.35.39:584][  0]LogConfig: Setting CVar [[gc.MergeGCClusters:0]]
[2018.12.08-08.35.39:584][  0]LogConfig: Setting CVar [[gc.MinGCClusterSize:5]]
[2018.12.08-08.35.39:584][  0]LogConfig: Setting CVar [[gc.ActorClusteringEnabled:0]]
[2018.12.08-08.35.39:584][  0]LogConfig: Setting CVar [[gc.BlueprintClusteringEnabled:0]]
[2018.12.08-08.35.39:584][  0]LogConfig: Setting CVar [[gc.UseDisregardForGCOnDedicatedServers:0]]
[2018.12.08-08.35.39:584][  0]LogConfig: Applying CVar settings from Section [/Script/Engine.NetworkSettings] File [H:/Git/Unreal-CPlusPlus-Journey/BuildingEscape/Saved/Config/Windows/Engine.ini]
[2018.12.08-08.35.39:584][  0]LogConfig: Applying CVar settings from Section [/Script/UnrealEd.CookerSettings] File [H:/Git/Unreal-CPlusPlus-Journey/BuildingEscape/Saved/Config/Windows/Engine.ini]
[2018.12.08-08.35.39:589][  0]LogConfig: Applying CVar settings from Section [ViewDistanceQuality@3] File [H:/Git/Unreal-CPlusPlus-Journey/BuildingEscape/Saved/Config/Windows/Scalability.ini]
[2018.12.08-08.35.39:589][  0]LogConfig: Setting CVar [[r.SkeletalMeshLODBias:0]]
[2018.12.08-08.35.39:589][  0]LogConfig: Setting CVar [[r.ViewDistanceScale:1.0]]
[2018.12.08-08.35.39:589][  0]LogConfig: Applying CVar settings from Section [AntiAliasingQuality@3] File [H:/Git/Unreal-CPlusPlus-Journey/BuildingEscape/Saved/Config/Windows/Scalability.ini]
[2018.12.08-08.35.39:589][  0]LogConfig: Setting CVar [[r.PostProcessAAQuality:4]]
[2018.12.08-08.35.39:589][  0]LogConfig: Applying CVar settings from Section [ShadowQuality@3] File [H:/Git/Unreal-CPlusPlus-Journey/BuildingEscape/Saved/Config/Windows/Scalability.ini]
[2018.12.08-08.35.39:589][  0]LogConfig: Setting CVar [[r.LightFunctionQuality:1]]
[2018.12.08-08.35.39:589][  0]LogConfig: Setting CVar [[r.ShadowQuality:5]]
[2018.12.08-08.35.39:589][  0]LogConfig: Setting CVar [[r.Shadow.CSM.MaxCascades:10]]
[2018.12.08-08.35.39:589][  0]LogConfig: Setting CVar [[r.Shadow.MaxResolution:2048]]
[2018.12.08-08.35.39:589][  0]LogConfig: Setting CVar [[r.Shadow.MaxCSMResolution:2048]]
[2018.12.08-08.35.39:589][  0]LogConfig: Setting CVar [[r.Shadow.RadiusThreshold:0.01]]
[2018.12.08-08.35.39:589][  0]LogConfig: Setting CVar [[r.Shadow.DistanceScale:1.0]]
[2018.12.08-08.35.39:589][  0]LogConfig: Setting CVar [[r.Shadow.CSM.TransitionScale:1.0]]
[2018.12.08-08.35.39:589][  0]LogConfig: Setting CVar [[r.Shadow.PreShadowResolutionFactor:1.0]]
[2018.12.08-08.35.39:589][  0]LogConfig: Setting CVar [[r.DistanceFieldShadowing:1]]
[2018.12.08-08.35.39:589][  0]LogConfig: Setting CVar [[r.DistanceFieldAO:1]]
[2018.12.08-08.35.39:589][  0]LogConfig: Setting CVar [[r.AOQuality:2]]
[2018.12.08-08.35.39:589][  0]LogConfig: Setting CVar [[r.VolumetricFog:1]]
[2018.12.08-08.35.39:589][  0]LogConfig: Setting CVar [[r.VolumetricFog.GridPixelSize:8]]
[2018.12.08-08.35.39:589][  0]LogConfig: Setting CVar [[r.VolumetricFog.GridSizeZ:128]]
[2018.12.08-08.35.39:589][  0]LogConfig: Setting CVar [[r.VolumetricFog.HistoryMissSupersampleCount:4]]
[2018.12.08-08.35.39:589][  0]LogConfig: Setting CVar [[r.LightMaxDrawDistanceScale:1]]
[2018.12.08-08.35.39:589][  0]LogConfig: Setting CVar [[r.CapsuleShadows:1]]
[2018.12.08-08.35.39:589][  0]LogConfig: Applying CVar settings from Section [PostProcessQuality@3] File [H:/Git/Unreal-CPlusPlus-Journey/BuildingEscape/Saved/Config/Windows/Scalability.ini]
[2018.12.08-08.35.39:589][  0]LogConfig: Setting CVar [[r.MotionBlurQuality:4]]
[2018.12.08-08.35.39:589][  0]LogConfig: Setting CVar [[r.AmbientOcclusionMipLevelFactor:0.4]]
[2018.12.08-08.35.39:589][  0]LogConfig: Setting CVar [[r.AmbientOcclusionMaxQuality:100]]
[2018.12.08-08.35.39:589][  0]LogConfig: Setting CVar [[r.AmbientOcclusionLevels:-1]]
[2018.12.08-08.35.39:589][  0]LogConfig: Setting CVar [[r.AmbientOcclusionRadiusScale:1.0]]
[2018.12.08-08.35.39:589][  0]LogConfig: Setting CVar [[r.DepthOfFieldQuality:2]]
[2018.12.08-08.35.39:589][  0]LogConfig: Setting CVar [[r.RenderTargetPoolMin:400]]
[2018.12.08-08.35.39:589][  0]LogConfig: Setting CVar [[r.LensFlareQuality:2]]
[2018.12.08-08.35.39:589][  0]LogConfig: Setting CVar [[r.SceneColorFringeQuality:1]]
[2018.12.08-08.35.39:589][  0]LogConfig: Setting CVar [[r.EyeAdaptationQuality:2]]
[2018.12.08-08.35.39:589][  0]LogConfig: Setting CVar [[r.BloomQuality:5]]
[2018.12.08-08.35.39:589][  0]LogConfig: Setting CVar [[r.FastBlurThreshold:100]]
[2018.12.08-08.35.39:589][  0]LogConfig: Setting CVar [[r.Upscale.Quality:3]]
[2018.12.08-08.35.39:590][  0]LogConfig: Setting CVar [[r.Tonemapper.GrainQuantization:1]]
[2018.12.08-08.35.39:590][  0]LogConfig: Setting CVar [[r.LightShaftQuality:1]]
[2018.12.08-08.35.39:590][  0]LogConfig: Setting CVar [[r.Filter.SizeScale:1]]
[2018.12.08-08.35.39:590][  0]LogConfig: Setting CVar [[r.Tonemapper.Quality:5]]
[2018.12.08-08.35.39:590][  0]LogConfig: Setting CVar [[r.DOF.Gather.AccumulatorQuality:1        ; higher gathering accumulator quality]]
[2018.12.08-08.35.39:590][  0]LogConfig: Setting CVar [[r.DOF.Gather.PostfilterMethod:1          ; Median3x3 postfilering method]]
[2018.12.08-08.35.39:590][  0]LogConfig: Setting CVar [[r.DOF.Gather.EnableBokehSettings:0       ; no bokeh simulation when gathering]]
[2018.12.08-08.35.39:590][  0]LogConfig: Setting CVar [[r.DOF.Gather.RingCount:4                 ; medium number of samples when gathering]]
[2018.12.08-08.35.39:590][  0]LogConfig: Setting CVar [[r.DOF.Scatter.ForegroundCompositing:1    ; additive foreground scattering]]
[2018.12.08-08.35.39:590][  0]LogConfig: Setting CVar [[r.DOF.Scatter.BackgroundCompositing:2    ; additive background scattering]]
[2018.12.08-08.35.39:590][  0]LogConfig: Setting CVar [[r.DOF.Scatter.EnableBokehSettings:1      ; bokeh simulation when scattering]]
[2018.12.08-08.35.39:590][  0]LogConfig: Setting CVar [[r.DOF.Scatter.MaxSpriteRatio:0.1         ; only a maximum of 10% of scattered bokeh]]
[2018.12.08-08.35.39:590][  0]LogConfig: Setting CVar [[r.DOF.Recombine.Quality:1                ; cheap slight out of focus]]
[2018.12.08-08.35.39:590][  0]LogConfig: Setting CVar [[r.DOF.Recombine.EnableBokehSettings:0    ; no bokeh simulation on slight out of focus]]
[2018.12.08-08.35.39:590][  0]LogConfig: Setting CVar [[r.DOF.TemporalAAQuality:1                ; more stable temporal accumulation]]
[2018.12.08-08.35.39:590][  0]LogConfig: Setting CVar [[r.DOF.Kernel.MaxForegroundRadius:0.025]]
[2018.12.08-08.35.39:590][  0]LogConfig: Setting CVar [[r.DOF.Kernel.MaxBackgroundRadius:0.025]]
[2018.12.08-08.35.39:590][  0]LogConfig: Applying CVar settings from Section [TextureQuality@3] File [H:/Git/Unreal-CPlusPlus-Journey/BuildingEscape/Saved/Config/Windows/Scalability.ini]
[2018.12.08-08.35.39:590][  0]LogConfig: Setting CVar [[r.Streaming.MipBias:0]]
[2018.12.08-08.35.39:590][  0]LogConfig: Setting CVar [[r.Streaming.AmortizeCPUToGPUCopy:0]]
[2018.12.08-08.35.39:590][  0]LogConfig: Setting CVar [[r.Streaming.MaxNumTexturesToStreamPerFrame:0]]
[2018.12.08-08.35.39:590][  0]LogConfig: Setting CVar [[r.Streaming.Boost:1]]
[2018.12.08-08.35.39:590][  0]LogConfig: Setting CVar [[r.MaxAnisotropy:8]]
[2018.12.08-08.35.39:590][  0]LogConfig: Setting CVar [[r.Streaming.LimitPoolSizeToVRAM:0]]
[2018.12.08-08.35.39:590][  0]LogConfig: Setting CVar [[r.Streaming.PoolSize:1000]]
[2018.12.08-08.35.39:590][  0]LogConfig: Setting CVar [[r.Streaming.MaxEffectiveScreenSize:0]]
[2018.12.08-08.35.39:590][  0]LogConfig: Applying CVar settings from Section [EffectsQuality@3] File [H:/Git/Unreal-CPlusPlus-Journey/BuildingEscape/Saved/Config/Windows/Scalability.ini]
[2018.12.08-08.35.39:590][  0]LogConfig: Setting CVar [[r.TranslucencyLightingVolumeDim:64]]
[2018.12.08-08.35.39:590][  0]LogConfig: Setting CVar [[r.RefractionQuality:2]]
[2018.12.08-08.35.39:590][  0]LogConfig: Setting CVar [[r.SSR.Quality:3]]
[2018.12.08-08.35.39:590][  0]LogConfig: Setting CVar [[r.SceneColorFormat:4]]
[2018.12.08-08.35.39:590][  0]LogConfig: Setting CVar [[r.DetailMode:2]]
[2018.12.08-08.35.39:590][  0]LogConfig: Setting CVar [[r.TranslucencyVolumeBlur:1]]
[2018.12.08-08.35.39:590][  0]LogConfig: Setting CVar [[r.MaterialQualityLevel:1 ; High quality]]
[2018.12.08-08.35.39:590][  0]LogConfig: Setting CVar [[r.SSS.Scale:1]]
[2018.12.08-08.35.39:590][  0]LogConfig: Setting CVar [[r.SSS.SampleSet:2]]
[2018.12.08-08.35.39:590][  0]LogConfig: Setting CVar [[r.SSS.Quality:1]]
[2018.12.08-08.35.39:590][  0]LogConfig: Setting CVar [[r.SSS.HalfRes:1]]
[2018.12.08-08.35.39:590][  0]LogConfig: Setting CVar [[r.EmitterSpawnRateScale:1.0]]
[2018.12.08-08.35.39:590][  0]LogConfig: Setting CVar [[r.ParticleLightQuality:2]]
[2018.12.08-08.35.39:590][  0]LogConfig: Applying CVar settings from Section [FoliageQuality@3] File [H:/Git/Unreal-CPlusPlus-Journey/BuildingEscape/Saved/Config/Windows/Scalability.ini]
[2018.12.08-08.35.39:590][  0]LogConfig: Setting CVar [[foliage.DensityScale:1.0]]
[2018.12.08-08.35.39:590][  0]LogConfig: Setting CVar [[grass.DensityScale:1.0]]
[2018.12.08-08.35.39:590][  0]LogInit: Selected Device Profile: [Windows]
[2018.12.08-08.35.39:590][  0]LogInit: Applying CVar settings loaded from the selected device profile: [Windows]
[2018.12.08-08.35.39:603][  0]LogHAL: Display: Platform has ~ 16 GB [17100591104 / 17179869184 / 16], which maps to Larger [LargestMinGB=32, LargerMinGB=12, DefaultMinGB=8, SmallerMinGB=6, SmallestMinGB=0)
[2018.12.08-08.35.39:603][  0]LogConfig: Setting CVar [[r.Vulkan.UseRealUBs:1]]
[2018.12.08-08.35.39:603][  0]LogInit: Going up to parent DeviceProfile []
[2018.12.08-08.35.39:603][  0]LogConfig: Applying CVar settings from Section [ViewDistanceQuality@3] File [H:/Git/Unreal-CPlusPlus-Journey/BuildingEscape/Saved/Config/Windows/Scalability.ini]
[2018.12.08-08.35.39:603][  0]LogConfig: Setting CVar [[r.SkeletalMeshLODBias:0]]
[2018.12.08-08.35.39:603][  0]LogConfig: Setting CVar [[r.ViewDistanceScale:1.0]]
[2018.12.08-08.35.39:603][  0]LogConfig: Applying CVar settings from Section [AntiAliasingQuality@3] File [H:/Git/Unreal-CPlusPlus-Journey/BuildingEscape/Saved/Config/Windows/Scalability.ini]
[2018.12.08-08.35.39:603][  0]LogConfig: Setting CVar [[r.PostProcessAAQuality:4]]
[2018.12.08-08.35.39:603][  0]LogConfig: Applying CVar settings from Section [ShadowQuality@3] File [H:/Git/Unreal-CPlusPlus-Journey/BuildingEscape/Saved/Config/Windows/Scalability.ini]
[2018.12.08-08.35.39:603][  0]LogConfig: Setting CVar [[r.LightFunctionQuality:1]]
[2018.12.08-08.35.39:603][  0]LogConfig: Setting CVar [[r.ShadowQuality:5]]
[2018.12.08-08.35.39:603][  0]LogConfig: Setting CVar [[r.Shadow.CSM.MaxCascades:10]]
[2018.12.08-08.35.39:603][  0]LogConfig: Setting CVar [[r.Shadow.MaxResolution:2048]]
[2018.12.08-08.35.39:603][  0]LogConfig: Setting CVar [[r.Shadow.MaxCSMResolution:2048]]
[2018.12.08-08.35.39:603][  0]LogConfig: Setting CVar [[r.Shadow.RadiusThreshold:0.01]]
[2018.12.08-08.35.39:603][  0]LogConfig: Setting CVar [[r.Shadow.DistanceScale:1.0]]
[2018.12.08-08.35.39:603][  0]LogConfig: Setting CVar [[r.Shadow.CSM.TransitionScale:1.0]]
[2018.12.08-08.35.39:603][  0]LogConfig: Setting CVar [[r.Shadow.PreShadowResolutionFactor:1.0]]
[2018.12.08-08.35.39:603][  0]LogConfig: Setting CVar [[r.DistanceFieldShadowing:1]]
[2018.12.08-08.35.39:603][  0]LogConfig: Setting CVar [[r.DistanceFieldAO:1]]
[2018.12.08-08.35.39:603][  0]LogConfig: Setting CVar [[r.AOQuality:2]]
[2018.12.08-08.35.39:603][  0]LogConfig: Setting CVar [[r.VolumetricFog:1]]
[2018.12.08-08.35.39:603][  0]LogConfig: Setting CVar [[r.VolumetricFog.GridPixelSize:8]]
[2018.12.08-08.35.39:603][  0]LogConfig: Setting CVar [[r.VolumetricFog.GridSizeZ:128]]
[2018.12.08-08.35.39:603][  0]LogConfig: Setting CVar [[r.VolumetricFog.HistoryMissSupersampleCount:4]]
[2018.12.08-08.35.39:603][  0]LogConfig: Setting CVar [[r.LightMaxDrawDistanceScale:1]]
[2018.12.08-08.35.39:603][  0]LogConfig: Setting CVar [[r.CapsuleShadows:1]]
[2018.12.08-08.35.39:603][  0]LogConfig: Applying CVar settings from Section [PostProcessQuality@3] File [H:/Git/Unreal-CPlusPlus-Journey/BuildingEscape/Saved/Config/Windows/Scalability.ini]
[2018.12.08-08.35.39:603][  0]LogConfig: Setting CVar [[r.MotionBlurQuality:4]]
[2018.12.08-08.35.39:603][  0]LogConfig: Setting CVar [[r.AmbientOcclusionMipLevelFactor:0.4]]
[2018.12.08-08.35.39:603][  0]LogConfig: Setting CVar [[r.AmbientOcclusionMaxQuality:100]]
[2018.12.08-08.35.39:603][  0]LogConfig: Setting CVar [[r.AmbientOcclusionLevels:-1]]
[2018.12.08-08.35.39:603][  0]LogConfig: Setting CVar [[r.AmbientOcclusionRadiusScale:1.0]]
[2018.12.08-08.35.39:603][  0]LogConfig: Setting CVar [[r.DepthOfFieldQuality:2]]
[2018.12.08-08.35.39:603][  0]LogConfig: Setting CVar [[r.RenderTargetPoolMin:400]]
[2018.12.08-08.35.39:603][  0]LogConfig: Setting CVar [[r.LensFlareQuality:2]]
[2018.12.08-08.35.39:603][  0]LogConfig: Setting CVar [[r.SceneColorFringeQuality:1]]
[2018.12.08-08.35.39:603][  0]LogConfig: Setting CVar [[r.EyeAdaptationQuality:2]]
[2018.12.08-08.35.39:603][  0]LogConfig: Setting CVar [[r.BloomQuality:5]]
[2018.12.08-08.35.39:603][  0]LogConfig: Setting CVar [[r.FastBlurThreshold:100]]
[2018.12.08-08.35.39:603][  0]LogConfig: Setting CVar [[r.Upscale.Quality:3]]
[2018.12.08-08.35.39:603][  0]LogConfig: Setting CVar [[r.Tonemapper.GrainQuantization:1]]
[2018.12.08-08.35.39:603][  0]LogConfig: Setting CVar [[r.LightShaftQuality:1]]
[2018.12.08-08.35.39:603][  0]LogConfig: Setting CVar [[r.Filter.SizeScale:1]]
[2018.12.08-08.35.39:603][  0]LogConfig: Setting CVar [[r.Tonemapper.Quality:5]]
[2018.12.08-08.35.39:603][  0]LogConfig: Setting CVar [[r.DOF.Gather.AccumulatorQuality:1        ; higher gathering accumulator quality]]
[2018.12.08-08.35.39:603][  0]LogConfig: Setting CVar [[r.DOF.Gather.PostfilterMethod:1          ; Median3x3 postfilering method]]
[2018.12.08-08.35.39:603][  0]LogConfig: Setting CVar [[r.DOF.Gather.EnableBokehSettings:0       ; no bokeh simulation when gathering]]
[2018.12.08-08.35.39:603][  0]LogConfig: Setting CVar [[r.DOF.Gather.RingCount:4                 ; medium number of samples when gathering]]
[2018.12.08-08.35.39:603][  0]LogConfig: Setting CVar [[r.DOF.Scatter.ForegroundCompositing:1    ; additive foreground scattering]]
[2018.12.08-08.35.39:603][  0]LogConfig: Setting CVar [[r.DOF.Scatter.BackgroundCompositing:2    ; additive background scattering]]
[2018.12.08-08.35.39:603][  0]LogConfig: Setting CVar [[r.DOF.Scatter.EnableBokehSettings:1      ; bokeh simulation when scattering]]
[2018.12.08-08.35.39:603][  0]LogConfig: Setting CVar [[r.DOF.Scatter.MaxSpriteRatio:0.1         ; only a maximum of 10% of scattered bokeh]]
[2018.12.08-08.35.39:603][  0]LogConfig: Setting CVar [[r.DOF.Recombine.Quality:1                ; cheap slight out of focus]]
[2018.12.08-08.35.39:603][  0]LogConfig: Setting CVar [[r.DOF.Recombine.EnableBokehSettings:0    ; no bokeh simulation on slight out of focus]]
[2018.12.08-08.35.39:603][  0]LogConfig: Setting CVar [[r.DOF.TemporalAAQuality:1                ; more stable temporal accumulation]]
[2018.12.08-08.35.39:603][  0]LogConfig: Setting CVar [[r.DOF.Kernel.MaxForegroundRadius:0.025]]
[2018.12.08-08.35.39:603][  0]LogConfig: Setting CVar [[r.DOF.Kernel.MaxBackgroundRadius:0.025]]
[2018.12.08-08.35.39:603][  0]LogConfig: Applying CVar settings from Section [TextureQuality@3] File [H:/Git/Unreal-CPlusPlus-Journey/BuildingEscape/Saved/Config/Windows/Scalability.ini]
[2018.12.08-08.35.39:603][  0]LogConfig: Setting CVar [[r.Streaming.MipBias:0]]
[2018.12.08-08.35.39:603][  0]LogConfig: Setting CVar [[r.Streaming.AmortizeCPUToGPUCopy:0]]
[2018.12.08-08.35.39:603][  0]LogConfig: Setting CVar [[r.Streaming.MaxNumTexturesToStreamPerFrame:0]]
[2018.12.08-08.35.39:603][  0]LogConfig: Setting CVar [[r.Streaming.Boost:1]]
[2018.12.08-08.35.39:603][  0]LogConfig: Setting CVar [[r.MaxAnisotropy:8]]
[2018.12.08-08.35.39:603][  0]LogConfig: Setting CVar [[r.Streaming.LimitPoolSizeToVRAM:0]]
[2018.12.08-08.35.39:603][  0]LogConfig: Setting CVar [[r.Streaming.PoolSize:1000]]
[2018.12.08-08.35.39:603][  0]LogConfig: Setting CVar [[r.Streaming.MaxEffectiveScreenSize:0]]
[2018.12.08-08.35.39:603][  0]LogConfig: Applying CVar settings from Section [EffectsQuality@3] File [H:/Git/Unreal-CPlusPlus-Journey/BuildingEscape/Saved/Config/Windows/Scalability.ini]
[2018.12.08-08.35.39:603][  0]LogConfig: Setting CVar [[r.TranslucencyLightingVolumeDim:64]]
[2018.12.08-08.35.39:603][  0]LogConfig: Setting CVar [[r.RefractionQuality:2]]
[2018.12.08-08.35.39:603][  0]LogConfig: Setting CVar [[r.SSR.Quality:3]]
[2018.12.08-08.35.39:603][  0]LogConfig: Setting CVar [[r.SceneColorFormat:4]]
[2018.12.08-08.35.39:603][  0]LogConfig: Setting CVar [[r.DetailMode:2]]
[2018.12.08-08.35.39:603][  0]LogConfig: Setting CVar [[r.TranslucencyVolumeBlur:1]]
[2018.12.08-08.35.39:603][  0]LogConfig: Setting CVar [[r.MaterialQualityLevel:1 ; High quality]]
[2018.12.08-08.35.39:603][  0]LogConfig: Setting CVar [[r.SSS.Scale:1]]
[2018.12.08-08.35.39:603][  0]LogConfig: Setting CVar [[r.SSS.SampleSet:2]]
[2018.12.08-08.35.39:603][  0]LogConfig: Setting CVar [[r.SSS.Quality:1]]
[2018.12.08-08.35.39:603][  0]LogConfig: Setting CVar [[r.SSS.HalfRes:1]]
[2018.12.08-08.35.39:603][  0]LogConfig: Setting CVar [[r.EmitterSpawnRateScale:1.0]]
[2018.12.08-08.35.39:603][  0]LogConfig: Setting CVar [[r.ParticleLightQuality:2]]
[2018.12.08-08.35.39:603][  0]LogConfig: Applying CVar settings from Section [FoliageQuality@3] File [H:/Git/Unreal-CPlusPlus-Journey/BuildingEscape/Saved/Config/Windows/Scalability.ini]
[2018.12.08-08.35.39:603][  0]LogConfig: Setting CVar [[foliage.DensityScale:1.0]]
[2018.12.08-08.35.39:603][  0]LogConfig: Setting CVar [[grass.DensityScale:1.0]]
[2018.12.08-08.35.39:603][  0]LogConfig: Applying CVar settings from Section [Startup] File [../../../Engine/Config/ConsoleVariables.ini]
[2018.12.08-08.35.39:604][  0]LogConfig: Setting CVar [[net.UseAdaptiveNetUpdateFrequency:0]]
[2018.12.08-08.35.39:604][  0]LogConfig: Applying CVar settings from Section [ConsoleVariables] File [H:/Git/Unreal-CPlusPlus-Journey/BuildingEscape/Saved/Config/Windows/Engine.ini]
[2018.12.08-08.35.39:604][  0]LogInit: Computer: DESKTOP-ABPA82O
[2018.12.08-08.35.39:604][  0]LogInit: User: ThaneAcheron
[2018.12.08-08.35.39:604][  0]LogInit: CPU Page size=4096, Cores=6
[2018.12.08-08.35.39:604][  0]LogInit: High frequency timer resolution =3.515626 MHz
[2018.12.08-08.35.39:604][  0]LogMemory: Memory total: Physical=15.9GB (16GB approx)
[2018.12.08-08.35.39:604][  0]LogMemory: Platform Memory Stats for Windows
[2018.12.08-08.35.39:604][  0]LogMemory: Process Physical Memory: 102.29 MB used, 102.29 MB peak
[2018.12.08-08.35.39:604][  0]LogMemory: Process Virtual Memory: 85.09 MB used, 85.09 MB peak
[2018.12.08-08.35.39:604][  0]LogMemory: Physical Memory: 5448.08 MB used,  10860.32 MB free, 16308.39 MB total
[2018.12.08-08.35.39:604][  0]LogMemory: Virtual Memory: 4637.56 MB used,  134213088.00 MB free, 134217728.00 MB total
[2018.12.08-08.35.39:616][  0]LogInit: Using OS detected language (en-US).
[2018.12.08-08.35.39:616][  0]LogInit: Using OS detected locale (en-ZA).
[2018.12.08-08.35.39:616][  0]LogTextLocalizationManager: No specific localization for 'en-US' exists, so the 'en' localization will be used.
[2018.12.08-08.35.39:908][  0]LogStreaming: Display: Took  0.291s to InitEngineTextLocalization.
[2018.12.08-08.35.39:908][  0]LogInit: Setting process to per monitor DPI aware
[2018.12.08-08.35.39:934][  0]LogSlate: New Slate User Created.  User Index 0, Is Virtual User: 0
[2018.12.08-08.35.39:934][  0]LogSlate: Slate User Registered.  User Index 0, Is Virtual User: 0
[2018.12.08-08.35.40:062][  0]LogHMD: Failed to initialize OpenVR with code 110
[2018.12.08-08.35.40:062][  0]LogD3D11RHI: D3D11 adapters:
[2018.12.08-08.35.40:116][  0]LogD3D11RHI:    0. 'NVIDIA GeForce GTX 1060 6GB' (Feature Level 11_0)
[2018.12.08-08.35.40:116][  0]LogD3D11RHI:       6052/0/8154 MB DedicatedVideo/DedicatedSystem/SharedSystem, Outputs:2, VendorId:0x10de
[2018.12.08-08.35.40:117][  0]LogD3D11RHI:    1. 'Microsoft Basic Render Driver' (Feature Level 11_0)
[2018.12.08-08.35.40:117][  0]LogD3D11RHI:       0/0/8154 MB DedicatedVideo/DedicatedSystem/SharedSystem, Outputs:0, VendorId:0x1414
[2018.12.08-08.35.40:117][  0]LogD3D11RHI: Chosen D3D11 Adapter: 0
[2018.12.08-08.35.40:122][  0]LogD3D11RHI: Creating new Direct3DDevice
[2018.12.08-08.35.40:122][  0]LogD3D11RHI:     GPU DeviceId: 0x1c03 (for the marketing name, search the web for "GPU Device Id")
[2018.12.08-08.35.40:122][  0]LogWindows: EnumDisplayDevices:
[2018.12.08-08.35.40:122][  0]LogWindows:    0. 'NVIDIA GeForce GTX 1060 6GB' (P:1 D:1)
[2018.12.08-08.35.40:122][  0]LogWindows:    1. 'NVIDIA GeForce GTX 1060 6GB' (P:0 D:1)
[2018.12.08-08.35.40:122][  0]LogWindows:    2. 'NVIDIA GeForce GTX 1060 6GB' (P:0 D:0)
[2018.12.08-08.35.40:122][  0]LogWindows:    3. 'NVIDIA GeForce GTX 1060 6GB' (P:0 D:0)
[2018.12.08-08.35.40:122][  0]LogWindows: DebugString: FoundDriverCount:4 
[2018.12.08-08.35.40:122][  0]LogD3D11RHI:     Adapter Name: NVIDIA GeForce GTX 1060 6GB
[2018.12.08-08.35.40:122][  0]LogD3D11RHI:   Driver Version: 417.22 (internal:25.21.14.1722, unified:417.22)
[2018.12.08-08.35.40:122][  0]LogD3D11RHI:      Driver Date: 11-29-2018
[2018.12.08-08.35.40:123][  0]LogRHI: Texture pool is 4236 MB (70% of 6052 MB)
[2018.12.08-08.35.40:155][  0]LogD3D11RHI: Async texture creation enabled
[2018.12.08-08.35.40:184][  0]LogD3D11RHI: GPU Timing Frequency: 1000.000000 (Debug: 2 2)
[2018.12.08-08.35.40:431][  0]LogTemp: Display: Loaded TP AllDesktopTargetPlatform
[2018.12.08-08.35.40:440][  0]LogTemp: Display: Loaded TP MacClientTargetPlatform
[2018.12.08-08.35.40:449][  0]LogTemp: Display: Loaded TP MacNoEditorTargetPlatform
[2018.12.08-08.35.40:457][  0]LogTemp: Display: Loaded TP MacServerTargetPlatform
[2018.12.08-08.35.40:467][  0]LogTemp: Display: Loaded TP MacTargetPlatform
[2018.12.08-08.35.40:475][  0]LogTemp: Display: Loaded TP WindowsClientTargetPlatform
[2018.12.08-08.35.40:484][  0]LogTemp: Display: Loaded TP WindowsNoEditorTargetPlatform
[2018.12.08-08.35.40:493][  0]LogTemp: Display: Loaded TP WindowsServerTargetPlatform
[2018.12.08-08.35.40:497][  0]LogTemp: Display: Loaded TP WindowsTargetPlatform
[2018.12.08-08.35.40:551][  0]LogTemp: Display: Loaded TP AndroidTargetPlatform
[2018.12.08-08.35.40:551][  0]LogTemp: Display: Loaded TP AndroidTargetPlatform
[2018.12.08-08.35.40:551][  0]LogTemp: Display: Loaded TP AndroidTargetPlatform
[2018.12.08-08.35.40:551][  0]LogTemp: Display: Loaded TP AndroidTargetPlatform
[2018.12.08-08.35.40:551][  0]LogTemp: Display: Loaded TP AndroidTargetPlatform
[2018.12.08-08.35.40:551][  0]LogTemp: Display: Loaded TP AndroidTargetPlatform
[2018.12.08-08.35.40:551][  0]LogTemp: Display: Loaded TP AndroidTargetPlatform
[2018.12.08-08.35.40:551][  0]LogTemp: Display: Loaded TP AndroidTargetPlatform
[2018.12.08-08.35.40:551][  0]LogTemp: Display: Loaded TP AndroidTargetPlatform
[2018.12.08-08.35.40:551][  0]LogTemp: Display: Loaded TP AndroidTargetPlatform
[2018.12.08-08.35.40:551][  0]LogTemp: Display: Loaded TP AndroidTargetPlatform
[2018.12.08-08.35.40:551][  0]LogTemp: Display: Loaded TP AndroidTargetPlatform
[2018.12.08-08.35.40:551][  0]LogTemp: Display: Loaded TP AndroidTargetPlatform
[2018.12.08-08.35.40:551][  0]LogTemp: Display: Loaded TP AndroidTargetPlatform
[2018.12.08-08.35.40:551][  0]LogTemp: Display: Loaded TP AndroidTargetPlatform
[2018.12.08-08.35.40:551][  0]LogTemp: Display: Loaded TP AndroidTargetPlatform
[2018.12.08-08.35.40:551][  0]LogTemp: Display: Loaded TP AndroidTargetPlatform
[2018.12.08-08.35.40:551][  0]LogTemp: Display: Loaded TP AndroidTargetPlatform
[2018.12.08-08.35.40:552][  0]LogTemp: Display: Loaded TP HTML5TargetPlatform
[2018.12.08-08.35.40:604][  0]LogTemp: Display: Loaded TP IOSTargetPlatform
[2018.12.08-08.35.40:604][  0]LogTemp: Display: Loaded TP IOSTargetPlatform
[2018.12.08-08.35.40:621][  0]LogTemp: Display: Loaded TP TVOSTargetPlatform
[2018.12.08-08.35.40:621][  0]LogTemp: Display: Loaded TP TVOSTargetPlatform
[2018.12.08-08.35.40:630][  0]LogTemp: Display: Loaded TP LinuxClientTargetPlatform
[2018.12.08-08.35.40:639][  0]LogTemp: Display: Loaded TP LinuxNoEditorTargetPlatform
[2018.12.08-08.35.40:647][  0]LogTemp: Display: Loaded TP LinuxServerTargetPlatform
[2018.12.08-08.35.40:657][  0]LogTemp: Display: Loaded TP LinuxTargetPlatform
[2018.12.08-08.35.40:697][  0]LogTemp: Display: Loaded TP LuminTargetPlatform
[2018.12.08-08.35.40:697][  0]LogTemp: Display: Loaded TP LuminTargetPlatform
[2018.12.08-08.35.40:697][  0]LogTargetPlatformManager: Display: Building Assets For Windows
[2018.12.08-08.35.40:726][  0]LogShaderCompilers: Guid format shader working directory is -2 characters bigger than the processId version (../../../../Git/Unreal-CPlusPlus-Journey/BuildingEscape/Intermediate/Shaders/WorkingDirectory/8340/).
[2018.12.08-08.35.40:726][  0]LogShaderCompilers: Cleaned the shader compiler working directory 'C:/Users/ThaneAcheron/AppData/Local/Temp/UnrealShaderWorkingDir/E5A8559E4A7C5DD38FEE578EB40153EF/'.
[2018.12.08-08.35.40:727][  0]LogXGEController: Cannot use XGE Controller as Incredibuild is not installed on this machine.
[2018.12.08-08.35.40:727][  0]LogShaderCompilers: Cannot use XGE Shader Compiler as Incredibuild is not installed on this machine.
[2018.12.08-08.35.40:727][  0]LogShaderCompilers: Display: Using Local Shader Compiler.
[2018.12.08-08.35.41:135][  0]LogDerivedDataCache: Display: Max Cache Size: 512 MB
[2018.12.08-08.35.41:176][  0]LogDerivedDataCache: Loaded boot cache 0.04s 71MB C:/Users/ThaneAcheron/AppData/Local/UnrealEngine/4.21/DerivedDataCache/Boot.ddc.
[2018.12.08-08.35.41:176][  0]LogDerivedDataCache: Display: Loaded Boot cache: C:/Users/ThaneAcheron/AppData/Local/UnrealEngine/4.21/DerivedDataCache/Boot.ddc
[2018.12.08-08.35.41:176][  0]LogDerivedDataCache: FDerivedDataBackendGraph:  Pak pak cache file ../../../../Git/Unreal-CPlusPlus-Journey/BuildingEscape/DerivedDataCache/DDC.ddp not found, will not use a pak cache.
[2018.12.08-08.35.41:176][  0]LogDerivedDataCache: Unable to find inner node Pak for hierarchical cache Hierarchy.
[2018.12.08-08.35.41:176][  0]LogDerivedDataCache: FDerivedDataBackendGraph:  CompressedPak pak cache file ../../../../Git/Unreal-CPlusPlus-Journey/BuildingEscape/DerivedDataCache/Compressed.ddp not found, will not use a pak cache.
[2018.12.08-08.35.41:176][  0]LogDerivedDataCache: Unable to find inner node CompressedPak for hierarchical cache Hierarchy.
[2018.12.08-08.35.41:186][  0]LogDerivedDataCache: Display: Pak cache opened for reading ../../../Engine/DerivedDataCache/Compressed.ddp.
[2018.12.08-08.35.41:186][  0]LogDerivedDataCache: FDerivedDataBackendGraph:  EnterprisePak pak cache file ../../../Enterprise/DerivedDataCache/Compressed.ddp not found, will not use a pak cache.
[2018.12.08-08.35.41:186][  0]LogDerivedDataCache: Unable to find inner node EnterprisePak for hierarchical cache Hierarchy.
[2018.12.08-08.35.41:198][  0]LogDerivedDataCache: Using Local data cache path C:/Users/ThaneAcheron/AppData/Local/UnrealEngine/Common/DerivedDataCache: Writable
[2018.12.08-08.35.41:198][  0]LogDerivedDataCache: Shared data cache path not found in *engine.ini, will not use an Shared cache.
[2018.12.08-08.35.41:198][  0]LogDerivedDataCache: Unable to find inner node Shared for hierarchical cache Hierarchy.
[2018.12.08-08.35.41:216][  0]LogMaterial: Verifying Global Shaders for PCD3D_SM5
[2018.12.08-08.35.41:217][  0]LogSlate: Using FreeType 2.6.0
[2018.12.08-08.35.41:217][  0]LogSlate: SlateFontServices - WITH_FREETYPE: 1, WITH_HARFBUZZ: 1
[2018.12.08-08.35.41:286][  0]LogAssetRegistry: FAssetRegistry took 0.0297 seconds to start up
[2018.12.08-08.35.41:513][  0]LogInit: Selected Device Profile: [Windows]
[2018.12.08-08.35.41:558][  0]LogSimplygon: Simplygon DLL not present - disabling.
[2018.12.08-08.35.41:560][  0]LogMeshReduction: Using SimplygonSwarm for distributed automatic mesh merging
[2018.12.08-08.35.41:560][  0]LogMeshReduction: Using ProxyLODMeshReduction for automatic mesh merging
[2018.12.08-08.35.41:560][  0]LogMeshReduction: Using QuadricMeshReduction for automatic static mesh reduction
[2018.12.08-08.35.41:560][  0]LogMeshReduction: No automatic skeletal mesh reduction module available
[2018.12.08-08.35.41:635][  0]LogNetVersion: BuildingEscape 1.0.0, NetCL: 4541578, EngineNetVer: 5, GameNetVer: 0 (Checksum: 3852057107)
[2018.12.08-08.35.42:043][  0]LogPackageLocalizationCache: Processed 11 localized package path(s) for 2 prioritized culture(s) in 0.068302 seconds
[2018.12.08-08.35.42:047][  0]LogUObjectArray: 39775 objects as part of root set at end of initial load.
[2018.12.08-08.35.42:047][  0]LogUObjectAllocator: 6914656 out of 0 bytes used by permanent object pool.
[2018.12.08-08.35.42:047][  0]LogUObjectArray: CloseDisregardForGC: 0/0 objects in disregard for GC pool
[2018.12.08-08.35.42:678][  0]LogTcpMessaging: Initializing TcpMessaging bridge
[2018.12.08-08.35.42:690][  0]LogUdpMessaging: Initializing bridge on interface 0.0.0.0:0 to multicast group 230.0.0.1:6666.
[2018.12.08-08.35.43:222][  0]SourceControl: Source control is disabled
[2018.12.08-08.35.43:222][  0]SourceControl: Source control is disabled
[2018.12.08-08.35.43:223][  0]SourceControl: Source control is disabled
[2018.12.08-08.35.43:224][  0]SourceControl: Source control is disabled
[2018.12.08-08.35.43:363][  0]LogAndroidPermission: UAndroidPermissionCallbackProxy::GetInstance
[2018.12.08-08.35.43:417][  0]LogOcInput: OculusInput pre-init called
[2018.12.08-08.35.43:536][  0]LogEngine: Initializing Engine...
[2018.12.08-08.35.43:536][  0]LogHMD: Failed to initialize OpenVR with code 110
[2018.12.08-08.35.43:537][  0]LogStats: UGameplayTagsManager::ConstructGameplayTagTree: ImportINI prefixes -  0.000 s
[2018.12.08-08.35.43:537][  0]LogStats: UGameplayTagsManager::ConstructGameplayTagTree: Construct from data asset -  0.000 s
[2018.12.08-08.35.43:537][  0]LogStats: UGameplayTagsManager::ConstructGameplayTagTree: ImportINI -  0.000 s
[2018.12.08-08.35.43:537][  0]LogStats: UGameplayTagsManager::ConstructGameplayTagTree: GameplayTagTreeChangedEvent.Broadcast -  0.000 s
[2018.12.08-08.35.43:716][  0]LogInit: Initializing FReadOnlyCVARCache
[2018.12.08-08.35.43:722][  0]LogAIModule: Creating AISystem for world Untitled
[2018.12.08-08.35.43:782][  0]LogInit: XAudio2 using 'Speakers (Samson Meteor Mic)' : 2 channels at 48 kHz using 16 bits per sample (channel mask 0x3)
[2018.12.08-08.35.43:792][  0]LogInit: FAudioDevice initialized.
[2018.12.08-08.35.43:792][  0]LogNetVersion: Set ProjectVersion to 1.0.0.0. Version Checksum will be recalculated on next use.
[2018.12.08-08.35.43:829][  0]LogDerivedDataCache: Saved boot cache 0.04s 71MB C:/Users/ThaneAcheron/AppData/Local/UnrealEngine/4.21/DerivedDataCache/Boot.ddc.
[2018.12.08-08.35.43:837][  0]LogInit: Texture streaming: Enabled
[2018.12.08-08.35.43:846][  0]LogEngineSessionManager: EngineSessionManager initialized
[2018.12.08-08.35.43:853][  0]LogInit: Transaction tracking system initialized
[2018.12.08-08.35.43:865][  0]BlueprintLog: New page: Editor Load
[2018.12.08-08.35.43:905][  0]LocalizationService: Localization service is disabled
[2018.12.08-08.35.44:223][  0]LogFileCache: Scanning file cache for directory 'H:/Git/Unreal-CPlusPlus-Journey/BuildingEscape/Content/' took 0.01s
[2018.12.08-08.35.44:223][  0]LogCook: Display: Max memory allowance for cook 16384mb min free memory 0mb
[2018.12.08-08.35.44:223][  0]LogCook: Display: Mobile HDR setting 1
[2018.12.08-08.35.44:223][  0]LogGameplayTags: Display: UGameplayTagsManager::DoneAddingNativeTags. DelegateIsBound: 0
[2018.12.08-08.35.44:223][  0]LogStats: UGameplayTagsManager::ConstructGameplayTagTree: ImportINI prefixes -  0.000 s
[2018.12.08-08.35.44:223][  0]LogStats: UGameplayTagsManager::ConstructGameplayTagTree: Construct from data asset -  0.000 s
[2018.12.08-08.35.44:223][  0]LogStats: UGameplayTagsManager::ConstructGameplayTagTree: ImportINI -  0.000 s
[2018.12.08-08.35.44:223][  0]LogStats: UGameplayTagsManager::ConstructGameplayTagTree: GameplayTagTreeChangedEvent.Broadcast -  0.000 s
[2018.12.08-08.35.44:301][  0]SourceControl: Source control is disabled
[2018.12.08-08.35.44:301][  0]Cmd: MAP LOAD FILE="../../../../Git/Unreal-CPlusPlus-Journey/BuildingEscape/Content/NewMap.umap" TEMPLATE=0 SHOWPROGRESS=1 FEATURELEVEL=3
[2018.12.08-08.35.44:301][  0]LightingResults: New page: Lighting Build
[2018.12.08-08.35.44:302][  0]MapCheck: New page: Map Check
[2018.12.08-08.35.44:302][  0]LightingResults: New page: Lighting Build
[2018.12.08-08.35.44:501][  0]LogAIModule: Creating AISystem for world NewMap
[2018.12.08-08.35.44:505][  0]LogEditorServer: Finished looking for orphan Actors (0.000 secs)
[2018.12.08-08.35.44:525][  0]Cmd: MAP CHECKDEP NOCLEARLOG
[2018.12.08-08.35.44:525][  0]MapCheck: Map check complete: 0 Error(s), 0 Warning(s), took 0,086ms to complete.
[2018.12.08-08.35.44:525][  0]LogFileHelpers: Loading map 'NewMap' took 0.225
[2018.12.08-08.35.44:621][  0]LogSlate: Updating window title bar state: overlay mode, drag disabled, window buttons hidden, title bar hidden
[2018.12.08-08.35.44:627][  0]LogSlate: Updating window title bar state: overlay mode, drag disabled, window buttons hidden, title bar hidden
[2018.12.08-08.35.44:633][  0]LogSlate: Updating window title bar state: overlay mode, drag disabled, window buttons hidden, title bar hidden
[2018.12.08-08.35.44:638][  0]LogSlate: Updating window title bar state: overlay mode, drag disabled, window buttons hidden, title bar hidden
[2018.12.08-08.35.44:644][  0]LogCollectionManager: Loaded 0 collections in 0.000620 seconds
[2018.12.08-08.35.44:658][  0]LogFileCache: Scanning file cache for directory 'H:/Git/Unreal-CPlusPlus-Journey/BuildingEscape/Saved/Collections/' took 0.01s
[2018.12.08-08.35.44:658][  0]LogFileCache: Scanning file cache for directory 'H:/Git/Unreal-CPlusPlus-Journey/BuildingEscape/Content/Developers/ThaneAcheron/Collections/' took 0.00s
[2018.12.08-08.35.44:658][  0]LogFileCache: Scanning file cache for directory 'H:/Git/Unreal-CPlusPlus-Journey/BuildingEscape/Content/Collections/' took 0.00s
[2018.12.08-08.35.44:658][  0]LogCollectionManager: Rebuilt the GUID cache for 0 collections in 0.000000 seconds
[2018.12.08-08.35.44:665][  0]LogContentBrowser: Native class hierarchy populated in 0.0067 seconds. Added 2652 classes and 622 folders.
[2018.12.08-08.35.44:668][  0]LogContentBrowser: Native class hierarchy updated for 'WidgetCarousel' in 0.0002 seconds. Added 0 classes and 0 folders.
[2018.12.08-08.35.44:673][  0]LogPakFile: Registered encryption key '00000000000000000000000000000000': 0 pak files mounted, 0 remain pending
[2018.12.08-08.35.44:678][  0]LogPakFile: Registered encryption key '00000000000000000000000000000000': 0 pak files mounted, 0 remain pending
[2018.12.08-08.35.44:696][  0]LogPakFile: Registered encryption key '00000000000000000000000000000000': 0 pak files mounted, 0 remain pending
[2018.12.08-08.35.44:699][  0]LogPakFile: Registered encryption key '00000000000000000000000000000000': 0 pak files mounted, 0 remain pending
[2018.12.08-08.35.44:701][  0]LogPakFile: Registered encryption key '00000000000000000000000000000000': 0 pak files mounted, 0 remain pending
[2018.12.08-08.35.44:705][  0]LogPakFile: Registered encryption key '00000000000000000000000000000000': 0 pak files mounted, 0 remain pending
[2018.12.08-08.35.44:708][  0]LogPakFile: Registered encryption key '00000000000000000000000000000000': 0 pak files mounted, 0 remain pending
[2018.12.08-08.35.44:711][  0]LogPakFile: Registered encryption key '00000000000000000000000000000000': 0 pak files mounted, 0 remain pending
[2018.12.08-08.35.44:716][  0]LogPakFile: Registered encryption key '00000000000000000000000000000000': 0 pak files mounted, 0 remain pending
[2018.12.08-08.35.44:719][  0]LogPakFile: Registered encryption key '00000000000000000000000000000000': 0 pak files mounted, 0 remain pending
[2018.12.08-08.35.44:723][  0]LogPakFile: Registered encryption key '00000000000000000000000000000000': 0 pak files mounted, 0 remain pending
[2018.12.08-08.35.44:726][  0]LogPakFile: Registered encryption key '00000000000000000000000000000000': 0 pak files mounted, 0 remain pending
[2018.12.08-08.35.44:730][  0]LogPakFile: Registered encryption key '00000000000000000000000000000000': 0 pak files mounted, 0 remain pending
[2018.12.08-08.35.44:733][  0]LogPakFile: Registered encryption key '00000000000000000000000000000000': 0 pak files mounted, 0 remain pending
[2018.12.08-08.35.44:738][  0]LogPakFile: Registered encryption key '00000000000000000000000000000000': 0 pak files mounted, 0 remain pending
[2018.12.08-08.35.44:742][  0]LogPakFile: Registered encryption key '00000000000000000000000000000000': 0 pak files mounted, 0 remain pending
[2018.12.08-08.35.44:768][  0]LogPakFile: Registered encryption key '00000000000000000000000000000000': 0 pak files mounted, 0 remain pending
[2018.12.08-08.35.44:772][  0]LogPakFile: Registered encryption key '00000000000000000000000000000000': 0 pak files mounted, 0 remain pending
[2018.12.08-08.35.44:775][  0]LogPakFile: Registered encryption key '00000000000000000000000000000000': 0 pak files mounted, 0 remain pending
[2018.12.08-08.35.44:779][  0]LogPakFile: Registered encryption key '00000000000000000000000000000000': 0 pak files mounted, 0 remain pending
[2018.12.08-08.35.44:811][  0]LogPakFile: Registered encryption key '00000000000000000000000000000000': 0 pak files mounted, 0 remain pending
[2018.12.08-08.35.44:815][  0]LogPakFile: Registered encryption key '00000000000000000000000000000000': 0 pak files mounted, 0 remain pending
[2018.12.08-08.35.44:819][  0]LogPakFile: Registered encryption key '00000000000000000000000000000000': 0 pak files mounted, 0 remain pending
[2018.12.08-08.35.44:821][  0]LogPakFile: Registered encryption key '00000000000000000000000000000000': 0 pak files mounted, 0 remain pending
[2018.12.08-08.35.44:824][  0]LogPakFile: Registered encryption key '00000000000000000000000000000000': 0 pak files mounted, 0 remain pending
[2018.12.08-08.35.44:827][  0]LogPakFile: Registered encryption key '00000000000000000000000000000000': 0 pak files mounted, 0 remain pending
[2018.12.08-08.35.44:911][  0]LogContentBrowser: Native class hierarchy updated for 'AddContentDialog' in 0.0003 seconds. Added 0 classes and 0 folders.
[2018.12.08-08.35.44:956][  0]LogContentBrowser: Native class hierarchy updated for 'SceneOutliner' in 0.0003 seconds. Added 1 classes and 2 folders.
[2018.12.08-08.35.44:968][  0]LogSlate: Took 0.000133 seconds to synchronously load lazily loaded font '../../../Engine/Content/Slate/Fonts/Roboto-Regular.ttf' (155K)
[2018.12.08-08.35.44:970][  0]LogSlate: Took 0.000115 seconds to synchronously load lazily loaded font '../../../Engine/Content/Slate/Fonts/Roboto-Bold.ttf' (160K)
[2018.12.08-08.35.44:978][  0]LogSlate: Took 0.004408 seconds to synchronously load lazily loaded font '../../../Engine/Content/Editor/Slate/Fonts/FontAwesome.ttf' (139K)
[2018.12.08-08.35.45:075][  0]LogRenderer: Reallocating scene render targets to support 1208x576 Format 10 NumSamples 1 (Frame:1).
[2018.12.08-08.35.45:114][  0]LogSlate: Took 0.003219 seconds to synchronously load lazily loaded font '../../../Engine/Content/Slate/Fonts/Roboto-Light.ttf' (167K)
[2018.12.08-08.35.45:194][  0]LogContentBrowser: Native class hierarchy updated for 'HierarchicalLODOutliner' in 0.0003 seconds. Added 0 classes and 0 folders.
[2018.12.08-08.35.45:194][  0]LogLoad: (Engine Initialization) Total time: 6.78 seconds
[2018.12.08-08.35.45:194][  0]LogLoad: (Engine Initialization) Total Blueprint compile time: 0.00 seconds
[2018.12.08-08.35.45:205][  0]LogWindowsTextInputMethodSystem: Display: IME system now deactivated.
[2018.12.08-08.35.45:251][  0]LogContentStreaming: Texture pool size now 1000 MB
[2018.12.08-08.35.45:302][  1]LogAssetRegistry: Asset discovery search completed in 4.0381 seconds
[2018.12.08-08.35.45:303][  1]LogCollectionManager: Rebuilt the object cache for 0 collections in 0.000000 seconds (found 0 objects)
[2018.12.08-08.35.45:303][  1]LogCollectionManager: Fixed up redirectors for 0 collections in 0.000035 seconds (updated 0 objects)
[2018.12.08-08.36.17:701][349]LogSlate: FSceneViewport::OnFocusLost() reason 0
[2018.12.08-08.36.17:902][353]LogActorFactory: Actor Factory created SM_Rock
[2018.12.08-08.36.19:286][518]LogActorFactory: Actor Factory created SM_Rock
[2018.12.08-08.36.28:577][614]LogSlate: FSceneViewport::OnFocusLost() reason 0
[2018.12.08-08.36.28:644][622]LogTemp: Repeating last play command: Selected Viewport
[2018.12.08-08.36.28:653][622]LogBlueprintUserMessages: Early PlayInEditor Detection: Level '/Game/NewMap.NewMap:PersistentLevel' has LevelScriptBlueprint '/Game/NewMap.NewMap:PersistentLevel.NewMap' with GeneratedClass '/Game/NewMap.NewMap_C' with ClassGeneratedBy '/Game/NewMap.NewMap:PersistentLevel.NewMap'
[2018.12.08-08.36.28:653][622]LogPlayLevel: PlayLevel: No blueprints needed recompiling
[2018.12.08-08.36.28:654][622]PIE: New page: PIE session: NewMap (08 Dec 2018, 12:36:28 PM)
[2018.12.08-08.36.28:665][622]LogPlayLevel: Creating play world package: /Game/UEDPIE_0_NewMap
[2018.12.08-08.36.28:667][622]LogPlayLevel: PIE: StaticDuplicateObject took: (0.001809s)
[2018.12.08-08.36.28:667][622]LogAIModule: Creating AISystem for world NewMap
[2018.12.08-08.36.28:667][622]LogPlayLevel: PIE: World Init took: (0.000540s)
[2018.12.08-08.36.28:667][622]LogPlayLevel: PIE: Created PIE world by copying editor world from /Game/NewMap.NewMap to /Game/UEDPIE_0_NewMap.NewMap (0.002530s)
[2018.12.08-08.36.28:710][622]LogInit: XAudio2 using 'Speakers (Samson Meteor Mic)' : 2 channels at 48 kHz using 16 bits per sample (channel mask 0x3)
[2018.12.08-08.36.28:718][622]LogInit: FAudioDevice initialized.
[2018.12.08-08.36.28:758][622]LogUObjectGlobals: Warning: Failed to find object 'Class /Script/BuildingEscape.BuildingEscapeGameMode'
[2018.12.08-08.36.28:758][622]LogLoad: Game class is 'GameModeBase'
[2018.12.08-08.36.28:759][622]LogWorld: Bringing World /Game/UEDPIE_0_NewMap.NewMap up for play (max tick rate 0) at 2018.12.08-10.36.28
[2018.12.08-08.36.28:759][622]LogWorld: Bringing up level for play took: 0.000530
[2018.12.08-08.36.28:784][622]LogContentBrowser: Native class hierarchy updated for 'MovieSceneCapture' in 0.0003 seconds. Added 20 classes and 0 folders.
[2018.12.08-08.36.28:785][622]PIE: Play in editor start time for /Game/UEDPIE_0_NewMap -0,191
[2018.12.08-08.36.28:785][622]LogBlueprintUserMessages: Late PlayInEditor Detection: Level '/Game/NewMap.NewMap:PersistentLevel' has LevelScriptBlueprint '/Game/NewMap.NewMap:PersistentLevel.NewMap' with GeneratedClass '/Game/NewMap.NewMap_C' with ClassGeneratedBy '/Game/NewMap.NewMap:PersistentLevel.NewMap'
[2018.12.08-08.36.37:214][629]LogBlueprintUserMessages: Early EndPlayMap Detection: Level '/Game/NewMap.NewMap:PersistentLevel' has LevelScriptBlueprint '/Game/NewMap.NewMap:PersistentLevel.NewMap' with GeneratedClass '/Game/NewMap.NewMap_C' with ClassGeneratedBy '/Game/NewMap.NewMap:PersistentLevel.NewMap'
[2018.12.08-08.36.37:215][629]LogSlate: Updating window title bar state: overlay mode, drag disabled, window buttons hidden, title bar hidden
[2018.12.08-08.36.37:245][629]LogPlayLevel: Display: Shutting down PIE online subsystems
[2018.12.08-08.36.37:246][629]LogBlueprintUserMessages: Late EndPlayMap Detection: Level '/Game/NewMap.NewMap:PersistentLevel' has LevelScriptBlueprint '/Game/NewMap.NewMap:PersistentLevel.NewMap' with GeneratedClass '/Game/NewMap.NewMap_C' with ClassGeneratedBy '/Game/NewMap.NewMap:PersistentLevel.NewMap'
[2018.12.08-08.36.37:266][629]LogSlate: Updating window title bar state: overlay mode, drag disabled, window buttons hidden, title bar hidden
[2018.12.08-08.36.37:315][634]LogPlayLevel: Display: Destroying online subsystem :Context_3
[2018.12.08-08.37.54:281][851]LogEditorViewport: Clicking on Actor (LMB): PlayerStart (Player Start)
[2018.12.08-08.37.54:904][903]LogEditorViewport: Clicking on Actor (context menu): StaticMeshActor (SM_Chair)
[2018.12.08-08.37.54:944][903]LogSlate: FSceneViewport::OnFocusLost() reason 2
[2018.12.08-08.37.55:535][971]LogEditorViewport: Clicking on Actor (LMB): StaticMeshActor (SM_Chair2)
[2018.12.08-08.38.02:530][790]LogSlate: Took 0.003496 seconds to synchronously load lazily loaded font '../../../Engine/Content/Slate/Fonts/Roboto-Italic.ttf' (157K)
[2018.12.08-08.38.23:799][329]LogSlate: FSceneViewport::OnFocusLost() reason 2
[2018.12.08-08.38.38:020][ 19]LogSlate: FSceneViewport::OnFocusLost() reason 2
[2018.12.08-08.38.38:027][ 19]LogSlate: Took 0.000126 seconds to synchronously load lazily loaded font '../../../Engine/Content/Slate/Fonts/Roboto-Light.ttf' (167K)
[2018.12.08-08.38.38:064][ 19]LogSlate: FSceneViewport::OnFocusLost() reason 2
[2018.12.08-08.38.47:852][ 72]LogSlate: FSceneViewport::OnFocusLost() reason 2
[2018.12.08-08.38.47:859][ 72]LogSlate: Prevented a slow task dialog from being summoned while a context menu was open
[2018.12.08-08.40.22:323][382]LogSlate: Window 'Class Viewer' being destroyed
[2018.12.08-08.40.22:327][382]LogSlate: Window 'Class Viewer' being destroyed
[2018.12.08-08.40.23:410][512]LogEditorViewport: Clicking on Actor (LMB): StaticMeshActor (SM_Chair2)
[2018.12.08-08.40.27:643][ 11]LogSlate: FSceneViewport::OnFocusLost() reason 2
[2018.12.08-08.40.31:240][432]LogSlate: FSceneViewport::OnFocusLost() reason 2
[2018.12.08-08.40.31:268][432]LogSlate: Took 0.007713 seconds to synchronously load lazily loaded font '../../../Engine/Content/Slate/Fonts/Roboto-BoldCondensed.ttf' (158K)
[2018.12.08-08.40.53:259][432]Running H:/UE_4.21/Engine/Binaries/DotNET/UnrealBuildTool.exe  -projectfiles -project="H:/Git/Unreal-CPlusPlus-Journey/BuildingEscape/BuildingEscape.uproject" -game -rocket -progress
[2018.12.08-08.40.53:567][432]Discovering modules, targets and source code for project...
[2018.12.08-08.40.56:783][432]Binding IntelliSense data...
[2018.12.08-08.40.58:999][432]Binding IntelliSense data... 100%
[2018.12.08-08.40.58:999][432]Writing project files...
[2018.12.08-08.41.02:725][432]Writing project files... 100%
[2018.12.08-08.41.02:869][432]LogVSAccessor: Warning: Couldn't access Visual Studio
[2018.12.08-08.41.02:895][432]Candidate modules for hot reload:
[2018.12.08-08.41.02:895][432]  BuildingEscape
[2018.12.08-08.41.02:895][432]Launching UnrealBuildTool... [H:/UE_4.21/Engine/Binaries/DotNET/UnrealBuildTool.exe  -ModuleWithSuffix=BuildingEscape,1412 Win64 Development -TargetType=Editor -Project="../../../../Git/Unreal-CPlusPlus-Journey/BuildingEscape/BuildingEscape.uproject" -canskiplink "H:/Git/Unreal-CPlusPlus-Journey/BuildingEscape/BuildingEscape.uproject" ]
[2018.12.08-08.43.55:023][432]CompilerResultsLog: New page: Compilation - 08 Dec 2018, 12:43:55 PM
[2018.12.08-08.43.55:052][432]CompilerResultsLog: Performing full C++ include scan (hot reloading a new target)
[2018.12.08-08.43.55:052][432]CompilerResultsLog: Using 'git status' to determine working set for adaptive non-unity build (H:\Git\Unreal-CPlusPlus-Journey).
[2018.12.08-08.43.55:052][432]CompilerResultsLog: Creating makefile for hot reloading BuildingEscapeEditor (no existing makefile)
[2018.12.08-08.43.55:052][432]CompilerResultsLog: Compiling game modules for hot reload
[2018.12.08-08.43.55:052][432]CompilerResultsLog: Using Visual Studio 2017 14.16.27023 toolchain (C:\Program Files (x86)\Microsoft Visual Studio\2017\Professional\VC\Tools\MSVC\14.16.27023) and Windows 10.0.17763.0 SDK (C:\Program Files (x86)\Windows Kits\10).
[2018.12.08-08.43.55:052][432]CompilerResultsLog: Parsing headers for BuildingEscapeEditor
[2018.12.08-08.43.55:052][432]CompilerResultsLog:   Running UnrealHeaderTool "H:\Git\Unreal-CPlusPlus-Journey\BuildingEscape\BuildingEscape.uproject" "H:\Git\Unreal-CPlusPlus-Journey\BuildingEscape\Intermediate\Build\Win64\BuildingEscapeEditor\Development\BuildingEscapeEditor.uhtmanifest" -LogCmds="loginit warning, logexit warning, logdatabase error" -Unattended -WarningsAsErrors -installed
[2018.12.08-08.43.55:052][432]CompilerResultsLog: Reflection code generated for BuildingEscapeEditor in 7,9880485 seconds
[2018.12.08-08.43.55:052][432]CompilerResultsLog: Building 8 actions with 6 processes...
[2018.12.08-08.43.55:052][432]CompilerResultsLog:   [1/8] BuildingEscape.cpp
[2018.12.08-08.43.55:052][432]CompilerResultsLog:   [2/8] PositionReporter.cpp
[2018.12.08-08.43.55:052][432]CompilerResultsLog:   [3/8] BuildingEscape.init.gen.cpp
[2018.12.08-08.43.55:052][432]CompilerResultsLog:   [4/8] PositionReporter.gen.cpp
[2018.12.08-08.43.55:052][432]CompilerResultsLog:   [5/8] BuildingEscapeGameModeBase.cpp
[2018.12.08-08.43.55:052][432]CompilerResultsLog:   [6/8] BuildingEscapeGameModeBase.gen.cpp
[2018.12.08-08.43.55:052][432]CompilerResultsLog:   [7/8] UE4Editor-BuildingEscape-1412.lib
[2018.12.08-08.43.55:052][432]CompilerResultsLog:      Creating library H:\Git\Unreal-CPlusPlus-Journey\BuildingEscape\Intermediate\Build\Win64\UE4Editor\Development\BuildingEscape\UE4Editor-BuildingEscape-1412.lib and object H:\Git\Unreal-CPlusPlus-Journey\BuildingEscape\Intermediate\Build\Win64\UE4Editor\Development\BuildingEscape\UE4Editor-BuildingEscape-1412.exp
[2018.12.08-08.43.55:052][432]CompilerResultsLog:   [8/8] UE4Editor-BuildingEscape-1412.dll
[2018.12.08-08.43.55:052][432]CompilerResultsLog:      Creating library H:\Git\Unreal-CPlusPlus-Journey\BuildingEscape\Intermediate\Build\Win64\UE4Editor\Development\BuildingEscape\UE4Editor-BuildingEscape-1412.suppressed.lib and object H:\Git\Unreal-CPlusPlus-Journey\BuildingEscape\Intermediate\Build\Win64\UE4Editor\Development\BuildingEscape\UE4Editor-BuildingEscape-1412.suppressed.exp
[2018.12.08-08.43.55:052][432]CompilerResultsLog: Total build time: 171,92 seconds (Parallel executor: 137,57 seconds)
[2018.12.08-08.43.55:058][432]LogMainFrame: MainFrame: Module compiling took 172.190 seconds
[2018.12.08-08.43.55:110][432]LogClass: Could not find existing class PositionReporter in package /Script/BuildingEscape for HotReload, assuming new class
[2018.12.08-08.43.55:113][432]LogContentBrowser: Native class hierarchy updated for 'BuildingEscape' in 0.0003 seconds. Added 2 classes and 2 folders.
[2018.12.08-08.43.55:114][432]Display: HotReload successful (0 functions remapped  0 scriptstructs remapped)
[2018.12.08-08.43.55:245][432]LogContentBrowser: Native class hierarchy populated in 0.0066 seconds. Added 2654 classes and 624 folders.
[2018.12.08-08.43.55:307][432]Display: HotReload took 172.4s.
[2018.12.08-08.43.55:309][432]Warning: HotReload operation took 172.4s.
[2018.12.08-08.43.55:362][432]LogSlate: Window 'Add C++ Component' being destroyed
[2018.12.08-08.43.55:401][432]LogHotReload: New module detected: UE4Editor-BuildingEscape-1412.dll
[2018.12.08-08.43.55:431][432]LogSlate: FSceneViewport::OnFocusLost() reason 2
[2018.12.08-08.43.55:474][433]LogHotReload: Starting Hot-Reload from IDE
[2018.12.08-08.43.55:512][433]LogContentBrowser: Native class hierarchy updated for 'BuildingEscape' in 0.0003 seconds. Added 2 classes and 2 folders.
[2018.12.08-08.43.55:513][433]Display: HotReload successful (0 functions remapped  0 scriptstructs remapped)
[2018.12.08-08.43.55:542][433]LogContentBrowser: Native class hierarchy populated in 0.0071 seconds. Added 2654 classes and 624 folders.
[2018.12.08-08.43.55:544][433]Display: HotReload took  0.1s.
[2018.12.08-08.43.55:551][433]LogUnrealEdMisc: Warning: Heartbeat event firing too frequently (0.000 sec). This should never happen. Something is wrong with the timer delegate!
[2018.12.08-08.43.55:551][433]LogUnrealEdMisc: Warning: Heartbeat event firing too frequently (0.000 sec). This should never happen. Something is wrong with the timer delegate!
[2018.12.08-08.43.55:551][433]LogUnrealEdMisc: Warning: Heartbeat event firing too frequently (0.000 sec). This should never happen. Something is wrong with the timer delegate!
[2018.12.08-08.44.45:511][546]LogUnrealEdMisc: Warning: Heartbeat event firing too frequently (49.960 sec). This should never happen. Something is wrong with the timer delegate!
[2018.12.08-08.49.18:611][362]Cmd: OBJ SAVEPACKAGE PACKAGE="/Game/NewMap" FILE="../../../../Git/Unreal-CPlusPlus-Journey/BuildingEscape/Saved/Autosaves/Game/NewMap_Auto1.umap" SILENT=true AUTOSAVING=true KEEPDIRTY=false
[2018.12.08-08.49.18:699][362]LogSavePackage: Moving '../../../../Git/Unreal-CPlusPlus-Journey/BuildingEscape/Saved/NewMap_Auto14F5B6BD14A723804EF4D5DA4F3B2D577.tmp' to '../../../../Git/Unreal-CPlusPlus-Journey/BuildingEscape/Saved/Autosaves/Game/NewMap_Auto1.umap'
[2018.12.08-08.49.18:711][362]LogFileHelpers: Editor autosave (incl. sublevels) for '/Game/NewMap' took 0.128
[2018.12.08-08.49.18:711][362]LogFileHelpers: Editor autosave (incl. sublevels) for all levels took 0.128
[2018.12.08-10.38.37:091][165]LogSlate: FSceneViewport::OnFocusLost() reason 2
[2018.12.08-10.38.53:274][ 65]LogSlate: Window 'Class Viewer' being destroyed
[2018.12.08-10.38.53:278][ 65]LogSlate: Window 'Class Viewer' being destroyed
[2018.12.08-10.42.08:355][245]LogSlate: Only BGRA pngs, bmps or icos are supported in by External Image Picker
[2018.12.08-10.42.08:414][246]LogTemp: Executing iPhonePackager certificates Engine -bundlename com.YourCompany.BuildingEscape
[2018.12.08-10.42.08:415][246]LogTemp: CWD: H:\UE_4.21\Engine\Binaries\DotNET\IOS
[2018.12.08-10.42.08:415][246]LogTemp: Initial Dir: H:\UE_4.21
[2018.12.08-10.42.08:415][246]LogTemp: Env CWD: H:\UE_4.21\Engine\Binaries\DotNET\IOS
[2018.12.08-10.42.08:415][246]LogTemp: BranchPath = DESKTOP-ABPA82O/H/UE_4.21/Engine/Binaries --- GameBranchPath = DESKTOP-ABPA82O/H/UE_4.21/Engine/Binaries
[2018.12.08-10.42.08:415][246]LogTemp: IPP ERROR: Could not find provision directory 'C:\Users\ThaneAcheron\AppData\Local/Apple Computer/MobileDevice/Provisioning Profiles/'.
[2018.12.08-10.42.22:999][971]LogSlate: Window 'Project Settings' being destroyed
[2018.12.08-10.42.23:002][971]LogSlate: Window 'Project Settings' being destroyed
[2018.12.08-10.42.31:876][544]LogSlate: Only BGRA pngs, bmps or icos are supported in by External Image Picker
[2018.12.08-10.42.31:939][546]LogTemp: Executing iPhonePackager certificates Engine -bundlename com.YourCompany.BuildingEscape
[2018.12.08-10.42.31:939][546]LogTemp: CWD: H:\UE_4.21\Engine\Binaries\DotNET\IOS
[2018.12.08-10.42.31:939][546]LogTemp: Initial Dir: H:\UE_4.21
[2018.12.08-10.42.31:939][546]LogTemp: Env CWD: H:\UE_4.21\Engine\Binaries\DotNET\IOS
[2018.12.08-10.42.31:939][546]LogTemp: BranchPath = DESKTOP-ABPA82O/H/UE_4.21/Engine/Binaries --- GameBranchPath = DESKTOP-ABPA82O/H/UE_4.21/Engine/Binaries
[2018.12.08-10.42.31:939][546]LogTemp: IPP ERROR: Could not find provision directory 'C:\Users\ThaneAcheron\AppData\Local/Apple Computer/MobileDevice/Provisioning Profiles/'.
[2018.12.08-10.43.02:557][674]LogSlate: Window 'Project Settings' being destroyed
[2018.12.08-10.43.02:560][674]LogSlate: Window 'Project Settings' being destroyed
[2018.12.08-10.46.56:158][363]LogHttp: Warning: 00000259B8260680: request failed, libcurl error: 6 (Couldn't resolve host name)
[2018.12.08-10.46.56:158][363]LogHttp: Warning: 00000259B8260680: libcurl info message cache 0 (Connection 57 seems to be dead!)
[2018.12.08-10.46.56:158][363]LogHttp: Warning: 00000259B8260680: libcurl info message cache 1 (Closing connection 57)
[2018.12.08-10.46.56:158][363]LogHttp: Warning: 00000259B8260680: libcurl info message cache 2 (TLSv1.2 (OUT), TLS alert, Client hello (1):)
[2018.12.08-10.46.56:158][363]LogHttp: Warning: 00000259B8260680: libcurl info message cache 3 (Could not resolve host: datarouter.ol.epicgames.com)
[2018.12.08-10.46.56:158][363]LogHttp: Warning: 00000259B8260680: libcurl info message cache 4 (Closing connection 58)
[2018.12.08-10.46.56:491][364]LogHttp: Warning: Retry exhausted on https://datarouter.ol.epicgames.com/datarouter/api/v1/public/data?SessionID=%7BE899D325-40A8-2317-AB1B-49B17491AD30%7D&AppID=UEEditor.Rocket.Release&AppVersion=4.21.0-4541578%2B%2B%2BUE4%2BRelease-4.21&UserID=6e77051649eb84e4effe66bb3302f572%7C3c7b2da6b655411a934b5194e8028df2%7C47aaa09f-cdc5-4370-a668-c2b5b2468652&AppEnvironment=datacollector-binary&UploadType=eteventstream
